[9.254s] DEBUG:colcon:Command line arguments: ['/usr/bin/colcon', 'build', '--symlink-install']
[9.254s] DEBUG:colcon:Parsed command line arguments: Namespace(log_base=None, log_level=None, verb_name='build', build_base='build', install_base='install', merge_install=False, symlink_install=True, test_result_base=None, continue_on_error=False, executor='parallel', parallel_workers=4, event_handlers=None, ignore_user_meta=False, metas=['./colcon.meta'], base_paths=['.'], packages_ignore=None, packages_ignore_regex=None, paths=None, packages_up_to=None, packages_up_to_regex=None, packages_above=None, packages_above_and_dependencies=None, packages_above_depth=None, packages_select_by_dep=None, packages_skip_by_dep=None, packages_skip_up_to=None, packages_select_build_failed=False, packages_skip_build_finished=False, packages_select_test_failures=False, packages_skip_test_passed=False, packages_select=None, packages_skip=None, packages_select_regex=None, packages_skip_regex=None, packages_start=None, packages_end=None, allow_overriding=[], cmake_args=None, cmake_target=None, cmake_target_skip_unavailable=False, cmake_clean_cache=False, cmake_clean_first=False, cmake_force_configure=False, ament_cmake_args=None, catkin_cmake_args=None, catkin_skip_building_tests=False, verb_parser=<colcon_defaults.argument_parser.defaults.DefaultArgumentsDecorator object at 0x7c0fc40ba0c0>, verb_extension=<colcon_core.verb.build.BuildVerb object at 0x7c0fc40b9eb0>, main=<bound method BuildVerb.main of <colcon_core.verb.build.BuildVerb object at 0x7c0fc40b9eb0>>)
[9.895s] Level 1:colcon.colcon_core.package_discovery:discover_packages(colcon_meta) check parameters
[9.896s] Level 1:colcon.colcon_core.package_discovery:discover_packages(recursive) check parameters
[9.896s] Level 1:colcon.colcon_core.package_discovery:discover_packages(ignore) check parameters
[9.896s] Level 1:colcon.colcon_core.package_discovery:discover_packages(path) check parameters
[9.896s] Level 1:colcon.colcon_core.package_discovery:discover_packages(colcon_meta) discover
[9.896s] Level 1:colcon.colcon_core.package_discovery:discover_packages(recursive) discover
[9.897s] INFO:colcon.colcon_core.package_discovery:Crawling recursively for packages in '/home/kamal/projects/nexus/ros2_ws'
[9.897s] Level 1:colcon.colcon_core.package_identification:_identify(.) by extensions ['ignore', 'ignore_ament_install']
[9.897s] Level 1:colcon.colcon_core.package_identification:_identify(.) by extension 'ignore'
[9.898s] Level 1:colcon.colcon_core.package_identification:_identify(.) by extension 'ignore_ament_install'
[9.898s] Level 1:colcon.colcon_core.package_identification:_identify(.) by extensions ['colcon_pkg']
[9.898s] Level 1:colcon.colcon_core.package_identification:_identify(.) by extension 'colcon_pkg'
[9.898s] Level 1:colcon.colcon_core.package_identification:_identify(.) by extensions ['colcon_meta']
[9.899s] Level 1:colcon.colcon_core.package_identification:_identify(.) by extension 'colcon_meta'
[9.899s] Level 1:colcon.colcon_core.package_identification:_identify(.) by extensions ['ros']
[9.899s] Level 1:colcon.colcon_core.package_identification:_identify(.) by extension 'ros'
[10.322s] Level 1:colcon.colcon_core.package_identification:_identify(.) by extensions ['cmake', 'python']
[10.322s] Level 1:colcon.colcon_core.package_identification:_identify(.) by extension 'cmake'
[10.323s] Level 1:colcon.colcon_core.package_identification:_identify(.) by extension 'python'
[10.323s] Level 1:colcon.colcon_core.package_identification:_identify(.) by extensions ['python_setup_py']
[10.323s] Level 1:colcon.colcon_core.package_identification:_identify(.) by extension 'python_setup_py'
[10.323s] Level 1:colcon.colcon_core.package_identification:_identify(build) by extensions ['ignore', 'ignore_ament_install']
[10.324s] Level 1:colcon.colcon_core.package_identification:_identify(build) by extension 'ignore'
[10.324s] Level 1:colcon.colcon_core.package_identification:_identify(build) ignored
[10.324s] Level 1:colcon.colcon_core.package_identification:_identify(install) by extensions ['ignore', 'ignore_ament_install']
[10.325s] Level 1:colcon.colcon_core.package_identification:_identify(install) by extension 'ignore'
[10.325s] Level 1:colcon.colcon_core.package_identification:_identify(install) ignored
[10.325s] Level 1:colcon.colcon_core.package_identification:_identify(log) by extensions ['ignore', 'ignore_ament_install']
[10.326s] Level 1:colcon.colcon_core.package_identification:_identify(log) by extension 'ignore'
[10.326s] Level 1:colcon.colcon_core.package_identification:_identify(log) ignored
[10.326s] Level 1:colcon.colcon_core.package_identification:_identify(src) by extensions ['ignore', 'ignore_ament_install']
[10.327s] Level 1:colcon.colcon_core.package_identification:_identify(src) by extension 'ignore'
[10.327s] Level 1:colcon.colcon_core.package_identification:_identify(src) by extension 'ignore_ament_install'
[10.328s] Level 1:colcon.colcon_core.package_identification:_identify(src) by extensions ['colcon_pkg']
[10.328s] Level 1:colcon.colcon_core.package_identification:_identify(src) by extension 'colcon_pkg'
[10.328s] Level 1:colcon.colcon_core.package_identification:_identify(src) by extensions ['colcon_meta']
[10.328s] Level 1:colcon.colcon_core.package_identification:_identify(src) by extension 'colcon_meta'
[10.328s] Level 1:colcon.colcon_core.package_identification:_identify(src) by extensions ['ros']
[10.328s] Level 1:colcon.colcon_core.package_identification:_identify(src) by extension 'ros'
[10.329s] Level 1:colcon.colcon_core.package_identification:_identify(src) by extensions ['cmake', 'python']
[10.329s] Level 1:colcon.colcon_core.package_identification:_identify(src) by extension 'cmake'
[10.329s] Level 1:colcon.colcon_core.package_identification:_identify(src) by extension 'python'
[10.329s] Level 1:colcon.colcon_core.package_identification:_identify(src) by extensions ['python_setup_py']
[10.329s] Level 1:colcon.colcon_core.package_identification:_identify(src) by extension 'python_setup_py'
[10.330s] Level 1:colcon.colcon_core.package_identification:_identify(src/nexus_robot) by extensions ['ignore', 'ignore_ament_install']
[10.330s] Level 1:colcon.colcon_core.package_identification:_identify(src/nexus_robot) by extension 'ignore'
[10.330s] Level 1:colcon.colcon_core.package_identification:_identify(src/nexus_robot) by extension 'ignore_ament_install'
[10.331s] Level 1:colcon.colcon_core.package_identification:_identify(src/nexus_robot) by extensions ['colcon_pkg']
[10.331s] Level 1:colcon.colcon_core.package_identification:_identify(src/nexus_robot) by extension 'colcon_pkg'
[10.331s] Level 1:colcon.colcon_core.package_identification:_identify(src/nexus_robot) by extensions ['colcon_meta']
[10.331s] Level 1:colcon.colcon_core.package_identification:_identify(src/nexus_robot) by extension 'colcon_meta'
[10.331s] Level 1:colcon.colcon_core.package_identification:_identify(src/nexus_robot) by extensions ['ros']
[10.331s] Level 1:colcon.colcon_core.package_identification:_identify(src/nexus_robot) by extension 'ros'
[10.332s] Level 1:colcon.colcon_core.package_identification:_identify(src/nexus_robot) by extensions ['cmake', 'python']
[10.332s] Level 1:colcon.colcon_core.package_identification:_identify(src/nexus_robot) by extension 'cmake'
[10.332s] Level 1:colcon.colcon_core.package_identification:_identify(src/nexus_robot) by extension 'python'
[10.332s] Level 1:colcon.colcon_core.package_identification:_identify(src/nexus_robot) by extensions ['python_setup_py']
[10.333s] Level 1:colcon.colcon_core.package_identification:_identify(src/nexus_robot) by extension 'python_setup_py'
[10.333s] Level 1:colcon.colcon_core.package_identification:_identify(src/nexus_robot/nexus_robot) by extensions ['ignore', 'ignore_ament_install']
[10.333s] Level 1:colcon.colcon_core.package_identification:_identify(src/nexus_robot/nexus_robot) by extension 'ignore'
[10.334s] Level 1:colcon.colcon_core.package_identification:_identify(src/nexus_robot/nexus_robot) by extension 'ignore_ament_install'
[10.334s] Level 1:colcon.colcon_core.package_identification:_identify(src/nexus_robot/nexus_robot) by extensions ['colcon_pkg']
[10.334s] Level 1:colcon.colcon_core.package_identification:_identify(src/nexus_robot/nexus_robot) by extension 'colcon_pkg'
[10.334s] Level 1:colcon.colcon_core.package_identification:_identify(src/nexus_robot/nexus_robot) by extensions ['colcon_meta']
[10.334s] Level 1:colcon.colcon_core.package_identification:_identify(src/nexus_robot/nexus_robot) by extension 'colcon_meta'
[10.334s] Level 1:colcon.colcon_core.package_identification:_identify(src/nexus_robot/nexus_robot) by extensions ['ros']
[10.334s] Level 1:colcon.colcon_core.package_identification:_identify(src/nexus_robot/nexus_robot) by extension 'ros'
[10.335s] Level 1:colcon.colcon_core.package_identification:_identify(src/nexus_robot/nexus_robot) by extensions ['cmake', 'python']
[10.335s] Level 1:colcon.colcon_core.package_identification:_identify(src/nexus_robot/nexus_robot) by extension 'cmake'
[10.335s] Level 1:colcon.colcon_core.package_identification:_identify(src/nexus_robot/nexus_robot) by extension 'python'
[10.335s] Level 1:colcon.colcon_core.package_identification:_identify(src/nexus_robot/nexus_robot) by extensions ['python_setup_py']
[10.335s] Level 1:colcon.colcon_core.package_identification:_identify(src/nexus_robot/nexus_robot) by extension 'python_setup_py'
[10.336s] Level 1:colcon.colcon_core.package_identification:_identify(src/unitree_go2_ros2) by extensions ['ignore', 'ignore_ament_install']
[10.336s] Level 1:colcon.colcon_core.package_identification:_identify(src/unitree_go2_ros2) by extension 'ignore'
[10.336s] Level 1:colcon.colcon_core.package_identification:_identify(src/unitree_go2_ros2) by extension 'ignore_ament_install'
[10.336s] Level 1:colcon.colcon_core.package_identification:_identify(src/unitree_go2_ros2) by extensions ['colcon_pkg']
[10.337s] Level 1:colcon.colcon_core.package_identification:_identify(src/unitree_go2_ros2) by extension 'colcon_pkg'
[10.337s] Level 1:colcon.colcon_core.package_identification:_identify(src/unitree_go2_ros2) by extensions ['colcon_meta']
[10.337s] Level 1:colcon.colcon_core.package_identification:_identify(src/unitree_go2_ros2) by extension 'colcon_meta'
[10.337s] Level 1:colcon.colcon_core.package_identification:_identify(src/unitree_go2_ros2) by extensions ['ros']
[10.337s] Level 1:colcon.colcon_core.package_identification:_identify(src/unitree_go2_ros2) by extension 'ros'
[10.337s] Level 1:colcon.colcon_core.package_identification:_identify(src/unitree_go2_ros2) by extensions ['cmake', 'python']
[10.338s] Level 1:colcon.colcon_core.package_identification:_identify(src/unitree_go2_ros2) by extension 'cmake'
[10.338s] Level 1:colcon.colcon_core.package_identification:_identify(src/unitree_go2_ros2) by extension 'python'
[10.338s] Level 1:colcon.colcon_core.package_identification:_identify(src/unitree_go2_ros2) by extensions ['python_setup_py']
[10.338s] Level 1:colcon.colcon_core.package_identification:_identify(src/unitree_go2_ros2) by extension 'python_setup_py'
[10.338s] Level 1:colcon.colcon_core.package_identification:_identify(src/unitree_go2_ros2/champ) by extensions ['ignore', 'ignore_ament_install']
[10.339s] Level 1:colcon.colcon_core.package_identification:_identify(src/unitree_go2_ros2/champ) by extension 'ignore'
[10.339s] Level 1:colcon.colcon_core.package_identification:_identify(src/unitree_go2_ros2/champ) by extension 'ignore_ament_install'
[10.339s] Level 1:colcon.colcon_core.package_identification:_identify(src/unitree_go2_ros2/champ) by extensions ['colcon_pkg']
[10.339s] Level 1:colcon.colcon_core.package_identification:_identify(src/unitree_go2_ros2/champ) by extension 'colcon_pkg'
[10.339s] Level 1:colcon.colcon_core.package_identification:_identify(src/unitree_go2_ros2/champ) by extensions ['colcon_meta']
[10.339s] Level 1:colcon.colcon_core.package_identification:_identify(src/unitree_go2_ros2/champ) by extension 'colcon_meta'
[10.340s] Level 1:colcon.colcon_core.package_identification:_identify(src/unitree_go2_ros2/champ) by extensions ['ros']
[10.340s] Level 1:colcon.colcon_core.package_identification:_identify(src/unitree_go2_ros2/champ) by extension 'ros'
[10.367s] DEBUG:colcon.colcon_core.package_identification:Package 'src/unitree_go2_ros2/champ' with type 'ros.ament_cmake' and name 'champ'
[10.368s] Level 1:colcon.colcon_core.package_identification:_identify(src/unitree_go2_ros2/champ_base) by extensions ['ignore', 'ignore_ament_install']
[10.368s] Level 1:colcon.colcon_core.package_identification:_identify(src/unitree_go2_ros2/champ_base) by extension 'ignore'
[10.368s] Level 1:colcon.colcon_core.package_identification:_identify(src/unitree_go2_ros2/champ_base) by extension 'ignore_ament_install'
[10.368s] Level 1:colcon.colcon_core.package_identification:_identify(src/unitree_go2_ros2/champ_base) by extensions ['colcon_pkg']
[10.369s] Level 1:colcon.colcon_core.package_identification:_identify(src/unitree_go2_ros2/champ_base) by extension 'colcon_pkg'
[10.369s] Level 1:colcon.colcon_core.package_identification:_identify(src/unitree_go2_ros2/champ_base) by extensions ['colcon_meta']
[10.369s] Level 1:colcon.colcon_core.package_identification:_identify(src/unitree_go2_ros2/champ_base) by extension 'colcon_meta'
[10.369s] Level 1:colcon.colcon_core.package_identification:_identify(src/unitree_go2_ros2/champ_base) by extensions ['ros']
[10.369s] Level 1:colcon.colcon_core.package_identification:_identify(src/unitree_go2_ros2/champ_base) by extension 'ros'
[10.375s] DEBUG:colcon.colcon_core.package_identification:Package 'src/unitree_go2_ros2/champ_base' with type 'ros.ament_cmake' and name 'champ_base'
[10.376s] Level 1:colcon.colcon_core.package_identification:_identify(src/unitree_go2_ros2/champ_msgs) by extensions ['ignore', 'ignore_ament_install']
[10.376s] Level 1:colcon.colcon_core.package_identification:_identify(src/unitree_go2_ros2/champ_msgs) by extension 'ignore'
[10.377s] Level 1:colcon.colcon_core.package_identification:_identify(src/unitree_go2_ros2/champ_msgs) by extension 'ignore_ament_install'
[10.377s] Level 1:colcon.colcon_core.package_identification:_identify(src/unitree_go2_ros2/champ_msgs) by extensions ['colcon_pkg']
[10.377s] Level 1:colcon.colcon_core.package_identification:_identify(src/unitree_go2_ros2/champ_msgs) by extension 'colcon_pkg'
[10.378s] Level 1:colcon.colcon_core.package_identification:_identify(src/unitree_go2_ros2/champ_msgs) by extensions ['colcon_meta']
[10.378s] Level 1:colcon.colcon_core.package_identification:_identify(src/unitree_go2_ros2/champ_msgs) by extension 'colcon_meta'
[10.378s] Level 1:colcon.colcon_core.package_identification:_identify(src/unitree_go2_ros2/champ_msgs) by extensions ['ros']
[10.378s] Level 1:colcon.colcon_core.package_identification:_identify(src/unitree_go2_ros2/champ_msgs) by extension 'ros'
[10.395s] DEBUG:colcon.colcon_core.package_identification:Package 'src/unitree_go2_ros2/champ_msgs' with type 'ros.ament_cmake' and name 'champ_msgs'
[10.395s] Level 1:colcon.colcon_core.package_identification:_identify(src/unitree_go2_ros2/docs) by extensions ['ignore', 'ignore_ament_install']
[10.396s] Level 1:colcon.colcon_core.package_identification:_identify(src/unitree_go2_ros2/docs) by extension 'ignore'
[10.396s] Level 1:colcon.colcon_core.package_identification:_identify(src/unitree_go2_ros2/docs) by extension 'ignore_ament_install'
[10.396s] Level 1:colcon.colcon_core.package_identification:_identify(src/unitree_go2_ros2/docs) by extensions ['colcon_pkg']
[10.396s] Level 1:colcon.colcon_core.package_identification:_identify(src/unitree_go2_ros2/docs) by extension 'colcon_pkg'
[10.397s] Level 1:colcon.colcon_core.package_identification:_identify(src/unitree_go2_ros2/docs) by extensions ['colcon_meta']
[10.397s] Level 1:colcon.colcon_core.package_identification:_identify(src/unitree_go2_ros2/docs) by extension 'colcon_meta'
[10.397s] Level 1:colcon.colcon_core.package_identification:_identify(src/unitree_go2_ros2/docs) by extensions ['ros']
[10.397s] Level 1:colcon.colcon_core.package_identification:_identify(src/unitree_go2_ros2/docs) by extension 'ros'
[10.397s] Level 1:colcon.colcon_core.package_identification:_identify(src/unitree_go2_ros2/docs) by extensions ['cmake', 'python']
[10.398s] Level 1:colcon.colcon_core.package_identification:_identify(src/unitree_go2_ros2/docs) by extension 'cmake'
[10.398s] Level 1:colcon.colcon_core.package_identification:_identify(src/unitree_go2_ros2/docs) by extension 'python'
[10.398s] Level 1:colcon.colcon_core.package_identification:_identify(src/unitree_go2_ros2/docs) by extensions ['python_setup_py']
[10.398s] Level 1:colcon.colcon_core.package_identification:_identify(src/unitree_go2_ros2/docs) by extension 'python_setup_py'
[10.399s] Level 1:colcon.colcon_core.package_identification:_identify(src/unitree_go2_ros2/unitree_go2_description) by extensions ['ignore', 'ignore_ament_install']
[10.399s] Level 1:colcon.colcon_core.package_identification:_identify(src/unitree_go2_ros2/unitree_go2_description) by extension 'ignore'
[10.399s] Level 1:colcon.colcon_core.package_identification:_identify(src/unitree_go2_ros2/unitree_go2_description) by extension 'ignore_ament_install'
[10.399s] Level 1:colcon.colcon_core.package_identification:_identify(src/unitree_go2_ros2/unitree_go2_description) by extensions ['colcon_pkg']
[10.400s] Level 1:colcon.colcon_core.package_identification:_identify(src/unitree_go2_ros2/unitree_go2_description) by extension 'colcon_pkg'
[10.400s] Level 1:colcon.colcon_core.package_identification:_identify(src/unitree_go2_ros2/unitree_go2_description) by extensions ['colcon_meta']
[10.400s] Level 1:colcon.colcon_core.package_identification:_identify(src/unitree_go2_ros2/unitree_go2_description) by extension 'colcon_meta'
[10.400s] Level 1:colcon.colcon_core.package_identification:_identify(src/unitree_go2_ros2/unitree_go2_description) by extensions ['ros']
[10.400s] Level 1:colcon.colcon_core.package_identification:_identify(src/unitree_go2_ros2/unitree_go2_description) by extension 'ros'
[10.402s] DEBUG:colcon.colcon_core.package_identification:Package 'src/unitree_go2_ros2/unitree_go2_description' with type 'ros.ament_cmake' and name 'unitree_go2_description'
[10.403s] Level 1:colcon.colcon_core.package_identification:_identify(src/unitree_go2_ros2/unitree_go2_sim) by extensions ['ignore', 'ignore_ament_install']
[10.403s] Level 1:colcon.colcon_core.package_identification:_identify(src/unitree_go2_ros2/unitree_go2_sim) by extension 'ignore'
[10.403s] Level 1:colcon.colcon_core.package_identification:_identify(src/unitree_go2_ros2/unitree_go2_sim) by extension 'ignore_ament_install'
[10.404s] Level 1:colcon.colcon_core.package_identification:_identify(src/unitree_go2_ros2/unitree_go2_sim) by extensions ['colcon_pkg']
[10.404s] Level 1:colcon.colcon_core.package_identification:_identify(src/unitree_go2_ros2/unitree_go2_sim) by extension 'colcon_pkg'
[10.404s] Level 1:colcon.colcon_core.package_identification:_identify(src/unitree_go2_ros2/unitree_go2_sim) by extensions ['colcon_meta']
[10.404s] Level 1:colcon.colcon_core.package_identification:_identify(src/unitree_go2_ros2/unitree_go2_sim) by extension 'colcon_meta'
[10.404s] Level 1:colcon.colcon_core.package_identification:_identify(src/unitree_go2_ros2/unitree_go2_sim) by extensions ['ros']
[10.404s] Level 1:colcon.colcon_core.package_identification:_identify(src/unitree_go2_ros2/unitree_go2_sim) by extension 'ros'
[10.406s] DEBUG:colcon.colcon_core.package_identification:Package 'src/unitree_go2_ros2/unitree_go2_sim' with type 'ros.ament_cmake' and name 'unitree_go2_sim'
[10.406s] Level 1:colcon.colcon_core.package_discovery:discover_packages(recursive) using defaults
[10.407s] Level 1:colcon.colcon_core.package_discovery:discover_packages(ignore) discover
[10.407s] Level 1:colcon.colcon_core.package_discovery:discover_packages(ignore) using defaults
[10.407s] Level 1:colcon.colcon_core.package_discovery:discover_packages(path) discover
[10.407s] Level 1:colcon.colcon_core.package_discovery:discover_packages(path) using defaults
[10.941s] Level 1:colcon.colcon_core.package_discovery:discover_packages(prefix_path) check parameters
[10.942s] Level 1:colcon.colcon_core.package_discovery:discover_packages(prefix_path) discover
[11.067s] DEBUG:colcon.colcon_installed_package_information.package_discovery:Found 413 installed packages in /opt/ros/jazzy
[11.077s] Level 1:colcon.colcon_core.package_discovery:discover_packages(prefix_path) using defaults
[12.478s] Level 5:colcon.colcon_core.verb:set package 'champ' build argument 'cmake_args' from command line to 'None'
[12.478s] Level 5:colcon.colcon_core.verb:set package 'champ' build argument 'cmake_target' from command line to 'None'
[12.478s] Level 5:colcon.colcon_core.verb:set package 'champ' build argument 'cmake_target_skip_unavailable' from command line to 'False'
[12.478s] Level 5:colcon.colcon_core.verb:set package 'champ' build argument 'cmake_clean_cache' from command line to 'False'
[12.478s] Level 5:colcon.colcon_core.verb:set package 'champ' build argument 'cmake_clean_first' from command line to 'False'
[12.478s] Level 5:colcon.colcon_core.verb:set package 'champ' build argument 'cmake_force_configure' from command line to 'False'
[12.478s] Level 5:colcon.colcon_core.verb:set package 'champ' build argument 'ament_cmake_args' from command line to 'None'
[12.479s] Level 5:colcon.colcon_core.verb:set package 'champ' build argument 'catkin_cmake_args' from command line to 'None'
[12.479s] Level 5:colcon.colcon_core.verb:set package 'champ' build argument 'catkin_skip_building_tests' from command line to 'False'
[12.479s] DEBUG:colcon.colcon_core.verb:Building package 'champ' with the following arguments: {'ament_cmake_args': None, 'build_base': '/home/kamal/projects/nexus/ros2_ws/build/champ', 'catkin_cmake_args': None, 'catkin_skip_building_tests': False, 'cmake_args': None, 'cmake_clean_cache': False, 'cmake_clean_first': False, 'cmake_force_configure': False, 'cmake_target': None, 'cmake_target_skip_unavailable': False, 'install_base': '/home/kamal/projects/nexus/ros2_ws/install/champ', 'merge_install': False, 'path': '/home/kamal/projects/nexus/ros2_ws/src/unitree_go2_ros2/champ', 'symlink_install': True, 'test_result_base': None}
[12.480s] Level 5:colcon.colcon_core.verb:set package 'champ_msgs' build argument 'cmake_args' from command line to 'None'
[12.480s] Level 5:colcon.colcon_core.verb:set package 'champ_msgs' build argument 'cmake_target' from command line to 'None'
[12.481s] Level 5:colcon.colcon_core.verb:set package 'champ_msgs' build argument 'cmake_target_skip_unavailable' from command line to 'False'
[12.481s] Level 5:colcon.colcon_core.verb:set package 'champ_msgs' build argument 'cmake_clean_cache' from command line to 'False'
[12.481s] Level 5:colcon.colcon_core.verb:set package 'champ_msgs' build argument 'cmake_clean_first' from command line to 'False'
[12.481s] Level 5:colcon.colcon_core.verb:set package 'champ_msgs' build argument 'cmake_force_configure' from command line to 'False'
[12.481s] Level 5:colcon.colcon_core.verb:set package 'champ_msgs' build argument 'ament_cmake_args' from command line to 'None'
[12.481s] Level 5:colcon.colcon_core.verb:set package 'champ_msgs' build argument 'catkin_cmake_args' from command line to 'None'
[12.481s] Level 5:colcon.colcon_core.verb:set package 'champ_msgs' build argument 'catkin_skip_building_tests' from command line to 'False'
[12.481s] DEBUG:colcon.colcon_core.verb:Building package 'champ_msgs' with the following arguments: {'ament_cmake_args': None, 'build_base': '/home/kamal/projects/nexus/ros2_ws/build/champ_msgs', 'catkin_cmake_args': None, 'catkin_skip_building_tests': False, 'cmake_args': None, 'cmake_clean_cache': False, 'cmake_clean_first': False, 'cmake_force_configure': False, 'cmake_target': None, 'cmake_target_skip_unavailable': False, 'install_base': '/home/kamal/projects/nexus/ros2_ws/install/champ_msgs', 'merge_install': False, 'path': '/home/kamal/projects/nexus/ros2_ws/src/unitree_go2_ros2/champ_msgs', 'symlink_install': True, 'test_result_base': None}
[12.483s] Level 5:colcon.colcon_core.verb:set package 'unitree_go2_description' build argument 'cmake_args' from command line to 'None'
[12.483s] Level 5:colcon.colcon_core.verb:set package 'unitree_go2_description' build argument 'cmake_target' from command line to 'None'
[12.483s] Level 5:colcon.colcon_core.verb:set package 'unitree_go2_description' build argument 'cmake_target_skip_unavailable' from command line to 'False'
[12.483s] Level 5:colcon.colcon_core.verb:set package 'unitree_go2_description' build argument 'cmake_clean_cache' from command line to 'False'
[12.483s] Level 5:colcon.colcon_core.verb:set package 'unitree_go2_description' build argument 'cmake_clean_first' from command line to 'False'
[12.483s] Level 5:colcon.colcon_core.verb:set package 'unitree_go2_description' build argument 'cmake_force_configure' from command line to 'False'
[12.483s] Level 5:colcon.colcon_core.verb:set package 'unitree_go2_description' build argument 'ament_cmake_args' from command line to 'None'
[12.484s] Level 5:colcon.colcon_core.verb:set package 'unitree_go2_description' build argument 'catkin_cmake_args' from command line to 'None'
[12.484s] Level 5:colcon.colcon_core.verb:set package 'unitree_go2_description' build argument 'catkin_skip_building_tests' from command line to 'False'
[12.484s] DEBUG:colcon.colcon_core.verb:Building package 'unitree_go2_description' with the following arguments: {'ament_cmake_args': None, 'build_base': '/home/kamal/projects/nexus/ros2_ws/build/unitree_go2_description', 'catkin_cmake_args': None, 'catkin_skip_building_tests': False, 'cmake_args': None, 'cmake_clean_cache': False, 'cmake_clean_first': False, 'cmake_force_configure': False, 'cmake_target': None, 'cmake_target_skip_unavailable': False, 'install_base': '/home/kamal/projects/nexus/ros2_ws/install/unitree_go2_description', 'merge_install': False, 'path': '/home/kamal/projects/nexus/ros2_ws/src/unitree_go2_ros2/unitree_go2_description', 'symlink_install': True, 'test_result_base': None}
[12.485s] Level 5:colcon.colcon_core.verb:set package 'unitree_go2_sim' build argument 'cmake_args' from command line to 'None'
[12.485s] Level 5:colcon.colcon_core.verb:set package 'unitree_go2_sim' build argument 'cmake_target' from command line to 'None'
[12.485s] Level 5:colcon.colcon_core.verb:set package 'unitree_go2_sim' build argument 'cmake_target_skip_unavailable' from command line to 'False'
[12.485s] Level 5:colcon.colcon_core.verb:set package 'unitree_go2_sim' build argument 'cmake_clean_cache' from command line to 'False'
[12.485s] Level 5:colcon.colcon_core.verb:set package 'unitree_go2_sim' build argument 'cmake_clean_first' from command line to 'False'
[12.485s] Level 5:colcon.colcon_core.verb:set package 'unitree_go2_sim' build argument 'cmake_force_configure' from command line to 'False'
[12.486s] Level 5:colcon.colcon_core.verb:set package 'unitree_go2_sim' build argument 'ament_cmake_args' from command line to 'None'
[12.486s] Level 5:colcon.colcon_core.verb:set package 'unitree_go2_sim' build argument 'catkin_cmake_args' from command line to 'None'
[12.486s] Level 5:colcon.colcon_core.verb:set package 'unitree_go2_sim' build argument 'catkin_skip_building_tests' from command line to 'False'
[12.486s] DEBUG:colcon.colcon_core.verb:Building package 'unitree_go2_sim' with the following arguments: {'ament_cmake_args': None, 'build_base': '/home/kamal/projects/nexus/ros2_ws/build/unitree_go2_sim', 'catkin_cmake_args': None, 'catkin_skip_building_tests': False, 'cmake_args': None, 'cmake_clean_cache': False, 'cmake_clean_first': False, 'cmake_force_configure': False, 'cmake_target': None, 'cmake_target_skip_unavailable': False, 'install_base': '/home/kamal/projects/nexus/ros2_ws/install/unitree_go2_sim', 'merge_install': False, 'path': '/home/kamal/projects/nexus/ros2_ws/src/unitree_go2_ros2/unitree_go2_sim', 'symlink_install': True, 'test_result_base': None}
[12.487s] Level 5:colcon.colcon_core.verb:set package 'champ_base' build argument 'cmake_args' from command line to 'None'
[12.487s] Level 5:colcon.colcon_core.verb:set package 'champ_base' build argument 'cmake_target' from command line to 'None'
[12.487s] Level 5:colcon.colcon_core.verb:set package 'champ_base' build argument 'cmake_target_skip_unavailable' from command line to 'False'
[12.487s] Level 5:colcon.colcon_core.verb:set package 'champ_base' build argument 'cmake_clean_cache' from command line to 'False'
[12.487s] Level 5:colcon.colcon_core.verb:set package 'champ_base' build argument 'cmake_clean_first' from command line to 'False'
[12.487s] Level 5:colcon.colcon_core.verb:set package 'champ_base' build argument 'cmake_force_configure' from command line to 'False'
[12.487s] Level 5:colcon.colcon_core.verb:set package 'champ_base' build argument 'ament_cmake_args' from command line to 'None'
[12.488s] Level 5:colcon.colcon_core.verb:set package 'champ_base' build argument 'catkin_cmake_args' from command line to 'None'
[12.488s] Level 5:colcon.colcon_core.verb:set package 'champ_base' build argument 'catkin_skip_building_tests' from command line to 'False'
[12.488s] DEBUG:colcon.colcon_core.verb:Building package 'champ_base' with the following arguments: {'ament_cmake_args': None, 'build_base': '/home/kamal/projects/nexus/ros2_ws/build/champ_base', 'catkin_cmake_args': None, 'catkin_skip_building_tests': False, 'cmake_args': None, 'cmake_clean_cache': False, 'cmake_clean_first': False, 'cmake_force_configure': False, 'cmake_target': None, 'cmake_target_skip_unavailable': False, 'install_base': '/home/kamal/projects/nexus/ros2_ws/install/champ_base', 'merge_install': False, 'path': '/home/kamal/projects/nexus/ros2_ws/src/unitree_go2_ros2/champ_base', 'symlink_install': True, 'test_result_base': None}
[12.488s] INFO:colcon.colcon_core.executor:Executing jobs using 'parallel' executor
[12.492s] DEBUG:colcon.colcon_parallel_executor.executor.parallel:run_until_complete
[12.493s] INFO:colcon.colcon_ros.task.ament_cmake.build:Building ROS package in '/home/kamal/projects/nexus/ros2_ws/src/unitree_go2_ros2/champ' with build type 'ament_cmake'
[12.494s] INFO:colcon.colcon_cmake.task.cmake.build:Building CMake package in '/home/kamal/projects/nexus/ros2_ws/src/unitree_go2_ros2/champ'
[12.583s] INFO:colcon.colcon_core.plugin_system:Skipping extension 'colcon_core.shell.bat': Not used on non-Windows systems
[12.583s] INFO:colcon.colcon_core.shell:Skip shell extension 'powershell' for command environment: Not usable outside of PowerShell
[12.583s] DEBUG:colcon.colcon_core.shell:Skip shell extension 'dsv' for command environment
[12.617s] INFO:colcon.colcon_ros.task.ament_cmake.build:Building ROS package in '/home/kamal/projects/nexus/ros2_ws/src/unitree_go2_ros2/champ_msgs' with build type 'ament_cmake'
[12.617s] INFO:colcon.colcon_cmake.task.cmake.build:Building CMake package in '/home/kamal/projects/nexus/ros2_ws/src/unitree_go2_ros2/champ_msgs'
[12.619s] INFO:colcon.colcon_core.shell:Skip shell extension 'powershell' for command environment: Not usable outside of PowerShell
[12.619s] DEBUG:colcon.colcon_core.shell:Skip shell extension 'dsv' for command environment
[12.639s] INFO:colcon.colcon_ros.task.ament_cmake.build:Building ROS package in '/home/kamal/projects/nexus/ros2_ws/src/unitree_go2_ros2/unitree_go2_description' with build type 'ament_cmake'
[12.639s] INFO:colcon.colcon_cmake.task.cmake.build:Building CMake package in '/home/kamal/projects/nexus/ros2_ws/src/unitree_go2_ros2/unitree_go2_description'
[12.640s] INFO:colcon.colcon_core.shell:Skip shell extension 'powershell' for command environment: Not usable outside of PowerShell
[12.640s] DEBUG:colcon.colcon_core.shell:Skip shell extension 'dsv' for command environment
[12.654s] INFO:colcon.colcon_ros.task.ament_cmake.build:Building ROS package in '/home/kamal/projects/nexus/ros2_ws/src/unitree_go2_ros2/unitree_go2_sim' with build type 'ament_cmake'
[12.655s] INFO:colcon.colcon_cmake.task.cmake.build:Building CMake package in '/home/kamal/projects/nexus/ros2_ws/src/unitree_go2_ros2/unitree_go2_sim'
[12.655s] INFO:colcon.colcon_core.shell:Skip shell extension 'powershell' for command environment: Not usable outside of PowerShell
[12.656s] DEBUG:colcon.colcon_core.shell:Skip shell extension 'dsv' for command environment
[12.699s] DEBUG:colcon.colcon_core.event_handler.log_command:Invoking command in '/home/kamal/projects/nexus/ros2_ws/build/champ': CMAKE_PREFIX_PATH=${CMAKE_PREFIX_PATH}:/opt/ros/jazzy DEBUGINFOD_URLS=https://debuginfod.ubuntu.com /usr/bin/cmake /home/kamal/projects/nexus/ros2_ws/src/unitree_go2_ros2/champ -DAMENT_CMAKE_SYMLINK_INSTALL=1 -DCMAKE_INSTALL_PREFIX=/home/kamal/projects/nexus/ros2_ws/install/champ
[12.715s] DEBUG:colcon.colcon_core.event_handler.log_command:Invoking command in '/home/kamal/projects/nexus/ros2_ws/build/champ_msgs': CMAKE_PREFIX_PATH=${CMAKE_PREFIX_PATH}:/opt/ros/jazzy DEBUGINFOD_URLS=https://debuginfod.ubuntu.com /usr/bin/cmake /home/kamal/projects/nexus/ros2_ws/src/unitree_go2_ros2/champ_msgs -DAMENT_CMAKE_SYMLINK_INSTALL=1 -DCMAKE_INSTALL_PREFIX=/home/kamal/projects/nexus/ros2_ws/install/champ_msgs
[12.721s] DEBUG:colcon.colcon_core.event_handler.log_command:Invoking command in '/home/kamal/projects/nexus/ros2_ws/build/unitree_go2_description': CMAKE_PREFIX_PATH=${CMAKE_PREFIX_PATH}:/opt/ros/jazzy DEBUGINFOD_URLS=https://debuginfod.ubuntu.com /usr/bin/cmake /home/kamal/projects/nexus/ros2_ws/src/unitree_go2_ros2/unitree_go2_description -DAMENT_CMAKE_SYMLINK_INSTALL=1 -DCMAKE_INSTALL_PREFIX=/home/kamal/projects/nexus/ros2_ws/install/unitree_go2_description
[12.728s] DEBUG:colcon.colcon_core.event_handler.log_command:Invoking command in '/home/kamal/projects/nexus/ros2_ws/build/unitree_go2_sim': CMAKE_PREFIX_PATH=${CMAKE_PREFIX_PATH}:/opt/ros/jazzy DEBUGINFOD_URLS=https://debuginfod.ubuntu.com /usr/bin/cmake /home/kamal/projects/nexus/ros2_ws/src/unitree_go2_ros2/unitree_go2_sim -DAMENT_CMAKE_SYMLINK_INSTALL=1 -DCMAKE_INSTALL_PREFIX=/home/kamal/projects/nexus/ros2_ws/install/unitree_go2_sim
[20.599s] DEBUG:colcon.colcon_core.event_handler.log_command:Invoked command in '/home/kamal/projects/nexus/ros2_ws/build/unitree_go2_description' returned '0': CMAKE_PREFIX_PATH=${CMAKE_PREFIX_PATH}:/opt/ros/jazzy DEBUGINFOD_URLS=https://debuginfod.ubuntu.com /usr/bin/cmake /home/kamal/projects/nexus/ros2_ws/src/unitree_go2_ros2/unitree_go2_description -DAMENT_CMAKE_SYMLINK_INSTALL=1 -DCMAKE_INSTALL_PREFIX=/home/kamal/projects/nexus/ros2_ws/install/unitree_go2_description
[20.602s] DEBUG:colcon.colcon_core.event_handler.log_command:Invoking command in '/home/kamal/projects/nexus/ros2_ws/build/unitree_go2_description': CMAKE_PREFIX_PATH=${CMAKE_PREFIX_PATH}:/opt/ros/jazzy DEBUGINFOD_URLS=https://debuginfod.ubuntu.com /usr/bin/cmake --build /home/kamal/projects/nexus/ros2_ws/build/unitree_go2_description -- -j4 -l4
[20.605s] DEBUG:colcon.colcon_core.event_handler.log_command:Invoked command in '/home/kamal/projects/nexus/ros2_ws/build/unitree_go2_sim' returned '0': CMAKE_PREFIX_PATH=${CMAKE_PREFIX_PATH}:/opt/ros/jazzy DEBUGINFOD_URLS=https://debuginfod.ubuntu.com /usr/bin/cmake /home/kamal/projects/nexus/ros2_ws/src/unitree_go2_ros2/unitree_go2_sim -DAMENT_CMAKE_SYMLINK_INSTALL=1 -DCMAKE_INSTALL_PREFIX=/home/kamal/projects/nexus/ros2_ws/install/unitree_go2_sim
[20.611s] DEBUG:colcon.colcon_core.event_handler.log_command:Invoking command in '/home/kamal/projects/nexus/ros2_ws/build/unitree_go2_sim': CMAKE_PREFIX_PATH=${CMAKE_PREFIX_PATH}:/opt/ros/jazzy DEBUGINFOD_URLS=https://debuginfod.ubuntu.com /usr/bin/cmake --build /home/kamal/projects/nexus/ros2_ws/build/unitree_go2_sim -- -j4 -l4
[20.787s] DEBUG:colcon.colcon_core.event_handler.log_command:Invoked command in '/home/kamal/projects/nexus/ros2_ws/build/unitree_go2_description' returned '0': CMAKE_PREFIX_PATH=${CMAKE_PREFIX_PATH}:/opt/ros/jazzy DEBUGINFOD_URLS=https://debuginfod.ubuntu.com /usr/bin/cmake --build /home/kamal/projects/nexus/ros2_ws/build/unitree_go2_description -- -j4 -l4
[20.832s] DEBUG:colcon.colcon_core.event_handler.log_command:Invoking command in '/home/kamal/projects/nexus/ros2_ws/build/unitree_go2_description': CMAKE_PREFIX_PATH=${CMAKE_PREFIX_PATH}:/opt/ros/jazzy DEBUGINFOD_URLS=https://debuginfod.ubuntu.com /usr/bin/cmake --install /home/kamal/projects/nexus/ros2_ws/build/unitree_go2_description
[20.841s] DEBUG:colcon.colcon_core.event_handler.log_command:Invoked command in '/home/kamal/projects/nexus/ros2_ws/build/unitree_go2_sim' returned '0': CMAKE_PREFIX_PATH=${CMAKE_PREFIX_PATH}:/opt/ros/jazzy DEBUGINFOD_URLS=https://debuginfod.ubuntu.com /usr/bin/cmake --build /home/kamal/projects/nexus/ros2_ws/build/unitree_go2_sim -- -j4 -l4
[20.843s] DEBUG:colcon.colcon_core.event_handler.log_command:Invoking command in '/home/kamal/projects/nexus/ros2_ws/build/unitree_go2_sim': CMAKE_PREFIX_PATH=${CMAKE_PREFIX_PATH}:/opt/ros/jazzy DEBUGINFOD_URLS=https://debuginfod.ubuntu.com /usr/bin/cmake --install /home/kamal/projects/nexus/ros2_ws/build/unitree_go2_sim
[21.882s] Level 1:colcon.colcon_core.environment:create_environment_scripts_only(unitree_go2_sim)
[21.883s] DEBUG:colcon.colcon_core.event_handler.log_command:Invoked command in '/home/kamal/projects/nexus/ros2_ws/build/unitree_go2_sim' returned '0': CMAKE_PREFIX_PATH=${CMAKE_PREFIX_PATH}:/opt/ros/jazzy DEBUGINFOD_URLS=https://debuginfod.ubuntu.com /usr/bin/cmake --install /home/kamal/projects/nexus/ros2_ws/build/unitree_go2_sim
[22.130s] Level 1:colcon.colcon_core.environment:checking '/home/kamal/projects/nexus/ros2_ws/install/unitree_go2_sim' for CMake module files
[22.133s] Level 1:colcon.colcon_core.environment:checking '/home/kamal/projects/nexus/ros2_ws/install/unitree_go2_sim' for CMake config files
[22.135s] Level 1:colcon.colcon_core.shell:create_environment_hook('unitree_go2_sim', 'cmake_prefix_path')
[22.136s] INFO:colcon.colcon_core.shell:Creating environment hook '/home/kamal/projects/nexus/ros2_ws/install/unitree_go2_sim/share/unitree_go2_sim/hook/cmake_prefix_path.ps1'
[22.166s] INFO:colcon.colcon_core.shell:Creating environment descriptor '/home/kamal/projects/nexus/ros2_ws/install/unitree_go2_sim/share/unitree_go2_sim/hook/cmake_prefix_path.dsv'
[22.190s] INFO:colcon.colcon_core.shell:Creating environment hook '/home/kamal/projects/nexus/ros2_ws/install/unitree_go2_sim/share/unitree_go2_sim/hook/cmake_prefix_path.sh'
[22.196s] Level 1:colcon.colcon_core.environment:checking '/home/kamal/projects/nexus/ros2_ws/install/unitree_go2_sim/bin'
[22.197s] Level 1:colcon.colcon_core.environment:checking '/home/kamal/projects/nexus/ros2_ws/install/unitree_go2_sim/lib/pkgconfig/unitree_go2_sim.pc'
[22.198s] Level 1:colcon.colcon_core.environment:checking '/home/kamal/projects/nexus/ros2_ws/install/unitree_go2_sim/lib/python3.12/site-packages'
[22.200s] Level 1:colcon.colcon_core.environment:checking '/home/kamal/projects/nexus/ros2_ws/install/unitree_go2_sim/bin'
[22.201s] INFO:colcon.colcon_core.shell:Creating package script '/home/kamal/projects/nexus/ros2_ws/install/unitree_go2_sim/share/unitree_go2_sim/package.ps1'
[22.206s] INFO:colcon.colcon_core.shell:Creating package descriptor '/home/kamal/projects/nexus/ros2_ws/install/unitree_go2_sim/share/unitree_go2_sim/package.dsv'
[22.211s] INFO:colcon.colcon_core.shell:Creating package script '/home/kamal/projects/nexus/ros2_ws/install/unitree_go2_sim/share/unitree_go2_sim/package.sh'
[22.215s] INFO:colcon.colcon_core.shell:Creating package script '/home/kamal/projects/nexus/ros2_ws/install/unitree_go2_sim/share/unitree_go2_sim/package.bash'
[22.265s] INFO:colcon.colcon_core.shell:Creating package script '/home/kamal/projects/nexus/ros2_ws/install/unitree_go2_sim/share/unitree_go2_sim/package.zsh'
[22.279s] Level 1:colcon.colcon_core.environment:create_file_with_runtime_dependencies(/home/kamal/projects/nexus/ros2_ws/install/unitree_go2_sim/share/colcon-core/packages/unitree_go2_sim)
[22.281s] Level 1:colcon.colcon_core.environment:create_environment_scripts_only(unitree_go2_sim)
[22.282s] Level 1:colcon.colcon_core.environment:checking '/home/kamal/projects/nexus/ros2_ws/install/unitree_go2_sim' for CMake module files
[22.285s] Level 1:colcon.colcon_core.environment:checking '/home/kamal/projects/nexus/ros2_ws/install/unitree_go2_sim' for CMake config files
[22.287s] Level 1:colcon.colcon_core.shell:create_environment_hook('unitree_go2_sim', 'cmake_prefix_path')
[22.288s] INFO:colcon.colcon_core.shell:Creating environment hook '/home/kamal/projects/nexus/ros2_ws/install/unitree_go2_sim/share/unitree_go2_sim/hook/cmake_prefix_path.ps1'
[22.290s] INFO:colcon.colcon_core.shell:Creating environment descriptor '/home/kamal/projects/nexus/ros2_ws/install/unitree_go2_sim/share/unitree_go2_sim/hook/cmake_prefix_path.dsv'
[22.293s] INFO:colcon.colcon_core.shell:Creating environment hook '/home/kamal/projects/nexus/ros2_ws/install/unitree_go2_sim/share/unitree_go2_sim/hook/cmake_prefix_path.sh'
[22.296s] Level 1:colcon.colcon_core.environment:checking '/home/kamal/projects/nexus/ros2_ws/install/unitree_go2_sim/bin'
[22.296s] Level 1:colcon.colcon_core.environment:checking '/home/kamal/projects/nexus/ros2_ws/install/unitree_go2_sim/lib/pkgconfig/unitree_go2_sim.pc'
[22.298s] Level 1:colcon.colcon_core.environment:checking '/home/kamal/projects/nexus/ros2_ws/install/unitree_go2_sim/lib/python3.12/site-packages'
[22.300s] Level 1:colcon.colcon_core.environment:checking '/home/kamal/projects/nexus/ros2_ws/install/unitree_go2_sim/bin'
[22.301s] INFO:colcon.colcon_core.shell:Creating package script '/home/kamal/projects/nexus/ros2_ws/install/unitree_go2_sim/share/unitree_go2_sim/package.ps1'
[22.305s] INFO:colcon.colcon_core.shell:Creating package descriptor '/home/kamal/projects/nexus/ros2_ws/install/unitree_go2_sim/share/unitree_go2_sim/package.dsv'
[22.308s] INFO:colcon.colcon_core.shell:Creating package script '/home/kamal/projects/nexus/ros2_ws/install/unitree_go2_sim/share/unitree_go2_sim/package.sh'
[22.311s] INFO:colcon.colcon_core.shell:Creating package script '/home/kamal/projects/nexus/ros2_ws/install/unitree_go2_sim/share/unitree_go2_sim/package.bash'
[22.313s] INFO:colcon.colcon_core.shell:Creating package script '/home/kamal/projects/nexus/ros2_ws/install/unitree_go2_sim/share/unitree_go2_sim/package.zsh'
[22.315s] Level 1:colcon.colcon_core.environment:create_file_with_runtime_dependencies(/home/kamal/projects/nexus/ros2_ws/install/unitree_go2_sim/share/colcon-core/packages/unitree_go2_sim)
[22.426s] Level 1:colcon.colcon_core.environment:create_environment_scripts_only(unitree_go2_description)
[22.427s] Level 1:colcon.colcon_core.environment:checking '/home/kamal/projects/nexus/ros2_ws/install/unitree_go2_description' for CMake module files
[22.429s] DEBUG:colcon.colcon_core.event_handler.log_command:Invoked command in '/home/kamal/projects/nexus/ros2_ws/build/unitree_go2_description' returned '0': CMAKE_PREFIX_PATH=${CMAKE_PREFIX_PATH}:/opt/ros/jazzy DEBUGINFOD_URLS=https://debuginfod.ubuntu.com /usr/bin/cmake --install /home/kamal/projects/nexus/ros2_ws/build/unitree_go2_description
[22.431s] Level 1:colcon.colcon_core.environment:checking '/home/kamal/projects/nexus/ros2_ws/install/unitree_go2_description' for CMake config files
[22.432s] Level 1:colcon.colcon_core.shell:create_environment_hook('unitree_go2_description', 'cmake_prefix_path')
[22.433s] INFO:colcon.colcon_core.shell:Creating environment hook '/home/kamal/projects/nexus/ros2_ws/install/unitree_go2_description/share/unitree_go2_description/hook/cmake_prefix_path.ps1'
[22.435s] INFO:colcon.colcon_core.shell:Creating environment descriptor '/home/kamal/projects/nexus/ros2_ws/install/unitree_go2_description/share/unitree_go2_description/hook/cmake_prefix_path.dsv'
[22.436s] INFO:colcon.colcon_core.shell:Creating environment hook '/home/kamal/projects/nexus/ros2_ws/install/unitree_go2_description/share/unitree_go2_description/hook/cmake_prefix_path.sh'
[22.438s] Level 1:colcon.colcon_core.environment:checking '/home/kamal/projects/nexus/ros2_ws/install/unitree_go2_description/bin'
[22.440s] Level 1:colcon.colcon_core.environment:checking '/home/kamal/projects/nexus/ros2_ws/install/unitree_go2_description/lib/pkgconfig/unitree_go2_description.pc'
[22.441s] Level 1:colcon.colcon_core.environment:checking '/home/kamal/projects/nexus/ros2_ws/install/unitree_go2_description/lib/python3.12/site-packages'
[22.443s] Level 1:colcon.colcon_core.environment:checking '/home/kamal/projects/nexus/ros2_ws/install/unitree_go2_description/bin'
[22.444s] INFO:colcon.colcon_core.shell:Creating package script '/home/kamal/projects/nexus/ros2_ws/install/unitree_go2_description/share/unitree_go2_description/package.ps1'
[22.446s] INFO:colcon.colcon_core.shell:Creating package descriptor '/home/kamal/projects/nexus/ros2_ws/install/unitree_go2_description/share/unitree_go2_description/package.dsv'
[22.449s] INFO:colcon.colcon_core.shell:Creating package script '/home/kamal/projects/nexus/ros2_ws/install/unitree_go2_description/share/unitree_go2_description/package.sh'
[22.451s] INFO:colcon.colcon_core.shell:Creating package script '/home/kamal/projects/nexus/ros2_ws/install/unitree_go2_description/share/unitree_go2_description/package.bash'
[22.452s] INFO:colcon.colcon_core.shell:Creating package script '/home/kamal/projects/nexus/ros2_ws/install/unitree_go2_description/share/unitree_go2_description/package.zsh'
[22.454s] Level 1:colcon.colcon_core.environment:create_file_with_runtime_dependencies(/home/kamal/projects/nexus/ros2_ws/install/unitree_go2_description/share/colcon-core/packages/unitree_go2_description)
[22.457s] Level 1:colcon.colcon_core.environment:create_environment_scripts_only(unitree_go2_description)
[22.458s] Level 1:colcon.colcon_core.environment:checking '/home/kamal/projects/nexus/ros2_ws/install/unitree_go2_description' for CMake module files
[22.461s] Level 1:colcon.colcon_core.environment:checking '/home/kamal/projects/nexus/ros2_ws/install/unitree_go2_description' for CMake config files
[22.462s] Level 1:colcon.colcon_core.shell:create_environment_hook('unitree_go2_description', 'cmake_prefix_path')
[22.463s] INFO:colcon.colcon_core.shell:Creating environment hook '/home/kamal/projects/nexus/ros2_ws/install/unitree_go2_description/share/unitree_go2_description/hook/cmake_prefix_path.ps1'
[22.465s] INFO:colcon.colcon_core.shell:Creating environment descriptor '/home/kamal/projects/nexus/ros2_ws/install/unitree_go2_description/share/unitree_go2_description/hook/cmake_prefix_path.dsv'
[22.467s] INFO:colcon.colcon_core.shell:Creating environment hook '/home/kamal/projects/nexus/ros2_ws/install/unitree_go2_description/share/unitree_go2_description/hook/cmake_prefix_path.sh'
[22.469s] Level 1:colcon.colcon_core.environment:checking '/home/kamal/projects/nexus/ros2_ws/install/unitree_go2_description/bin'
[22.469s] Level 1:colcon.colcon_core.environment:checking '/home/kamal/projects/nexus/ros2_ws/install/unitree_go2_description/lib/pkgconfig/unitree_go2_description.pc'
[22.470s] Level 1:colcon.colcon_core.environment:checking '/home/kamal/projects/nexus/ros2_ws/install/unitree_go2_description/lib/python3.12/site-packages'
[22.471s] Level 1:colcon.colcon_core.environment:checking '/home/kamal/projects/nexus/ros2_ws/install/unitree_go2_description/bin'
[22.473s] INFO:colcon.colcon_core.shell:Creating package script '/home/kamal/projects/nexus/ros2_ws/install/unitree_go2_description/share/unitree_go2_description/package.ps1'
[22.475s] INFO:colcon.colcon_core.shell:Creating package descriptor '/home/kamal/projects/nexus/ros2_ws/install/unitree_go2_description/share/unitree_go2_description/package.dsv'
[22.477s] INFO:colcon.colcon_core.shell:Creating package script '/home/kamal/projects/nexus/ros2_ws/install/unitree_go2_description/share/unitree_go2_description/package.sh'
[22.479s] INFO:colcon.colcon_core.shell:Creating package script '/home/kamal/projects/nexus/ros2_ws/install/unitree_go2_description/share/unitree_go2_description/package.bash'
[22.481s] INFO:colcon.colcon_core.shell:Creating package script '/home/kamal/projects/nexus/ros2_ws/install/unitree_go2_description/share/unitree_go2_description/package.zsh'
[22.483s] Level 1:colcon.colcon_core.environment:create_file_with_runtime_dependencies(/home/kamal/projects/nexus/ros2_ws/install/unitree_go2_description/share/colcon-core/packages/unitree_go2_description)
[25.024s] DEBUG:colcon.colcon_core.event_handler.log_command:Invoked command in '/home/kamal/projects/nexus/ros2_ws/build/champ' returned '0': CMAKE_PREFIX_PATH=${CMAKE_PREFIX_PATH}:/opt/ros/jazzy DEBUGINFOD_URLS=https://debuginfod.ubuntu.com /usr/bin/cmake /home/kamal/projects/nexus/ros2_ws/src/unitree_go2_ros2/champ -DAMENT_CMAKE_SYMLINK_INSTALL=1 -DCMAKE_INSTALL_PREFIX=/home/kamal/projects/nexus/ros2_ws/install/champ
[25.028s] DEBUG:colcon.colcon_core.event_handler.log_command:Invoking command in '/home/kamal/projects/nexus/ros2_ws/build/champ': CMAKE_PREFIX_PATH=${CMAKE_PREFIX_PATH}:/opt/ros/jazzy DEBUGINFOD_URLS=https://debuginfod.ubuntu.com /usr/bin/cmake --build /home/kamal/projects/nexus/ros2_ws/build/champ -- -j4 -l4
[25.196s] DEBUG:colcon.colcon_core.event_handler.log_command:Invoked command in '/home/kamal/projects/nexus/ros2_ws/build/champ' returned '0': CMAKE_PREFIX_PATH=${CMAKE_PREFIX_PATH}:/opt/ros/jazzy DEBUGINFOD_URLS=https://debuginfod.ubuntu.com /usr/bin/cmake --build /home/kamal/projects/nexus/ros2_ws/build/champ -- -j4 -l4
[25.198s] DEBUG:colcon.colcon_core.event_handler.log_command:Invoking command in '/home/kamal/projects/nexus/ros2_ws/build/champ': CMAKE_PREFIX_PATH=${CMAKE_PREFIX_PATH}:/opt/ros/jazzy DEBUGINFOD_URLS=https://debuginfod.ubuntu.com /usr/bin/cmake --install /home/kamal/projects/nexus/ros2_ws/build/champ
[26.423s] Level 1:colcon.colcon_core.environment:create_environment_scripts_only(champ)
[26.424s] Level 1:colcon.colcon_core.environment:checking '/home/kamal/projects/nexus/ros2_ws/install/champ' for CMake module files
[26.426s] DEBUG:colcon.colcon_core.event_handler.log_command:Invoked command in '/home/kamal/projects/nexus/ros2_ws/build/champ' returned '0': CMAKE_PREFIX_PATH=${CMAKE_PREFIX_PATH}:/opt/ros/jazzy DEBUGINFOD_URLS=https://debuginfod.ubuntu.com /usr/bin/cmake --install /home/kamal/projects/nexus/ros2_ws/build/champ
[26.427s] Level 1:colcon.colcon_core.environment:checking '/home/kamal/projects/nexus/ros2_ws/install/champ' for CMake config files
[26.428s] Level 1:colcon.colcon_core.shell:create_environment_hook('champ', 'cmake_prefix_path')
[26.429s] INFO:colcon.colcon_core.shell:Creating environment hook '/home/kamal/projects/nexus/ros2_ws/install/champ/share/champ/hook/cmake_prefix_path.ps1'
[26.431s] INFO:colcon.colcon_core.shell:Creating environment descriptor '/home/kamal/projects/nexus/ros2_ws/install/champ/share/champ/hook/cmake_prefix_path.dsv'
[26.432s] INFO:colcon.colcon_core.shell:Creating environment hook '/home/kamal/projects/nexus/ros2_ws/install/champ/share/champ/hook/cmake_prefix_path.sh'
[26.433s] Level 1:colcon.colcon_core.environment:checking '/home/kamal/projects/nexus/ros2_ws/install/champ/bin'
[26.434s] Level 1:colcon.colcon_core.environment:checking '/home/kamal/projects/nexus/ros2_ws/install/champ/lib/pkgconfig/champ.pc'
[26.434s] Level 1:colcon.colcon_core.environment:checking '/home/kamal/projects/nexus/ros2_ws/install/champ/lib/python3.12/site-packages'
[26.436s] Level 1:colcon.colcon_core.environment:checking '/home/kamal/projects/nexus/ros2_ws/install/champ/bin'
[26.437s] INFO:colcon.colcon_core.shell:Creating package script '/home/kamal/projects/nexus/ros2_ws/install/champ/share/champ/package.ps1'
[26.439s] INFO:colcon.colcon_core.shell:Creating package descriptor '/home/kamal/projects/nexus/ros2_ws/install/champ/share/champ/package.dsv'
[26.440s] INFO:colcon.colcon_core.shell:Creating package script '/home/kamal/projects/nexus/ros2_ws/install/champ/share/champ/package.sh'
[26.442s] INFO:colcon.colcon_core.shell:Creating package script '/home/kamal/projects/nexus/ros2_ws/install/champ/share/champ/package.bash'
[26.443s] INFO:colcon.colcon_core.shell:Creating package script '/home/kamal/projects/nexus/ros2_ws/install/champ/share/champ/package.zsh'
[26.444s] Level 1:colcon.colcon_core.environment:create_file_with_runtime_dependencies(/home/kamal/projects/nexus/ros2_ws/install/champ/share/colcon-core/packages/champ)
[26.446s] Level 1:colcon.colcon_core.environment:create_environment_scripts_only(champ)
[26.446s] Level 1:colcon.colcon_core.environment:checking '/home/kamal/projects/nexus/ros2_ws/install/champ' for CMake module files
[26.449s] Level 1:colcon.colcon_core.environment:checking '/home/kamal/projects/nexus/ros2_ws/install/champ' for CMake config files
[26.450s] Level 1:colcon.colcon_core.shell:create_environment_hook('champ', 'cmake_prefix_path')
[26.450s] INFO:colcon.colcon_core.shell:Creating environment hook '/home/kamal/projects/nexus/ros2_ws/install/champ/share/champ/hook/cmake_prefix_path.ps1'
[26.452s] INFO:colcon.colcon_core.shell:Creating environment descriptor '/home/kamal/projects/nexus/ros2_ws/install/champ/share/champ/hook/cmake_prefix_path.dsv'
[26.453s] INFO:colcon.colcon_core.shell:Creating environment hook '/home/kamal/projects/nexus/ros2_ws/install/champ/share/champ/hook/cmake_prefix_path.sh'
[26.456s] Level 1:colcon.colcon_core.environment:checking '/home/kamal/projects/nexus/ros2_ws/install/champ/bin'
[26.456s] Level 1:colcon.colcon_core.environment:checking '/home/kamal/projects/nexus/ros2_ws/install/champ/lib/pkgconfig/champ.pc'
[26.457s] Level 1:colcon.colcon_core.environment:checking '/home/kamal/projects/nexus/ros2_ws/install/champ/lib/python3.12/site-packages'
[26.458s] Level 1:colcon.colcon_core.environment:checking '/home/kamal/projects/nexus/ros2_ws/install/champ/bin'
[26.459s] INFO:colcon.colcon_core.shell:Creating package script '/home/kamal/projects/nexus/ros2_ws/install/champ/share/champ/package.ps1'
[26.461s] INFO:colcon.colcon_core.shell:Creating package descriptor '/home/kamal/projects/nexus/ros2_ws/install/champ/share/champ/package.dsv'
[26.463s] INFO:colcon.colcon_core.shell:Creating package script '/home/kamal/projects/nexus/ros2_ws/install/champ/share/champ/package.sh'
[26.465s] INFO:colcon.colcon_core.shell:Creating package script '/home/kamal/projects/nexus/ros2_ws/install/champ/share/champ/package.bash'
[26.466s] INFO:colcon.colcon_core.shell:Creating package script '/home/kamal/projects/nexus/ros2_ws/install/champ/share/champ/package.zsh'
[26.467s] Level 1:colcon.colcon_core.environment:create_file_with_runtime_dependencies(/home/kamal/projects/nexus/ros2_ws/install/champ/share/colcon-core/packages/champ)
[35.038s] DEBUG:colcon.colcon_core.event_handler.log_command:Invoked command in '/home/kamal/projects/nexus/ros2_ws/build/champ_msgs' returned '0': CMAKE_PREFIX_PATH=${CMAKE_PREFIX_PATH}:/opt/ros/jazzy DEBUGINFOD_URLS=https://debuginfod.ubuntu.com /usr/bin/cmake /home/kamal/projects/nexus/ros2_ws/src/unitree_go2_ros2/champ_msgs -DAMENT_CMAKE_SYMLINK_INSTALL=1 -DCMAKE_INSTALL_PREFIX=/home/kamal/projects/nexus/ros2_ws/install/champ_msgs
[35.042s] DEBUG:colcon.colcon_core.event_handler.log_command:Invoking command in '/home/kamal/projects/nexus/ros2_ws/build/champ_msgs': CMAKE_PREFIX_PATH=${CMAKE_PREFIX_PATH}:/opt/ros/jazzy DEBUGINFOD_URLS=https://debuginfod.ubuntu.com /usr/bin/cmake --build /home/kamal/projects/nexus/ros2_ws/build/champ_msgs -- -j4 -l4
[79.710s] DEBUG:colcon.colcon_core.event_handler.log_command:Invoked command in '/home/kamal/projects/nexus/ros2_ws/build/champ_msgs' returned '0': CMAKE_PREFIX_PATH=${CMAKE_PREFIX_PATH}:/opt/ros/jazzy DEBUGINFOD_URLS=https://debuginfod.ubuntu.com /usr/bin/cmake --build /home/kamal/projects/nexus/ros2_ws/build/champ_msgs -- -j4 -l4
[79.714s] DEBUG:colcon.colcon_core.event_handler.log_command:Invoking command in '/home/kamal/projects/nexus/ros2_ws/build/champ_msgs': CMAKE_PREFIX_PATH=${CMAKE_PREFIX_PATH}:/opt/ros/jazzy DEBUGINFOD_URLS=https://debuginfod.ubuntu.com /usr/bin/cmake --install /home/kamal/projects/nexus/ros2_ws/build/champ_msgs
[87.001s] Level 1:colcon.colcon_core.environment:create_environment_scripts_only(champ_msgs)
[87.004s] Level 1:colcon.colcon_core.environment:checking '/home/kamal/projects/nexus/ros2_ws/install/champ_msgs' for CMake module files
[87.002s] DEBUG:colcon.colcon_core.event_handler.log_command:Invoked command in '/home/kamal/projects/nexus/ros2_ws/build/champ_msgs' returned '0': CMAKE_PREFIX_PATH=${CMAKE_PREFIX_PATH}:/opt/ros/jazzy DEBUGINFOD_URLS=https://debuginfod.ubuntu.com /usr/bin/cmake --install /home/kamal/projects/nexus/ros2_ws/build/champ_msgs
[87.008s] Level 1:colcon.colcon_core.environment:checking '/home/kamal/projects/nexus/ros2_ws/install/champ_msgs' for CMake config files
[87.011s] Level 1:colcon.colcon_core.shell:create_environment_hook('champ_msgs', 'cmake_prefix_path')
[87.012s] INFO:colcon.colcon_core.shell:Creating environment hook '/home/kamal/projects/nexus/ros2_ws/install/champ_msgs/share/champ_msgs/hook/cmake_prefix_path.ps1'
[87.013s] INFO:colcon.colcon_core.shell:Creating environment descriptor '/home/kamal/projects/nexus/ros2_ws/install/champ_msgs/share/champ_msgs/hook/cmake_prefix_path.dsv'
[87.014s] INFO:colcon.colcon_core.shell:Creating environment hook '/home/kamal/projects/nexus/ros2_ws/install/champ_msgs/share/champ_msgs/hook/cmake_prefix_path.sh'
[87.016s] Level 1:colcon.colcon_core.environment:checking '/home/kamal/projects/nexus/ros2_ws/install/champ_msgs/lib'
[87.016s] Level 1:colcon.colcon_core.shell:create_environment_hook('champ_msgs', 'ld_library_path_lib')
[87.017s] INFO:colcon.colcon_core.shell:Creating environment hook '/home/kamal/projects/nexus/ros2_ws/install/champ_msgs/share/champ_msgs/hook/ld_library_path_lib.ps1'
[87.019s] INFO:colcon.colcon_core.shell:Creating environment descriptor '/home/kamal/projects/nexus/ros2_ws/install/champ_msgs/share/champ_msgs/hook/ld_library_path_lib.dsv'
[87.020s] INFO:colcon.colcon_core.shell:Creating environment hook '/home/kamal/projects/nexus/ros2_ws/install/champ_msgs/share/champ_msgs/hook/ld_library_path_lib.sh'
[87.022s] Level 1:colcon.colcon_core.environment:checking '/home/kamal/projects/nexus/ros2_ws/install/champ_msgs/bin'
[87.023s] Level 1:colcon.colcon_core.environment:checking '/home/kamal/projects/nexus/ros2_ws/install/champ_msgs/lib/pkgconfig/champ_msgs.pc'
[87.024s] Level 1:colcon.colcon_core.environment:checking '/home/kamal/projects/nexus/ros2_ws/install/champ_msgs/lib/python3.12/site-packages'
[87.024s] Level 1:colcon.colcon_core.shell:create_environment_hook('champ_msgs', 'pythonpath')
[87.025s] INFO:colcon.colcon_core.shell:Creating environment hook '/home/kamal/projects/nexus/ros2_ws/install/champ_msgs/share/champ_msgs/hook/pythonpath.ps1'
[87.027s] INFO:colcon.colcon_core.shell:Creating environment descriptor '/home/kamal/projects/nexus/ros2_ws/install/champ_msgs/share/champ_msgs/hook/pythonpath.dsv'
[87.028s] INFO:colcon.colcon_core.shell:Creating environment hook '/home/kamal/projects/nexus/ros2_ws/install/champ_msgs/share/champ_msgs/hook/pythonpath.sh'
[87.030s] Level 1:colcon.colcon_core.environment:checking '/home/kamal/projects/nexus/ros2_ws/install/champ_msgs/bin'
[87.031s] INFO:colcon.colcon_core.shell:Creating package script '/home/kamal/projects/nexus/ros2_ws/install/champ_msgs/share/champ_msgs/package.ps1'
[87.033s] INFO:colcon.colcon_core.shell:Creating package descriptor '/home/kamal/projects/nexus/ros2_ws/install/champ_msgs/share/champ_msgs/package.dsv'
[87.035s] INFO:colcon.colcon_core.shell:Creating package script '/home/kamal/projects/nexus/ros2_ws/install/champ_msgs/share/champ_msgs/package.sh'
[87.038s] INFO:colcon.colcon_core.shell:Creating package script '/home/kamal/projects/nexus/ros2_ws/install/champ_msgs/share/champ_msgs/package.bash'
[87.039s] INFO:colcon.colcon_core.shell:Creating package script '/home/kamal/projects/nexus/ros2_ws/install/champ_msgs/share/champ_msgs/package.zsh'
[87.041s] Level 1:colcon.colcon_core.environment:create_file_with_runtime_dependencies(/home/kamal/projects/nexus/ros2_ws/install/champ_msgs/share/colcon-core/packages/champ_msgs)
[87.043s] Level 1:colcon.colcon_core.environment:create_environment_scripts_only(champ_msgs)
[87.044s] Level 1:colcon.colcon_core.environment:checking '/home/kamal/projects/nexus/ros2_ws/install/champ_msgs' for CMake module files
[87.047s] Level 1:colcon.colcon_core.environment:checking '/home/kamal/projects/nexus/ros2_ws/install/champ_msgs' for CMake config files
[87.050s] Level 1:colcon.colcon_core.shell:create_environment_hook('champ_msgs', 'cmake_prefix_path')
[87.050s] INFO:colcon.colcon_core.shell:Creating environment hook '/home/kamal/projects/nexus/ros2_ws/install/champ_msgs/share/champ_msgs/hook/cmake_prefix_path.ps1'
[87.052s] INFO:colcon.colcon_core.shell:Creating environment descriptor '/home/kamal/projects/nexus/ros2_ws/install/champ_msgs/share/champ_msgs/hook/cmake_prefix_path.dsv'
[87.054s] INFO:colcon.colcon_core.shell:Creating environment hook '/home/kamal/projects/nexus/ros2_ws/install/champ_msgs/share/champ_msgs/hook/cmake_prefix_path.sh'
[87.057s] Level 1:colcon.colcon_core.environment:checking '/home/kamal/projects/nexus/ros2_ws/install/champ_msgs/lib'
[87.057s] Level 1:colcon.colcon_core.shell:create_environment_hook('champ_msgs', 'ld_library_path_lib')
[87.058s] INFO:colcon.colcon_core.shell:Creating environment hook '/home/kamal/projects/nexus/ros2_ws/install/champ_msgs/share/champ_msgs/hook/ld_library_path_lib.ps1'
[87.060s] INFO:colcon.colcon_core.shell:Creating environment descriptor '/home/kamal/projects/nexus/ros2_ws/install/champ_msgs/share/champ_msgs/hook/ld_library_path_lib.dsv'
[87.061s] INFO:colcon.colcon_core.shell:Creating environment hook '/home/kamal/projects/nexus/ros2_ws/install/champ_msgs/share/champ_msgs/hook/ld_library_path_lib.sh'
[87.064s] Level 1:colcon.colcon_core.environment:checking '/home/kamal/projects/nexus/ros2_ws/install/champ_msgs/bin'
[87.064s] Level 1:colcon.colcon_core.environment:checking '/home/kamal/projects/nexus/ros2_ws/install/champ_msgs/lib/pkgconfig/champ_msgs.pc'
[87.065s] Level 1:colcon.colcon_core.environment:checking '/home/kamal/projects/nexus/ros2_ws/install/champ_msgs/lib/python3.12/site-packages'
[87.065s] Level 1:colcon.colcon_core.shell:create_environment_hook('champ_msgs', 'pythonpath')
[87.066s] INFO:colcon.colcon_core.shell:Creating environment hook '/home/kamal/projects/nexus/ros2_ws/install/champ_msgs/share/champ_msgs/hook/pythonpath.ps1'
[87.067s] INFO:colcon.colcon_core.shell:Creating environment descriptor '/home/kamal/projects/nexus/ros2_ws/install/champ_msgs/share/champ_msgs/hook/pythonpath.dsv'
[87.069s] INFO:colcon.colcon_core.shell:Creating environment hook '/home/kamal/projects/nexus/ros2_ws/install/champ_msgs/share/champ_msgs/hook/pythonpath.sh'
[87.072s] Level 1:colcon.colcon_core.environment:checking '/home/kamal/projects/nexus/ros2_ws/install/champ_msgs/bin'
[87.074s] INFO:colcon.colcon_core.shell:Creating package script '/home/kamal/projects/nexus/ros2_ws/install/champ_msgs/share/champ_msgs/package.ps1'
[87.077s] INFO:colcon.colcon_core.shell:Creating package descriptor '/home/kamal/projects/nexus/ros2_ws/install/champ_msgs/share/champ_msgs/package.dsv'
[87.079s] INFO:colcon.colcon_core.shell:Creating package script '/home/kamal/projects/nexus/ros2_ws/install/champ_msgs/share/champ_msgs/package.sh'
[87.081s] INFO:colcon.colcon_core.shell:Creating package script '/home/kamal/projects/nexus/ros2_ws/install/champ_msgs/share/champ_msgs/package.bash'
[87.082s] INFO:colcon.colcon_core.shell:Creating package script '/home/kamal/projects/nexus/ros2_ws/install/champ_msgs/share/champ_msgs/package.zsh'
[87.083s] Level 1:colcon.colcon_core.environment:create_file_with_runtime_dependencies(/home/kamal/projects/nexus/ros2_ws/install/champ_msgs/share/colcon-core/packages/champ_msgs)
[87.084s] INFO:colcon.colcon_ros.task.ament_cmake.build:Building ROS package in '/home/kamal/projects/nexus/ros2_ws/src/unitree_go2_ros2/champ_base' with build type 'ament_cmake'
[87.084s] INFO:colcon.colcon_cmake.task.cmake.build:Building CMake package in '/home/kamal/projects/nexus/ros2_ws/src/unitree_go2_ros2/champ_base'
[87.085s] INFO:colcon.colcon_core.shell:Skip shell extension 'powershell' for command environment: Not usable outside of PowerShell
[87.086s] DEBUG:colcon.colcon_core.shell:Skip shell extension 'dsv' for command environment
[87.127s] DEBUG:colcon.colcon_core.event_handler.log_command:Invoking command in '/home/kamal/projects/nexus/ros2_ws/build/champ_base': AMENT_PREFIX_PATH=/home/kamal/projects/nexus/ros2_ws/install/champ_msgs:/home/kamal/projects/nexus/ros2_ws/install/champ:${AMENT_PREFIX_PATH} CMAKE_PREFIX_PATH=/home/kamal/projects/nexus/ros2_ws/install/champ_msgs:/home/kamal/projects/nexus/ros2_ws/install/champ:/opt/ros/jazzy/opt/gz_sim_vendor:/opt/ros/jazzy/opt/gz_sensors_vendor:/opt/ros/jazzy/opt/gz_physics_vendor:/opt/ros/jazzy/opt/sdformat_vendor:/opt/ros/jazzy/opt/gz_gui_vendor:/opt/ros/jazzy/opt/gz_transport_vendor:/opt/ros/jazzy/opt/gz_rendering_vendor:/opt/ros/jazzy/opt/gz_plugin_vendor:/opt/ros/jazzy/opt/gz_fuel_tools_vendor:/opt/ros/jazzy/opt/gz_msgs_vendor:/opt/ros/jazzy/opt/gz_common_vendor:/opt/ros/jazzy/opt/gz_math_vendor:/opt/ros/jazzy/opt/gz_utils_vendor:/opt/ros/jazzy/opt/gz_tools_vendor:/opt/ros/jazzy/opt/gz_ogre_next_vendor:/opt/ros/jazzy/opt/gz_dartsim_vendor:/opt/ros/jazzy/opt/gz_cmake_vendor:/opt/ros/jazzy DEBUGINFOD_URLS=https://debuginfod.ubuntu.com LD_LIBRARY_PATH=/home/kamal/projects/nexus/ros2_ws/install/champ_msgs/lib:${LD_LIBRARY_PATH} PYTHONPATH=/home/kamal/projects/nexus/ros2_ws/install/champ_msgs/lib/python3.12/site-packages:${PYTHONPATH} /usr/bin/cmake /home/kamal/projects/nexus/ros2_ws/src/unitree_go2_ros2/champ_base -DAMENT_CMAKE_SYMLINK_INSTALL=1 -DCMAKE_INSTALL_PREFIX=/home/kamal/projects/nexus/ros2_ws/install/champ_base
[94.179s] DEBUG:colcon.colcon_core.event_handler.log_command:Invoked command in '/home/kamal/projects/nexus/ros2_ws/build/champ_base' returned '0': AMENT_PREFIX_PATH=/home/kamal/projects/nexus/ros2_ws/install/champ_msgs:/home/kamal/projects/nexus/ros2_ws/install/champ:${AMENT_PREFIX_PATH} CMAKE_PREFIX_PATH=/home/kamal/projects/nexus/ros2_ws/install/champ_msgs:/home/kamal/projects/nexus/ros2_ws/install/champ:/opt/ros/jazzy/opt/gz_sim_vendor:/opt/ros/jazzy/opt/gz_sensors_vendor:/opt/ros/jazzy/opt/gz_physics_vendor:/opt/ros/jazzy/opt/sdformat_vendor:/opt/ros/jazzy/opt/gz_gui_vendor:/opt/ros/jazzy/opt/gz_transport_vendor:/opt/ros/jazzy/opt/gz_rendering_vendor:/opt/ros/jazzy/opt/gz_plugin_vendor:/opt/ros/jazzy/opt/gz_fuel_tools_vendor:/opt/ros/jazzy/opt/gz_msgs_vendor:/opt/ros/jazzy/opt/gz_common_vendor:/opt/ros/jazzy/opt/gz_math_vendor:/opt/ros/jazzy/opt/gz_utils_vendor:/opt/ros/jazzy/opt/gz_tools_vendor:/opt/ros/jazzy/opt/gz_ogre_next_vendor:/opt/ros/jazzy/opt/gz_dartsim_vendor:/opt/ros/jazzy/opt/gz_cmake_vendor:/opt/ros/jazzy DEBUGINFOD_URLS=https://debuginfod.ubuntu.com LD_LIBRARY_PATH=/home/kamal/projects/nexus/ros2_ws/install/champ_msgs/lib:${LD_LIBRARY_PATH} PYTHONPATH=/home/kamal/projects/nexus/ros2_ws/install/champ_msgs/lib/python3.12/site-packages:${PYTHONPATH} /usr/bin/cmake /home/kamal/projects/nexus/ros2_ws/src/unitree_go2_ros2/champ_base -DAMENT_CMAKE_SYMLINK_INSTALL=1 -DCMAKE_INSTALL_PREFIX=/home/kamal/projects/nexus/ros2_ws/install/champ_base
[94.182s] DEBUG:colcon.colcon_core.event_handler.log_command:Invoking command in '/home/kamal/projects/nexus/ros2_ws/build/champ_base': AMENT_PREFIX_PATH=/home/kamal/projects/nexus/ros2_ws/install/champ_msgs:/home/kamal/projects/nexus/ros2_ws/install/champ:${AMENT_PREFIX_PATH} CMAKE_PREFIX_PATH=/home/kamal/projects/nexus/ros2_ws/install/champ_msgs:/home/kamal/projects/nexus/ros2_ws/install/champ:/opt/ros/jazzy/opt/gz_sim_vendor:/opt/ros/jazzy/opt/gz_sensors_vendor:/opt/ros/jazzy/opt/gz_physics_vendor:/opt/ros/jazzy/opt/sdformat_vendor:/opt/ros/jazzy/opt/gz_gui_vendor:/opt/ros/jazzy/opt/gz_transport_vendor:/opt/ros/jazzy/opt/gz_rendering_vendor:/opt/ros/jazzy/opt/gz_plugin_vendor:/opt/ros/jazzy/opt/gz_fuel_tools_vendor:/opt/ros/jazzy/opt/gz_msgs_vendor:/opt/ros/jazzy/opt/gz_common_vendor:/opt/ros/jazzy/opt/gz_math_vendor:/opt/ros/jazzy/opt/gz_utils_vendor:/opt/ros/jazzy/opt/gz_tools_vendor:/opt/ros/jazzy/opt/gz_ogre_next_vendor:/opt/ros/jazzy/opt/gz_dartsim_vendor:/opt/ros/jazzy/opt/gz_cmake_vendor:/opt/ros/jazzy DEBUGINFOD_URLS=https://debuginfod.ubuntu.com LD_LIBRARY_PATH=/home/kamal/projects/nexus/ros2_ws/install/champ_msgs/lib:${LD_LIBRARY_PATH} PYTHONPATH=/home/kamal/projects/nexus/ros2_ws/install/champ_msgs/lib/python3.12/site-packages:${PYTHONPATH} /usr/bin/cmake --build /home/kamal/projects/nexus/ros2_ws/build/champ_base -- -j4 -l4
[1506.674s] DEBUG:colcon.colcon_core.event_handler.log_command:Invoked command in '/home/kamal/projects/nexus/ros2_ws/build/champ_base' returned '0': AMENT_PREFIX_PATH=/home/kamal/projects/nexus/ros2_ws/install/champ_msgs:/home/kamal/projects/nexus/ros2_ws/install/champ:${AMENT_PREFIX_PATH} CMAKE_PREFIX_PATH=/home/kamal/projects/nexus/ros2_ws/install/champ_msgs:/home/kamal/projects/nexus/ros2_ws/install/champ:/opt/ros/jazzy/opt/gz_sim_vendor:/opt/ros/jazzy/opt/gz_sensors_vendor:/opt/ros/jazzy/opt/gz_physics_vendor:/opt/ros/jazzy/opt/sdformat_vendor:/opt/ros/jazzy/opt/gz_gui_vendor:/opt/ros/jazzy/opt/gz_transport_vendor:/opt/ros/jazzy/opt/gz_rendering_vendor:/opt/ros/jazzy/opt/gz_plugin_vendor:/opt/ros/jazzy/opt/gz_fuel_tools_vendor:/opt/ros/jazzy/opt/gz_msgs_vendor:/opt/ros/jazzy/opt/gz_common_vendor:/opt/ros/jazzy/opt/gz_math_vendor:/opt/ros/jazzy/opt/gz_utils_vendor:/opt/ros/jazzy/opt/gz_tools_vendor:/opt/ros/jazzy/opt/gz_ogre_next_vendor:/opt/ros/jazzy/opt/gz_dartsim_vendor:/opt/ros/jazzy/opt/gz_cmake_vendor:/opt/ros/jazzy DEBUGINFOD_URLS=https://debuginfod.ubuntu.com LD_LIBRARY_PATH=/home/kamal/projects/nexus/ros2_ws/install/champ_msgs/lib:${LD_LIBRARY_PATH} PYTHONPATH=/home/kamal/projects/nexus/ros2_ws/install/champ_msgs/lib/python3.12/site-packages:${PYTHONPATH} /usr/bin/cmake --build /home/kamal/projects/nexus/ros2_ws/build/champ_base -- -j4 -l4
[1506.809s] DEBUG:colcon.colcon_core.event_handler.log_command:Invoking command in '/home/kamal/projects/nexus/ros2_ws/build/champ_base': AMENT_PREFIX_PATH=/home/kamal/projects/nexus/ros2_ws/install/champ_msgs:/home/kamal/projects/nexus/ros2_ws/install/champ:${AMENT_PREFIX_PATH} CMAKE_PREFIX_PATH=/home/kamal/projects/nexus/ros2_ws/install/champ_msgs:/home/kamal/projects/nexus/ros2_ws/install/champ:/opt/ros/jazzy/opt/gz_sim_vendor:/opt/ros/jazzy/opt/gz_sensors_vendor:/opt/ros/jazzy/opt/gz_physics_vendor:/opt/ros/jazzy/opt/sdformat_vendor:/opt/ros/jazzy/opt/gz_gui_vendor:/opt/ros/jazzy/opt/gz_transport_vendor:/opt/ros/jazzy/opt/gz_rendering_vendor:/opt/ros/jazzy/opt/gz_plugin_vendor:/opt/ros/jazzy/opt/gz_fuel_tools_vendor:/opt/ros/jazzy/opt/gz_msgs_vendor:/opt/ros/jazzy/opt/gz_common_vendor:/opt/ros/jazzy/opt/gz_math_vendor:/opt/ros/jazzy/opt/gz_utils_vendor:/opt/ros/jazzy/opt/gz_tools_vendor:/opt/ros/jazzy/opt/gz_ogre_next_vendor:/opt/ros/jazzy/opt/gz_dartsim_vendor:/opt/ros/jazzy/opt/gz_cmake_vendor:/opt/ros/jazzy DEBUGINFOD_URLS=https://debuginfod.ubuntu.com LD_LIBRARY_PATH=/home/kamal/projects/nexus/ros2_ws/install/champ_msgs/lib:${LD_LIBRARY_PATH} PYTHONPATH=/home/kamal/projects/nexus/ros2_ws/install/champ_msgs/lib/python3.12/site-packages:${PYTHONPATH} /usr/bin/cmake --install /home/kamal/projects/nexus/ros2_ws/build/champ_base
[1507.862s] Level 1:colcon.colcon_core.environment:create_environment_scripts_only(champ_base)
[1507.867s] Level 1:colcon.colcon_core.environment:checking '/home/kamal/projects/nexus/ros2_ws/install/champ_base' for CMake module files
[1507.871s] DEBUG:colcon.colcon_core.event_handler.log_command:Invoked command in '/home/kamal/projects/nexus/ros2_ws/build/champ_base' returned '0': AMENT_PREFIX_PATH=/home/kamal/projects/nexus/ros2_ws/install/champ_msgs:/home/kamal/projects/nexus/ros2_ws/install/champ:${AMENT_PREFIX_PATH} CMAKE_PREFIX_PATH=/home/kamal/projects/nexus/ros2_ws/install/champ_msgs:/home/kamal/projects/nexus/ros2_ws/install/champ:/opt/ros/jazzy/opt/gz_sim_vendor:/opt/ros/jazzy/opt/gz_sensors_vendor:/opt/ros/jazzy/opt/gz_physics_vendor:/opt/ros/jazzy/opt/sdformat_vendor:/opt/ros/jazzy/opt/gz_gui_vendor:/opt/ros/jazzy/opt/gz_transport_vendor:/opt/ros/jazzy/opt/gz_rendering_vendor:/opt/ros/jazzy/opt/gz_plugin_vendor:/opt/ros/jazzy/opt/gz_fuel_tools_vendor:/opt/ros/jazzy/opt/gz_msgs_vendor:/opt/ros/jazzy/opt/gz_common_vendor:/opt/ros/jazzy/opt/gz_math_vendor:/opt/ros/jazzy/opt/gz_utils_vendor:/opt/ros/jazzy/opt/gz_tools_vendor:/opt/ros/jazzy/opt/gz_ogre_next_vendor:/opt/ros/jazzy/opt/gz_dartsim_vendor:/opt/ros/jazzy/opt/gz_cmake_vendor:/opt/ros/jazzy DEBUGINFOD_URLS=https://debuginfod.ubuntu.com LD_LIBRARY_PATH=/home/kamal/projects/nexus/ros2_ws/install/champ_msgs/lib:${LD_LIBRARY_PATH} PYTHONPATH=/home/kamal/projects/nexus/ros2_ws/install/champ_msgs/lib/python3.12/site-packages:${PYTHONPATH} /usr/bin/cmake --install /home/kamal/projects/nexus/ros2_ws/build/champ_base
[1507.873s] Level 1:colcon.colcon_core.environment:checking '/home/kamal/projects/nexus/ros2_ws/install/champ_base' for CMake config files
[1507.875s] Level 1:colcon.colcon_core.shell:create_environment_hook('champ_base', 'cmake_prefix_path')
[1507.878s] INFO:colcon.colcon_core.shell:Creating environment hook '/home/kamal/projects/nexus/ros2_ws/install/champ_base/share/champ_base/hook/cmake_prefix_path.ps1'
[1507.962s] INFO:colcon.colcon_core.shell:Creating environment descriptor '/home/kamal/projects/nexus/ros2_ws/install/champ_base/share/champ_base/hook/cmake_prefix_path.dsv'
[1508.007s] INFO:colcon.colcon_core.shell:Creating environment hook '/home/kamal/projects/nexus/ros2_ws/install/champ_base/share/champ_base/hook/cmake_prefix_path.sh'
[1508.014s] Level 1:colcon.colcon_core.environment:checking '/home/kamal/projects/nexus/ros2_ws/install/champ_base/lib'
[1508.014s] Level 1:colcon.colcon_core.shell:create_environment_hook('champ_base', 'ld_library_path_lib')
[1508.016s] INFO:colcon.colcon_core.shell:Creating environment hook '/home/kamal/projects/nexus/ros2_ws/install/champ_base/share/champ_base/hook/ld_library_path_lib.ps1'
[1508.018s] INFO:colcon.colcon_core.shell:Creating environment descriptor '/home/kamal/projects/nexus/ros2_ws/install/champ_base/share/champ_base/hook/ld_library_path_lib.dsv'
[1508.022s] INFO:colcon.colcon_core.shell:Creating environment hook '/home/kamal/projects/nexus/ros2_ws/install/champ_base/share/champ_base/hook/ld_library_path_lib.sh'
[1508.026s] Level 1:colcon.colcon_core.environment:checking '/home/kamal/projects/nexus/ros2_ws/install/champ_base/bin'
[1508.026s] Level 1:colcon.colcon_core.shell:create_environment_hook('champ_base', 'path')
[1508.028s] INFO:colcon.colcon_core.shell:Creating environment hook '/home/kamal/projects/nexus/ros2_ws/install/champ_base/share/champ_base/hook/path.ps1'
[1508.030s] INFO:colcon.colcon_core.shell:Creating environment descriptor '/home/kamal/projects/nexus/ros2_ws/install/champ_base/share/champ_base/hook/path.dsv'
[1508.032s] INFO:colcon.colcon_core.shell:Creating environment hook '/home/kamal/projects/nexus/ros2_ws/install/champ_base/share/champ_base/hook/path.sh'
[1508.035s] Level 1:colcon.colcon_core.environment:checking '/home/kamal/projects/nexus/ros2_ws/install/champ_base/lib/pkgconfig/champ_base.pc'
[1508.040s] Level 1:colcon.colcon_core.environment:checking '/home/kamal/projects/nexus/ros2_ws/install/champ_base/lib/python3.12/site-packages'
[1508.043s] Level 1:colcon.colcon_core.environment:checking '/home/kamal/projects/nexus/ros2_ws/install/champ_base/bin'
[1508.045s] Level 1:colcon.colcon_core.shell:create_environment_hook('champ_base', 'pythonscriptspath')
[1508.047s] INFO:colcon.colcon_core.shell:Creating environment hook '/home/kamal/projects/nexus/ros2_ws/install/champ_base/share/champ_base/hook/pythonscriptspath.ps1'
[1508.049s] INFO:colcon.colcon_core.shell:Creating environment descriptor '/home/kamal/projects/nexus/ros2_ws/install/champ_base/share/champ_base/hook/pythonscriptspath.dsv'
[1508.050s] INFO:colcon.colcon_core.shell:Creating environment hook '/home/kamal/projects/nexus/ros2_ws/install/champ_base/share/champ_base/hook/pythonscriptspath.sh'
[1508.054s] INFO:colcon.colcon_core.shell:Creating package script '/home/kamal/projects/nexus/ros2_ws/install/champ_base/share/champ_base/package.ps1'
[1508.058s] INFO:colcon.colcon_core.shell:Creating package descriptor '/home/kamal/projects/nexus/ros2_ws/install/champ_base/share/champ_base/package.dsv'
[1508.061s] INFO:colcon.colcon_core.shell:Creating package script '/home/kamal/projects/nexus/ros2_ws/install/champ_base/share/champ_base/package.sh'
[1508.063s] INFO:colcon.colcon_core.shell:Creating package script '/home/kamal/projects/nexus/ros2_ws/install/champ_base/share/champ_base/package.bash'
[1508.078s] INFO:colcon.colcon_core.shell:Creating package script '/home/kamal/projects/nexus/ros2_ws/install/champ_base/share/champ_base/package.zsh'
[1508.109s] Level 1:colcon.colcon_core.environment:create_file_with_runtime_dependencies(/home/kamal/projects/nexus/ros2_ws/install/champ_base/share/colcon-core/packages/champ_base)
[1508.113s] Level 1:colcon.colcon_core.environment:create_environment_scripts_only(champ_base)
[1508.114s] Level 1:colcon.colcon_core.environment:checking '/home/kamal/projects/nexus/ros2_ws/install/champ_base' for CMake module files
[1508.120s] Level 1:colcon.colcon_core.environment:checking '/home/kamal/projects/nexus/ros2_ws/install/champ_base' for CMake config files
[1508.122s] Level 1:colcon.colcon_core.shell:create_environment_hook('champ_base', 'cmake_prefix_path')
[1508.124s] INFO:colcon.colcon_core.shell:Creating environment hook '/home/kamal/projects/nexus/ros2_ws/install/champ_base/share/champ_base/hook/cmake_prefix_path.ps1'
[1508.127s] INFO:colcon.colcon_core.shell:Creating environment descriptor '/home/kamal/projects/nexus/ros2_ws/install/champ_base/share/champ_base/hook/cmake_prefix_path.dsv'
[1508.129s] INFO:colcon.colcon_core.shell:Creating environment hook '/home/kamal/projects/nexus/ros2_ws/install/champ_base/share/champ_base/hook/cmake_prefix_path.sh'
[1508.132s] Level 1:colcon.colcon_core.environment:checking '/home/kamal/projects/nexus/ros2_ws/install/champ_base/lib'
[1508.132s] Level 1:colcon.colcon_core.shell:create_environment_hook('champ_base', 'ld_library_path_lib')
[1508.134s] INFO:colcon.colcon_core.shell:Creating environment hook '/home/kamal/projects/nexus/ros2_ws/install/champ_base/share/champ_base/hook/ld_library_path_lib.ps1'
[1508.137s] INFO:colcon.colcon_core.shell:Creating environment descriptor '/home/kamal/projects/nexus/ros2_ws/install/champ_base/share/champ_base/hook/ld_library_path_lib.dsv'
[1508.139s] INFO:colcon.colcon_core.shell:Creating environment hook '/home/kamal/projects/nexus/ros2_ws/install/champ_base/share/champ_base/hook/ld_library_path_lib.sh'
[1508.141s] Level 1:colcon.colcon_core.environment:checking '/home/kamal/projects/nexus/ros2_ws/install/champ_base/bin'
[1508.141s] Level 1:colcon.colcon_core.shell:create_environment_hook('champ_base', 'path')
[1508.142s] INFO:colcon.colcon_core.shell:Creating environment hook '/home/kamal/projects/nexus/ros2_ws/install/champ_base/share/champ_base/hook/path.ps1'
[1508.144s] INFO:colcon.colcon_core.shell:Creating environment descriptor '/home/kamal/projects/nexus/ros2_ws/install/champ_base/share/champ_base/hook/path.dsv'
[1508.145s] INFO:colcon.colcon_core.shell:Creating environment hook '/home/kamal/projects/nexus/ros2_ws/install/champ_base/share/champ_base/hook/path.sh'
[1508.146s] Level 1:colcon.colcon_core.environment:checking '/home/kamal/projects/nexus/ros2_ws/install/champ_base/lib/pkgconfig/champ_base.pc'
[1508.147s] Level 1:colcon.colcon_core.environment:checking '/home/kamal/projects/nexus/ros2_ws/install/champ_base/lib/python3.12/site-packages'
[1508.148s] Level 1:colcon.colcon_core.environment:checking '/home/kamal/projects/nexus/ros2_ws/install/champ_base/bin'
[1508.149s] Level 1:colcon.colcon_core.shell:create_environment_hook('champ_base', 'pythonscriptspath')
[1508.149s] INFO:colcon.colcon_core.shell:Creating environment hook '/home/kamal/projects/nexus/ros2_ws/install/champ_base/share/champ_base/hook/pythonscriptspath.ps1'
[1508.151s] INFO:colcon.colcon_core.shell:Creating environment descriptor '/home/kamal/projects/nexus/ros2_ws/install/champ_base/share/champ_base/hook/pythonscriptspath.dsv'
[1508.153s] INFO:colcon.colcon_core.shell:Creating environment hook '/home/kamal/projects/nexus/ros2_ws/install/champ_base/share/champ_base/hook/pythonscriptspath.sh'
[1508.157s] INFO:colcon.colcon_core.shell:Creating package script '/home/kamal/projects/nexus/ros2_ws/install/champ_base/share/champ_base/package.ps1'
[1508.160s] INFO:colcon.colcon_core.shell:Creating package descriptor '/home/kamal/projects/nexus/ros2_ws/install/champ_base/share/champ_base/package.dsv'
[1508.163s] INFO:colcon.colcon_core.shell:Creating package script '/home/kamal/projects/nexus/ros2_ws/install/champ_base/share/champ_base/package.sh'
[1508.164s] INFO:colcon.colcon_core.shell:Creating package script '/home/kamal/projects/nexus/ros2_ws/install/champ_base/share/champ_base/package.bash'
[1508.166s] INFO:colcon.colcon_core.shell:Creating package script '/home/kamal/projects/nexus/ros2_ws/install/champ_base/share/champ_base/package.zsh'
[1508.167s] Level 1:colcon.colcon_core.environment:create_file_with_runtime_dependencies(/home/kamal/projects/nexus/ros2_ws/install/champ_base/share/colcon-core/packages/champ_base)
[1508.170s] DEBUG:colcon.colcon_parallel_executor.executor.parallel:closing loop
[1508.210s] DEBUG:colcon.colcon_parallel_executor.executor.parallel:loop closed
[1508.210s] DEBUG:colcon.colcon_parallel_executor.executor.parallel:run_until_complete finished with '0'
[1508.212s] DEBUG:colcon.colcon_core.event_reactor:joining thread
[1508.931s] INFO:colcon.colcon_core.plugin_system:Skipping extension 'colcon_notification.desktop_notification.terminal_notifier': Not used on non-Darwin systems
[1508.931s] INFO:colcon.colcon_core.plugin_system:Skipping extension 'colcon_notification.desktop_notification.win32': Not used on non-Windows systems
[1508.932s] INFO:colcon.colcon_notification.desktop_notification:Sending desktop notification using 'notify2'
[1509.818s] DEBUG:colcon.colcon_core.event_reactor:joined thread
[1509.819s] INFO:colcon.colcon_core.shell:Creating prefix script '/home/kamal/projects/nexus/ros2_ws/install/local_setup.ps1'
[1509.835s] INFO:colcon.colcon_core.shell:Creating prefix util module '/home/kamal/projects/nexus/ros2_ws/install/_local_setup_util_ps1.py'
[1509.855s] INFO:colcon.colcon_core.shell:Creating prefix chain script '/home/kamal/projects/nexus/ros2_ws/install/setup.ps1'
[1509.861s] INFO:colcon.colcon_core.shell:Creating prefix script '/home/kamal/projects/nexus/ros2_ws/install/local_setup.sh'
[1509.872s] INFO:colcon.colcon_core.shell:Creating prefix util module '/home/kamal/projects/nexus/ros2_ws/install/_local_setup_util_sh.py'
[1509.874s] INFO:colcon.colcon_core.shell:Creating prefix chain script '/home/kamal/projects/nexus/ros2_ws/install/setup.sh'
[1509.878s] INFO:colcon.colcon_core.shell:Creating prefix script '/home/kamal/projects/nexus/ros2_ws/install/local_setup.bash'
[1509.909s] INFO:colcon.colcon_core.shell:Creating prefix chain script '/home/kamal/projects/nexus/ros2_ws/install/setup.bash'
[1509.913s] INFO:colcon.colcon_core.shell:Creating prefix script '/home/kamal/projects/nexus/ros2_ws/install/local_setup.zsh'
[1509.915s] INFO:colcon.colcon_core.shell:Creating prefix chain script '/home/kamal/projects/nexus/ros2_ws/install/setup.zsh'
