[0.073s] Invoking command in '/home/kamal/projects/nexus/ros2_ws/build/unitree_go2_sim': CMAKE_PREFIX_PATH=${CMAKE_PREFIX_PATH}:/opt/ros/jazzy DEBUGINFOD_URLS=https://debuginfod.ubuntu.com /usr/bin/cmake /home/kamal/projects/nexus/ros2_ws/src/unitree_go2_ros2/unitree_go2_sim -DAMENT_CMAKE_SYMLINK_INSTALL=1 -DCMAKE_INSTALL_PREFIX=/home/kamal/projects/nexus/ros2_ws/install/unitree_go2_sim
[2.814s] -- The C compiler identification is GNU 13.3.0
[3.789s] -- The CXX compiler identification is GNU 13.3.0
[3.894s] -- Detecting C compiler ABI info
[4.434s] -- Detecting C compiler ABI info - done
[4.491s] -- Check for working C compiler: /usr/bin/cc - skipped
[4.494s] -- Detecting C compile features
[4.515s] -- Detecting C compile features - done
[4.568s] -- Detecting CXX compiler ABI info
[5.197s] -- Detecting CXX compiler ABI info - done
[5.247s] -- Check for working CXX compiler: /usr/bin/c++ - skipped
[5.248s] -- Detecting CXX compile features
[5.251s] -- Detecting CXX compile features - done
[5.448s] -- Found ament_cmake: 2.5.6 (/opt/ros/jazzy/share/ament_cmake/cmake)
[6.365s] -- Found Python3: /usr/bin/python3 (found version "3.12.3") found components: Interpreter 
[6.849s] -- Override CMake install command with custom implementation using symlinks instead of copying resources
[7.907s] -- Configuring done (6.9s)
[7.920s] -- Generating done (0.0s)
[7.931s] -- Build files have been written to: /home/kamal/projects/nexus/ros2_ws/build/unitree_go2_sim
[7.949s] Invoked command in '/home/kamal/projects/nexus/ros2_ws/build/unitree_go2_sim' returned '0': CMAKE_PREFIX_PATH=${CMAKE_PREFIX_PATH}:/opt/ros/jazzy DEBUGINFOD_URLS=https://debuginfod.ubuntu.com /usr/bin/cmake /home/kamal/projects/nexus/ros2_ws/src/unitree_go2_ros2/unitree_go2_sim -DAMENT_CMAKE_SYMLINK_INSTALL=1 -DCMAKE_INSTALL_PREFIX=/home/kamal/projects/nexus/ros2_ws/install/unitree_go2_sim
[7.955s] Invoking command in '/home/kamal/projects/nexus/ros2_ws/build/unitree_go2_sim': CMAKE_PREFIX_PATH=${CMAKE_PREFIX_PATH}:/opt/ros/jazzy DEBUGINFOD_URLS=https://debuginfod.ubuntu.com /usr/bin/cmake --build /home/kamal/projects/nexus/ros2_ws/build/unitree_go2_sim -- -j4 -l4
[8.185s] Invoked command in '/home/kamal/projects/nexus/ros2_ws/build/unitree_go2_sim' returned '0': CMAKE_PREFIX_PATH=${CMAKE_PREFIX_PATH}:/opt/ros/jazzy DEBUGINFOD_URLS=https://debuginfod.ubuntu.com /usr/bin/cmake --build /home/kamal/projects/nexus/ros2_ws/build/unitree_go2_sim -- -j4 -l4
[8.187s] Invoking command in '/home/kamal/projects/nexus/ros2_ws/build/unitree_go2_sim': CMAKE_PREFIX_PATH=${CMAKE_PREFIX_PATH}:/opt/ros/jazzy DEBUGINFOD_URLS=https://debuginfod.ubuntu.com /usr/bin/cmake --install /home/kamal/projects/nexus/ros2_ws/build/unitree_go2_sim
[8.226s] -- Install configuration: ""
[8.227s] -- Execute custom install script
[8.229s] -- Symlinking: /home/kamal/projects/nexus/ros2_ws/install/unitree_go2_sim/share/unitree_go2_sim/launch/unitree_go2_launch.py
[8.270s] -- Symlinking: /home/kamal/projects/nexus/ros2_ws/install/unitree_go2_sim/share/unitree_go2_sim/config/gait/gait.yaml
[8.311s] -- Symlinking: /home/kamal/projects/nexus/ros2_ws/install/unitree_go2_sim/share/unitree_go2_sim/config/joints/joints.yaml
[8.344s] -- Symlinking: /home/kamal/projects/nexus/ros2_ws/install/unitree_go2_sim/share/unitree_go2_sim/config/links/links.yaml
[8.382s] -- Symlinking: /home/kamal/projects/nexus/ros2_ws/install/unitree_go2_sim/share/unitree_go2_sim/config/ros_control/ros_control.yaml
[8.452s] -- Symlinking: /home/kamal/projects/nexus/ros2_ws/install/unitree_go2_sim/share/unitree_go2_sim/rviz/rviz.rviz
[8.542s] -- Symlinking: /home/kamal/projects/nexus/ros2_ws/install/unitree_go2_sim/share/ament_index/resource_index/package_run_dependencies/unitree_go2_sim
[8.578s] -- Symlinking: /home/kamal/projects/nexus/ros2_ws/install/unitree_go2_sim/share/ament_index/resource_index/parent_prefix_path/unitree_go2_sim
[8.619s] -- Symlinking: /home/kamal/projects/nexus/ros2_ws/install/unitree_go2_sim/share/unitree_go2_sim/environment/ament_prefix_path.sh
[8.657s] -- Symlinking: /home/kamal/projects/nexus/ros2_ws/install/unitree_go2_sim/share/unitree_go2_sim/environment/ament_prefix_path.dsv
[8.732s] -- Symlinking: /home/kamal/projects/nexus/ros2_ws/install/unitree_go2_sim/share/unitree_go2_sim/environment/path.sh
[8.815s] -- Symlinking: /home/kamal/projects/nexus/ros2_ws/install/unitree_go2_sim/share/unitree_go2_sim/environment/path.dsv
[8.852s] -- Symlinking: /home/kamal/projects/nexus/ros2_ws/install/unitree_go2_sim/share/unitree_go2_sim/local_setup.bash
[8.929s] -- Symlinking: /home/kamal/projects/nexus/ros2_ws/install/unitree_go2_sim/share/unitree_go2_sim/local_setup.sh
[8.962s] -- Symlinking: /home/kamal/projects/nexus/ros2_ws/install/unitree_go2_sim/share/unitree_go2_sim/local_setup.zsh
[8.993s] -- Symlinking: /home/kamal/projects/nexus/ros2_ws/install/unitree_go2_sim/share/unitree_go2_sim/local_setup.dsv
[9.026s] -- Symlinking: /home/kamal/projects/nexus/ros2_ws/install/unitree_go2_sim/share/unitree_go2_sim/package.dsv
[9.061s] -- Symlinking: /home/kamal/projects/nexus/ros2_ws/install/unitree_go2_sim/share/ament_index/resource_index/packages/unitree_go2_sim
[9.103s] -- Symlinking: /home/kamal/projects/nexus/ros2_ws/install/unitree_go2_sim/share/unitree_go2_sim/cmake/unitree_go2_simConfig.cmake
[9.144s] -- Symlinking: /home/kamal/projects/nexus/ros2_ws/install/unitree_go2_sim/share/unitree_go2_sim/cmake/unitree_go2_simConfig-version.cmake
[9.180s] -- Symlinking: /home/kamal/projects/nexus/ros2_ws/install/unitree_go2_sim/share/unitree_go2_sim/package.xml
[9.227s] Invoked command in '/home/kamal/projects/nexus/ros2_ws/build/unitree_go2_sim' returned '0': CMAKE_PREFIX_PATH=${CMAKE_PREFIX_PATH}:/opt/ros/jazzy DEBUGINFOD_URLS=https://debuginfod.ubuntu.com /usr/bin/cmake --install /home/kamal/projects/nexus/ros2_ws/build/unitree_go2_sim
