-- The C compiler identification is GNU 13.3.0
-- The CXX compiler identification is GNU 13.3.0
-- Detecting C compiler ABI info
-- Detecting C compiler ABI info - done
-- Check for working C compiler: /usr/bin/cc - skipped
-- Detecting C compile features
-- Detecting C compile features - done
-- Detecting CXX compiler ABI info
-- Detecting CXX compiler ABI info - done
-- Check for working CXX compiler: /usr/bin/c++ - skipped
-- Detecting CXX compile features
-- Detecting CXX compile features - done
-- Found ament_cmake: 2.5.6 (/opt/ros/jazzy/share/ament_cmake/cmake)
-- Found Python3: /usr/bin/python3 (found version "3.12.3") found components: Interpreter 
-- Override CMake install command with custom implementation using symlinks instead of copying resources
-- Found rosidl_default_generators: 1.6.0 (/opt/ros/jazzy/share/rosidl_default_generators/cmake)
-- Using all available rosidl_typesupport_c: rosidl_typesupport_fastrtps_c;rosidl_typesupport_introspection_c
-- Using all available rosidl_typesupport_cpp: rosidl_typesupport_fastrtps_cpp;rosidl_typesupport_introspection_cpp
-- Found rosidl_adapter: 4.6.7 (/opt/ros/jazzy/share/rosidl_adapter/cmake)
-- Found std_msgs: 5.3.7 (/opt/ros/jazzy/share/std_msgs/cmake)
-- Found geometry_msgs: 5.3.7 (/opt/ros/jazzy/share/geometry_msgs/cmake)
-- Found ament_cmake_ros: 0.12.0 (/opt/ros/jazzy/share/ament_cmake_ros/cmake)
-- Using all available rosidl_typesupport_c: rosidl_typesupport_fastrtps_c;rosidl_typesupport_introspection_c
-- Using all available rosidl_typesupport_cpp: rosidl_typesupport_fastrtps_cpp;rosidl_typesupport_introspection_cpp
-- Found python_cmake_module: 0.11.1 (/opt/ros/jazzy/share/python_cmake_module/cmake)
-- Found PythonExtra: /usr/bin/python3  
-- Found Python3: /usr/bin/python3 (found version "3.12.3") found components: Interpreter Development NumPy Development.Module Development.Embed 
-- Found Python3: /usr/bin/python3 (found version "3.12.3") found components: Interpreter 
-- Found ament_lint_auto: 0.17.5 (/opt/ros/jazzy/share/ament_lint_auto/cmake)
-- Configuring done (21.0s)
-- Generating done (0.2s)
-- Build files have been written to: /home/kamal/projects/nexus/ros2_ws/build/champ_msgs
[  1%] Generating type hashes for ROS interfaces
[  2%] Generating Rust code for ROS interfaces
[  2%] Built target ament_cmake_python_symlink_champ_msgs
running egg_info
creating champ_msgs.egg-info
writing champ_msgs.egg-info/PKG-INFO
writing dependency_links to champ_msgs.egg-info/dependency_links.txt
writing top-level names to champ_msgs.egg-info/top_level.txt
writing manifest file 'champ_msgs.egg-info/SOURCES.txt'
reading manifest file 'champ_msgs.egg-info/SOURCES.txt'
writing manifest file 'champ_msgs.egg-info/SOURCES.txt'
[  2%] Built target champ_msgs__rosidl_generator_type_description
[  2%] Built target ament_cmake_python_build_champ_msgs_egg
[  2%] Built target champ_msgs__rs
[  3%] Generating C code for ROS interfaces
[  3%] Generating C++ code for ROS interfaces
[  3%] Built target champ_msgs__cpp
[  4%] Building C object CMakeFiles/champ_msgs__rosidl_generator_c.dir/rosidl_generator_c/champ_msgs/msg/detail/velocities__description.c.o
[  5%] Building C object CMakeFiles/champ_msgs__rosidl_generator_c.dir/rosidl_generator_c/champ_msgs/msg/detail/velocities__type_support.c.o
[  6%] Building C object CMakeFiles/champ_msgs__rosidl_generator_c.dir/rosidl_generator_c/champ_msgs/msg/detail/velocities__functions.c.o
[  7%] Building C object CMakeFiles/champ_msgs__rosidl_generator_c.dir/rosidl_generator_c/champ_msgs/msg/detail/pid__description.c.o
[  7%] Building C object CMakeFiles/champ_msgs__rosidl_generator_c.dir/rosidl_generator_c/champ_msgs/msg/detail/pid__functions.c.o
[  8%] Building C object CMakeFiles/champ_msgs__rosidl_generator_c.dir/rosidl_generator_c/champ_msgs/msg/detail/pid__type_support.c.o
[  9%] Building C object CMakeFiles/champ_msgs__rosidl_generator_c.dir/rosidl_generator_c/champ_msgs/msg/detail/imu__description.c.o
[ 10%] Building C object CMakeFiles/champ_msgs__rosidl_generator_c.dir/rosidl_generator_c/champ_msgs/msg/detail/imu__functions.c.o
[ 11%] Building C object CMakeFiles/champ_msgs__rosidl_generator_c.dir/rosidl_generator_c/champ_msgs/msg/detail/imu__type_support.c.o
[ 12%] Building C object CMakeFiles/champ_msgs__rosidl_generator_c.dir/rosidl_generator_c/champ_msgs/msg/detail/point__functions.c.o
[ 13%] Building C object CMakeFiles/champ_msgs__rosidl_generator_c.dir/rosidl_generator_c/champ_msgs/msg/detail/point__description.c.o
[ 14%] Building C object CMakeFiles/champ_msgs__rosidl_generator_c.dir/rosidl_generator_c/champ_msgs/msg/detail/point__type_support.c.o
[ 14%] Building C object CMakeFiles/champ_msgs__rosidl_generator_c.dir/rosidl_generator_c/champ_msgs/msg/detail/point_array__description.c.o
[ 15%] Building C object CMakeFiles/champ_msgs__rosidl_generator_c.dir/rosidl_generator_c/champ_msgs/msg/detail/point_array__functions.c.o
[ 16%] Building C object CMakeFiles/champ_msgs__rosidl_generator_c.dir/rosidl_generator_c/champ_msgs/msg/detail/point_array__type_support.c.o
[ 17%] Building C object CMakeFiles/champ_msgs__rosidl_generator_c.dir/rosidl_generator_c/champ_msgs/msg/detail/joints__functions.c.o
[ 18%] Building C object CMakeFiles/champ_msgs__rosidl_generator_c.dir/rosidl_generator_c/champ_msgs/msg/detail/joints__type_support.c.o
[ 19%] Building C object CMakeFiles/champ_msgs__rosidl_generator_c.dir/rosidl_generator_c/champ_msgs/msg/detail/joints__description.c.o
[ 20%] Building C object CMakeFiles/champ_msgs__rosidl_generator_c.dir/rosidl_generator_c/champ_msgs/msg/detail/contacts__description.c.o
[ 21%] Building C object CMakeFiles/champ_msgs__rosidl_generator_c.dir/rosidl_generator_c/champ_msgs/msg/detail/contacts__functions.c.o
[ 22%] Building C object CMakeFiles/champ_msgs__rosidl_generator_c.dir/rosidl_generator_c/champ_msgs/msg/detail/contacts_stamped__description.c.o
[ 22%] Building C object CMakeFiles/champ_msgs__rosidl_generator_c.dir/rosidl_generator_c/champ_msgs/msg/detail/contacts__type_support.c.o
[ 23%] Building C object CMakeFiles/champ_msgs__rosidl_generator_c.dir/rosidl_generator_c/champ_msgs/msg/detail/contacts_stamped__functions.c.o
[ 24%] Building C object CMakeFiles/champ_msgs__rosidl_generator_c.dir/rosidl_generator_c/champ_msgs/msg/detail/contacts_stamped__type_support.c.o
[ 25%] Building C object CMakeFiles/champ_msgs__rosidl_generator_c.dir/rosidl_generator_c/champ_msgs/msg/detail/pose__description.c.o
[ 26%] Building C object CMakeFiles/champ_msgs__rosidl_generator_c.dir/rosidl_generator_c/champ_msgs/msg/detail/pose__type_support.c.o
[ 27%] Building C object CMakeFiles/champ_msgs__rosidl_generator_c.dir/rosidl_generator_c/champ_msgs/msg/detail/pose__functions.c.o
[ 27%] Linking C shared library libchamp_msgs__rosidl_generator_c.so
[ 27%] Built target champ_msgs__rosidl_generator_c
[ 28%] Generating C type support for eProsima Fast-RTPS
[ 29%] Generating C introspection for ROS interfaces
[ 30%] Generating C++ type support for eProsima Fast-RTPS
[ 31%] Generating C type support dispatch for ROS interfaces
[ 32%] Building CXX object CMakeFiles/champ_msgs__rosidl_typesupport_c.dir/rosidl_typesupport_c/champ_msgs/msg/velocities__type_support.cpp.o
[ 33%] Building CXX object CMakeFiles/champ_msgs__rosidl_typesupport_c.dir/rosidl_typesupport_c/champ_msgs/msg/pid__type_support.cpp.o
[ 34%] Building C object CMakeFiles/champ_msgs__rosidl_typesupport_introspection_c.dir/rosidl_typesupport_introspection_c/champ_msgs/msg/detail/velocities__type_support.c.o
[ 35%] Building CXX object CMakeFiles/champ_msgs__rosidl_typesupport_c.dir/rosidl_typesupport_c/champ_msgs/msg/imu__type_support.cpp.o
[ 35%] Building CXX object CMakeFiles/champ_msgs__rosidl_typesupport_c.dir/rosidl_typesupport_c/champ_msgs/msg/point__type_support.cpp.o
[ 36%] Building C object CMakeFiles/champ_msgs__rosidl_typesupport_introspection_c.dir/rosidl_typesupport_introspection_c/champ_msgs/msg/detail/pid__type_support.c.o
[ 36%] Building CXX object CMakeFiles/champ_msgs__rosidl_typesupport_fastrtps_cpp.dir/rosidl_typesupport_fastrtps_cpp/champ_msgs/msg/detail/dds_fastrtps/velocities__type_support.cpp.o
[ 37%] Building CXX object CMakeFiles/champ_msgs__rosidl_typesupport_fastrtps_c.dir/rosidl_typesupport_fastrtps_c/champ_msgs/msg/detail/velocities__type_support_c.cpp.o
[ 38%] Building CXX object CMakeFiles/champ_msgs__rosidl_typesupport_c.dir/rosidl_typesupport_c/champ_msgs/msg/point_array__type_support.cpp.o
[ 39%] Building C object CMakeFiles/champ_msgs__rosidl_typesupport_introspection_c.dir/rosidl_typesupport_introspection_c/champ_msgs/msg/detail/imu__type_support.c.o
[ 40%] Building CXX object CMakeFiles/champ_msgs__rosidl_typesupport_c.dir/rosidl_typesupport_c/champ_msgs/msg/joints__type_support.cpp.o
[ 41%] Building CXX object CMakeFiles/champ_msgs__rosidl_typesupport_c.dir/rosidl_typesupport_c/champ_msgs/msg/contacts__type_support.cpp.o
[ 42%] Building C object CMakeFiles/champ_msgs__rosidl_typesupport_introspection_c.dir/rosidl_typesupport_introspection_c/champ_msgs/msg/detail/point__type_support.c.o
[ 43%] Building CXX object CMakeFiles/champ_msgs__rosidl_typesupport_c.dir/rosidl_typesupport_c/champ_msgs/msg/contacts_stamped__type_support.cpp.o
[ 44%] Building C object CMakeFiles/champ_msgs__rosidl_typesupport_introspection_c.dir/rosidl_typesupport_introspection_c/champ_msgs/msg/detail/point_array__type_support.c.o
[ 45%] Building CXX object CMakeFiles/champ_msgs__rosidl_typesupport_c.dir/rosidl_typesupport_c/champ_msgs/msg/pose__type_support.cpp.o
[ 45%] Building C object CMakeFiles/champ_msgs__rosidl_typesupport_introspection_c.dir/rosidl_typesupport_introspection_c/champ_msgs/msg/detail/joints__type_support.c.o
[ 46%] Linking CXX shared library libchamp_msgs__rosidl_typesupport_c.so
[ 47%] Building C object CMakeFiles/champ_msgs__rosidl_typesupport_introspection_c.dir/rosidl_typesupport_introspection_c/champ_msgs/msg/detail/contacts__type_support.c.o
[ 48%] Building C object CMakeFiles/champ_msgs__rosidl_typesupport_introspection_c.dir/rosidl_typesupport_introspection_c/champ_msgs/msg/detail/contacts_stamped__type_support.c.o
[ 48%] Built target champ_msgs__rosidl_typesupport_c
[ 49%] Building C object CMakeFiles/champ_msgs__rosidl_typesupport_introspection_c.dir/rosidl_typesupport_introspection_c/champ_msgs/msg/detail/pose__type_support.c.o
[ 50%] Building CXX object CMakeFiles/champ_msgs__rosidl_typesupport_fastrtps_cpp.dir/rosidl_typesupport_fastrtps_cpp/champ_msgs/msg/detail/dds_fastrtps/pid__type_support.cpp.o
[ 51%] Linking C shared library libchamp_msgs__rosidl_typesupport_introspection_c.so
[ 51%] Built target champ_msgs__rosidl_typesupport_introspection_c
[ 52%] Generating C++ introspection for ROS interfaces
[ 53%] Building CXX object CMakeFiles/champ_msgs__rosidl_typesupport_fastrtps_c.dir/rosidl_typesupport_fastrtps_c/champ_msgs/msg/detail/pid__type_support_c.cpp.o
[ 54%] Building CXX object CMakeFiles/champ_msgs__rosidl_typesupport_fastrtps_cpp.dir/rosidl_typesupport_fastrtps_cpp/champ_msgs/msg/detail/dds_fastrtps/imu__type_support.cpp.o
[ 54%] Generating C++ type support dispatch for ROS interfaces
[ 55%] Building CXX object CMakeFiles/champ_msgs__rosidl_typesupport_introspection_cpp.dir/rosidl_typesupport_introspection_cpp/champ_msgs/msg/detail/velocities__type_support.cpp.o
[ 56%] Building CXX object CMakeFiles/champ_msgs__rosidl_typesupport_fastrtps_cpp.dir/rosidl_typesupport_fastrtps_cpp/champ_msgs/msg/detail/dds_fastrtps/point__type_support.cpp.o
[ 57%] Building CXX object CMakeFiles/champ_msgs__rosidl_typesupport_cpp.dir/rosidl_typesupport_cpp/champ_msgs/msg/velocities__type_support.cpp.o
[ 58%] Building CXX object CMakeFiles/champ_msgs__rosidl_typesupport_fastrtps_c.dir/rosidl_typesupport_fastrtps_c/champ_msgs/msg/detail/imu__type_support_c.cpp.o
[ 58%] Building CXX object CMakeFiles/champ_msgs__rosidl_typesupport_introspection_cpp.dir/rosidl_typesupport_introspection_cpp/champ_msgs/msg/detail/pid__type_support.cpp.o
[ 59%] Building CXX object CMakeFiles/champ_msgs__rosidl_typesupport_cpp.dir/rosidl_typesupport_cpp/champ_msgs/msg/pid__type_support.cpp.o
[ 60%] Building CXX object CMakeFiles/champ_msgs__rosidl_typesupport_fastrtps_c.dir/rosidl_typesupport_fastrtps_c/champ_msgs/msg/detail/point__type_support_c.cpp.o
[ 61%] Building CXX object CMakeFiles/champ_msgs__rosidl_typesupport_introspection_cpp.dir/rosidl_typesupport_introspection_cpp/champ_msgs/msg/detail/imu__type_support.cpp.o
[ 62%] Building CXX object CMakeFiles/champ_msgs__rosidl_typesupport_fastrtps_cpp.dir/rosidl_typesupport_fastrtps_cpp/champ_msgs/msg/detail/dds_fastrtps/point_array__type_support.cpp.o
[ 63%] Building CXX object CMakeFiles/champ_msgs__rosidl_typesupport_cpp.dir/rosidl_typesupport_cpp/champ_msgs/msg/imu__type_support.cpp.o
[ 64%] Building CXX object CMakeFiles/champ_msgs__rosidl_typesupport_introspection_cpp.dir/rosidl_typesupport_introspection_cpp/champ_msgs/msg/detail/point__type_support.cpp.o
[ 64%] Building CXX object CMakeFiles/champ_msgs__rosidl_typesupport_fastrtps_c.dir/rosidl_typesupport_fastrtps_c/champ_msgs/msg/detail/point_array__type_support_c.cpp.o
[ 65%] Building CXX object CMakeFiles/champ_msgs__rosidl_typesupport_cpp.dir/rosidl_typesupport_cpp/champ_msgs/msg/point__type_support.cpp.o
[ 66%] Building CXX object CMakeFiles/champ_msgs__rosidl_typesupport_fastrtps_cpp.dir/rosidl_typesupport_fastrtps_cpp/champ_msgs/msg/detail/dds_fastrtps/joints__type_support.cpp.o
[ 67%] Building CXX object CMakeFiles/champ_msgs__rosidl_typesupport_introspection_cpp.dir/rosidl_typesupport_introspection_cpp/champ_msgs/msg/detail/point_array__type_support.cpp.o
[ 68%] Building CXX object CMakeFiles/champ_msgs__rosidl_typesupport_cpp.dir/rosidl_typesupport_cpp/champ_msgs/msg/point_array__type_support.cpp.o
[ 69%] Building CXX object CMakeFiles/champ_msgs__rosidl_typesupport_fastrtps_c.dir/rosidl_typesupport_fastrtps_c/champ_msgs/msg/detail/joints__type_support_c.cpp.o
[ 70%] Building CXX object CMakeFiles/champ_msgs__rosidl_typesupport_fastrtps_cpp.dir/rosidl_typesupport_fastrtps_cpp/champ_msgs/msg/detail/dds_fastrtps/contacts__type_support.cpp.o
[ 71%] Building CXX object CMakeFiles/champ_msgs__rosidl_typesupport_introspection_cpp.dir/rosidl_typesupport_introspection_cpp/champ_msgs/msg/detail/joints__type_support.cpp.o
[ 72%] Building CXX object CMakeFiles/champ_msgs__rosidl_typesupport_cpp.dir/rosidl_typesupport_cpp/champ_msgs/msg/joints__type_support.cpp.o
[ 73%] Building CXX object CMakeFiles/champ_msgs__rosidl_typesupport_fastrtps_c.dir/rosidl_typesupport_fastrtps_c/champ_msgs/msg/detail/contacts__type_support_c.cpp.o
[ 74%] Building CXX object CMakeFiles/champ_msgs__rosidl_typesupport_introspection_cpp.dir/rosidl_typesupport_introspection_cpp/champ_msgs/msg/detail/contacts__type_support.cpp.o
[ 75%] Building CXX object CMakeFiles/champ_msgs__rosidl_typesupport_cpp.dir/rosidl_typesupport_cpp/champ_msgs/msg/contacts__type_support.cpp.o
[ 76%] Building CXX object CMakeFiles/champ_msgs__rosidl_typesupport_fastrtps_cpp.dir/rosidl_typesupport_fastrtps_cpp/champ_msgs/msg/detail/dds_fastrtps/contacts_stamped__type_support.cpp.o
[ 77%] Building CXX object CMakeFiles/champ_msgs__rosidl_typesupport_introspection_cpp.dir/rosidl_typesupport_introspection_cpp/champ_msgs/msg/detail/contacts_stamped__type_support.cpp.o
[ 78%] Building CXX object CMakeFiles/champ_msgs__rosidl_typesupport_fastrtps_c.dir/rosidl_typesupport_fastrtps_c/champ_msgs/msg/detail/contacts_stamped__type_support_c.cpp.o
[ 78%] Building CXX object CMakeFiles/champ_msgs__rosidl_typesupport_cpp.dir/rosidl_typesupport_cpp/champ_msgs/msg/contacts_stamped__type_support.cpp.o
[ 78%] Building CXX object CMakeFiles/champ_msgs__rosidl_typesupport_fastrtps_cpp.dir/rosidl_typesupport_fastrtps_cpp/champ_msgs/msg/detail/dds_fastrtps/pose__type_support.cpp.o
[ 79%] Building CXX object CMakeFiles/champ_msgs__rosidl_typesupport_introspection_cpp.dir/rosidl_typesupport_introspection_cpp/champ_msgs/msg/detail/pose__type_support.cpp.o
[ 80%] Building CXX object CMakeFiles/champ_msgs__rosidl_typesupport_cpp.dir/rosidl_typesupport_cpp/champ_msgs/msg/pose__type_support.cpp.o
[ 81%] Building CXX object CMakeFiles/champ_msgs__rosidl_typesupport_fastrtps_c.dir/rosidl_typesupport_fastrtps_c/champ_msgs/msg/detail/pose__type_support_c.cpp.o
[ 81%] Linking CXX shared library libchamp_msgs__rosidl_typesupport_introspection_cpp.so
[ 82%] Linking CXX shared library libchamp_msgs__rosidl_typesupport_fastrtps_cpp.so
[ 83%] Linking CXX shared library libchamp_msgs__rosidl_typesupport_cpp.so
[ 83%] Built target champ_msgs__rosidl_typesupport_cpp
[ 83%] Built target champ_msgs__rosidl_typesupport_introspection_cpp
[ 83%] Built target champ_msgs__rosidl_typesupport_fastrtps_cpp
[ 84%] Linking CXX shared library libchamp_msgs__rosidl_typesupport_fastrtps_c.so
[ 84%] Built target champ_msgs__rosidl_typesupport_fastrtps_c
[ 84%] Built target champ_msgs
[ 85%] Generating Python code for ROS interfaces
[ 85%] Built target champ_msgs__py
[ 86%] Building C object CMakeFiles/champ_msgs__rosidl_generator_py.dir/rosidl_generator_py/champ_msgs/msg/_velocities_s.c.o
[ 87%] Building C object CMakeFiles/champ_msgs__rosidl_generator_py.dir/rosidl_generator_py/champ_msgs/msg/_pid_s.c.o
[ 88%] Building C object CMakeFiles/champ_msgs__rosidl_generator_py.dir/rosidl_generator_py/champ_msgs/msg/_point_s.c.o
[ 89%] Building C object CMakeFiles/champ_msgs__rosidl_generator_py.dir/rosidl_generator_py/champ_msgs/msg/_imu_s.c.o
[ 90%] Building C object CMakeFiles/champ_msgs__rosidl_generator_py.dir/rosidl_generator_py/champ_msgs/msg/_point_array_s.c.o
[ 91%] Building C object CMakeFiles/champ_msgs__rosidl_generator_py.dir/rosidl_generator_py/champ_msgs/msg/_joints_s.c.o
[ 92%] Building C object CMakeFiles/champ_msgs__rosidl_generator_py.dir/rosidl_generator_py/champ_msgs/msg/_contacts_s.c.o
[ 92%] Building C object CMakeFiles/champ_msgs__rosidl_generator_py.dir/rosidl_generator_py/champ_msgs/msg/_contacts_stamped_s.c.o
[ 93%] Building C object CMakeFiles/champ_msgs__rosidl_generator_py.dir/rosidl_generator_py/champ_msgs/msg/_pose_s.c.o
[ 94%] Linking C shared library libchamp_msgs__rosidl_generator_py.so
[ 94%] Built target champ_msgs__rosidl_generator_py
[ 96%] Building C object CMakeFiles/champ_msgs_s__rosidl_typesupport_introspection_c.dir/rosidl_generator_py/champ_msgs/_champ_msgs_s.ep.rosidl_typesupport_introspection_c.c.o
[ 96%] Building C object CMakeFiles/champ_msgs_s__rosidl_typesupport_c.dir/rosidl_generator_py/champ_msgs/_champ_msgs_s.ep.rosidl_typesupport_c.c.o
[ 97%] Building C object CMakeFiles/champ_msgs_s__rosidl_typesupport_fastrtps_c.dir/rosidl_generator_py/champ_msgs/_champ_msgs_s.ep.rosidl_typesupport_fastrtps_c.c.o
[ 98%] Linking C shared module rosidl_generator_py/champ_msgs/champ_msgs_s__rosidl_typesupport_c.so
[ 99%] Linking C shared module rosidl_generator_py/champ_msgs/champ_msgs_s__rosidl_typesupport_introspection_c.so
[100%] Linking C shared module rosidl_generator_py/champ_msgs/champ_msgs_s__rosidl_typesupport_fastrtps_c.so
[100%] Built target champ_msgs_s__rosidl_typesupport_c
[100%] Built target champ_msgs_s__rosidl_typesupport_introspection_c
[100%] Built target champ_msgs_s__rosidl_typesupport_fastrtps_c
-- Install configuration: ""
-- Execute custom install script
-- Symlinking: /home/kamal/projects/nexus/ros2_ws/install/champ_msgs/share/ament_index/resource_index/rosidl_interfaces/champ_msgs
-- Symlinking: /home/kamal/projects/nexus/ros2_ws/install/champ_msgs/share/champ_msgs/msg/Velocities.json
-- Symlinking: /home/kamal/projects/nexus/ros2_ws/install/champ_msgs/share/champ_msgs/msg/PID.json
-- Symlinking: /home/kamal/projects/nexus/ros2_ws/install/champ_msgs/share/champ_msgs/msg/Imu.json
-- Symlinking: /home/kamal/projects/nexus/ros2_ws/install/champ_msgs/share/champ_msgs/msg/Point.json
-- Symlinking: /home/kamal/projects/nexus/ros2_ws/install/champ_msgs/share/champ_msgs/msg/PointArray.json
-- Symlinking: /home/kamal/projects/nexus/ros2_ws/install/champ_msgs/share/champ_msgs/msg/Joints.json
-- Symlinking: /home/kamal/projects/nexus/ros2_ws/install/champ_msgs/share/champ_msgs/msg/Contacts.json
-- Symlinking: /home/kamal/projects/nexus/ros2_ws/install/champ_msgs/share/champ_msgs/msg/ContactsStamped.json
-- Symlinking: /home/kamal/projects/nexus/ros2_ws/install/champ_msgs/share/champ_msgs/msg/Pose.json
-- Symlinking: /home/kamal/projects/nexus/ros2_ws/install/champ_msgs/include/champ_msgs/champ_msgs/msg/contacts.h
-- Symlinking: /home/kamal/projects/nexus/ros2_ws/install/champ_msgs/include/champ_msgs/champ_msgs/msg/contacts_stamped.h
-- Symlinking: /home/kamal/projects/nexus/ros2_ws/install/champ_msgs/include/champ_msgs/champ_msgs/msg/detail/contacts__functions.h
-- Symlinking: /home/kamal/projects/nexus/ros2_ws/install/champ_msgs/include/champ_msgs/champ_msgs/msg/detail/contacts__struct.h
-- Symlinking: /home/kamal/projects/nexus/ros2_ws/install/champ_msgs/include/champ_msgs/champ_msgs/msg/detail/contacts__type_support.h
-- Symlinking: /home/kamal/projects/nexus/ros2_ws/install/champ_msgs/include/champ_msgs/champ_msgs/msg/detail/contacts_stamped__functions.h
-- Symlinking: /home/kamal/projects/nexus/ros2_ws/install/champ_msgs/include/champ_msgs/champ_msgs/msg/detail/contacts_stamped__struct.h
-- Symlinking: /home/kamal/projects/nexus/ros2_ws/install/champ_msgs/include/champ_msgs/champ_msgs/msg/detail/contacts_stamped__type_support.h
-- Symlinking: /home/kamal/projects/nexus/ros2_ws/install/champ_msgs/include/champ_msgs/champ_msgs/msg/detail/imu__functions.h
-- Symlinking: /home/kamal/projects/nexus/ros2_ws/install/champ_msgs/include/champ_msgs/champ_msgs/msg/detail/imu__struct.h
-- Symlinking: /home/kamal/projects/nexus/ros2_ws/install/champ_msgs/include/champ_msgs/champ_msgs/msg/detail/imu__type_support.h
-- Symlinking: /home/kamal/projects/nexus/ros2_ws/install/champ_msgs/include/champ_msgs/champ_msgs/msg/detail/joints__functions.h
-- Symlinking: /home/kamal/projects/nexus/ros2_ws/install/champ_msgs/include/champ_msgs/champ_msgs/msg/detail/joints__struct.h
-- Symlinking: /home/kamal/projects/nexus/ros2_ws/install/champ_msgs/include/champ_msgs/champ_msgs/msg/detail/joints__type_support.h
-- Symlinking: /home/kamal/projects/nexus/ros2_ws/install/champ_msgs/include/champ_msgs/champ_msgs/msg/detail/pid__functions.h
-- Symlinking: /home/kamal/projects/nexus/ros2_ws/install/champ_msgs/include/champ_msgs/champ_msgs/msg/detail/pid__struct.h
-- Symlinking: /home/kamal/projects/nexus/ros2_ws/install/champ_msgs/include/champ_msgs/champ_msgs/msg/detail/pid__type_support.h
-- Symlinking: /home/kamal/projects/nexus/ros2_ws/install/champ_msgs/include/champ_msgs/champ_msgs/msg/detail/point__functions.h
-- Symlinking: /home/kamal/projects/nexus/ros2_ws/install/champ_msgs/include/champ_msgs/champ_msgs/msg/detail/point__struct.h
-- Symlinking: /home/kamal/projects/nexus/ros2_ws/install/champ_msgs/include/champ_msgs/champ_msgs/msg/detail/point__type_support.h
-- Symlinking: /home/kamal/projects/nexus/ros2_ws/install/champ_msgs/include/champ_msgs/champ_msgs/msg/detail/point_array__functions.h
-- Symlinking: /home/kamal/projects/nexus/ros2_ws/install/champ_msgs/include/champ_msgs/champ_msgs/msg/detail/point_array__struct.h
-- Symlinking: /home/kamal/projects/nexus/ros2_ws/install/champ_msgs/include/champ_msgs/champ_msgs/msg/detail/point_array__type_support.h
-- Symlinking: /home/kamal/projects/nexus/ros2_ws/install/champ_msgs/include/champ_msgs/champ_msgs/msg/detail/pose__functions.h
-- Symlinking: /home/kamal/projects/nexus/ros2_ws/install/champ_msgs/include/champ_msgs/champ_msgs/msg/detail/pose__struct.h
-- Symlinking: /home/kamal/projects/nexus/ros2_ws/install/champ_msgs/include/champ_msgs/champ_msgs/msg/detail/pose__type_support.h
-- Symlinking: /home/kamal/projects/nexus/ros2_ws/install/champ_msgs/include/champ_msgs/champ_msgs/msg/detail/velocities__functions.h
-- Symlinking: /home/kamal/projects/nexus/ros2_ws/install/champ_msgs/include/champ_msgs/champ_msgs/msg/detail/velocities__struct.h
-- Symlinking: /home/kamal/projects/nexus/ros2_ws/install/champ_msgs/include/champ_msgs/champ_msgs/msg/detail/velocities__type_support.h
-- Symlinking: /home/kamal/projects/nexus/ros2_ws/install/champ_msgs/include/champ_msgs/champ_msgs/msg/imu.h
-- Symlinking: /home/kamal/projects/nexus/ros2_ws/install/champ_msgs/include/champ_msgs/champ_msgs/msg/joints.h
-- Symlinking: /home/kamal/projects/nexus/ros2_ws/install/champ_msgs/include/champ_msgs/champ_msgs/msg/pid.h
-- Symlinking: /home/kamal/projects/nexus/ros2_ws/install/champ_msgs/include/champ_msgs/champ_msgs/msg/point.h
-- Symlinking: /home/kamal/projects/nexus/ros2_ws/install/champ_msgs/include/champ_msgs/champ_msgs/msg/point_array.h
-- Symlinking: /home/kamal/projects/nexus/ros2_ws/install/champ_msgs/include/champ_msgs/champ_msgs/msg/pose.h
-- Symlinking: /home/kamal/projects/nexus/ros2_ws/install/champ_msgs/include/champ_msgs/champ_msgs/msg/rosidl_generator_c__visibility_control.h
-- Symlinking: /home/kamal/projects/nexus/ros2_ws/install/champ_msgs/include/champ_msgs/champ_msgs/msg/velocities.h
-- Symlinking: /home/kamal/projects/nexus/ros2_ws/install/champ_msgs/share/champ_msgs/environment/library_path.sh
-- Symlinking: /home/kamal/projects/nexus/ros2_ws/install/champ_msgs/share/champ_msgs/environment/library_path.dsv
-- Symlinking: /home/kamal/projects/nexus/ros2_ws/install/champ_msgs/include/champ_msgs/champ_msgs/msg/detail/contacts__rosidl_typesupport_fastrtps_c.h
-- Symlinking: /home/kamal/projects/nexus/ros2_ws/install/champ_msgs/include/champ_msgs/champ_msgs/msg/detail/contacts_stamped__rosidl_typesupport_fastrtps_c.h
-- Symlinking: /home/kamal/projects/nexus/ros2_ws/install/champ_msgs/include/champ_msgs/champ_msgs/msg/detail/imu__rosidl_typesupport_fastrtps_c.h
-- Symlinking: /home/kamal/projects/nexus/ros2_ws/install/champ_msgs/include/champ_msgs/champ_msgs/msg/detail/joints__rosidl_typesupport_fastrtps_c.h
-- Symlinking: /home/kamal/projects/nexus/ros2_ws/install/champ_msgs/include/champ_msgs/champ_msgs/msg/detail/pid__rosidl_typesupport_fastrtps_c.h
-- Symlinking: /home/kamal/projects/nexus/ros2_ws/install/champ_msgs/include/champ_msgs/champ_msgs/msg/detail/point__rosidl_typesupport_fastrtps_c.h
-- Symlinking: /home/kamal/projects/nexus/ros2_ws/install/champ_msgs/include/champ_msgs/champ_msgs/msg/detail/point_array__rosidl_typesupport_fastrtps_c.h
-- Symlinking: /home/kamal/projects/nexus/ros2_ws/install/champ_msgs/include/champ_msgs/champ_msgs/msg/detail/pose__rosidl_typesupport_fastrtps_c.h
-- Symlinking: /home/kamal/projects/nexus/ros2_ws/install/champ_msgs/include/champ_msgs/champ_msgs/msg/detail/velocities__rosidl_typesupport_fastrtps_c.h
-- Symlinking: /home/kamal/projects/nexus/ros2_ws/install/champ_msgs/include/champ_msgs/champ_msgs/msg/rosidl_typesupport_fastrtps_c__visibility_control.h
-- Symlinking: /home/kamal/projects/nexus/ros2_ws/install/champ_msgs/include/champ_msgs/champ_msgs/msg/detail/contacts__rosidl_typesupport_introspection_c.h
-- Symlinking: /home/kamal/projects/nexus/ros2_ws/install/champ_msgs/include/champ_msgs/champ_msgs/msg/detail/contacts_stamped__rosidl_typesupport_introspection_c.h
-- Symlinking: /home/kamal/projects/nexus/ros2_ws/install/champ_msgs/include/champ_msgs/champ_msgs/msg/detail/imu__rosidl_typesupport_introspection_c.h
-- Symlinking: /home/kamal/projects/nexus/ros2_ws/install/champ_msgs/include/champ_msgs/champ_msgs/msg/detail/joints__rosidl_typesupport_introspection_c.h
-- Symlinking: /home/kamal/projects/nexus/ros2_ws/install/champ_msgs/include/champ_msgs/champ_msgs/msg/detail/pid__rosidl_typesupport_introspection_c.h
-- Symlinking: /home/kamal/projects/nexus/ros2_ws/install/champ_msgs/include/champ_msgs/champ_msgs/msg/detail/point__rosidl_typesupport_introspection_c.h
-- Symlinking: /home/kamal/projects/nexus/ros2_ws/install/champ_msgs/include/champ_msgs/champ_msgs/msg/detail/point_array__rosidl_typesupport_introspection_c.h
-- Symlinking: /home/kamal/projects/nexus/ros2_ws/install/champ_msgs/include/champ_msgs/champ_msgs/msg/detail/pose__rosidl_typesupport_introspection_c.h
-- Symlinking: /home/kamal/projects/nexus/ros2_ws/install/champ_msgs/include/champ_msgs/champ_msgs/msg/detail/velocities__rosidl_typesupport_introspection_c.h
-- Symlinking: /home/kamal/projects/nexus/ros2_ws/install/champ_msgs/include/champ_msgs/champ_msgs/msg/rosidl_typesupport_introspection_c__visibility_control.h
-- Symlinking: /home/kamal/projects/nexus/ros2_ws/install/champ_msgs/include/champ_msgs/champ_msgs/msg/contacts.hpp
-- Symlinking: /home/kamal/projects/nexus/ros2_ws/install/champ_msgs/include/champ_msgs/champ_msgs/msg/contacts_stamped.hpp
-- Symlinking: /home/kamal/projects/nexus/ros2_ws/install/champ_msgs/include/champ_msgs/champ_msgs/msg/detail/contacts__builder.hpp
-- Symlinking: /home/kamal/projects/nexus/ros2_ws/install/champ_msgs/include/champ_msgs/champ_msgs/msg/detail/contacts__struct.hpp
-- Symlinking: /home/kamal/projects/nexus/ros2_ws/install/champ_msgs/include/champ_msgs/champ_msgs/msg/detail/contacts__traits.hpp
-- Symlinking: /home/kamal/projects/nexus/ros2_ws/install/champ_msgs/include/champ_msgs/champ_msgs/msg/detail/contacts__type_support.hpp
-- Symlinking: /home/kamal/projects/nexus/ros2_ws/install/champ_msgs/include/champ_msgs/champ_msgs/msg/detail/contacts_stamped__builder.hpp
-- Symlinking: /home/kamal/projects/nexus/ros2_ws/install/champ_msgs/include/champ_msgs/champ_msgs/msg/detail/contacts_stamped__struct.hpp
-- Symlinking: /home/kamal/projects/nexus/ros2_ws/install/champ_msgs/include/champ_msgs/champ_msgs/msg/detail/contacts_stamped__traits.hpp
-- Symlinking: /home/kamal/projects/nexus/ros2_ws/install/champ_msgs/include/champ_msgs/champ_msgs/msg/detail/contacts_stamped__type_support.hpp
-- Symlinking: /home/kamal/projects/nexus/ros2_ws/install/champ_msgs/include/champ_msgs/champ_msgs/msg/detail/imu__builder.hpp
-- Symlinking: /home/kamal/projects/nexus/ros2_ws/install/champ_msgs/include/champ_msgs/champ_msgs/msg/detail/imu__struct.hpp
-- Symlinking: /home/kamal/projects/nexus/ros2_ws/install/champ_msgs/include/champ_msgs/champ_msgs/msg/detail/imu__traits.hpp
-- Symlinking: /home/kamal/projects/nexus/ros2_ws/install/champ_msgs/include/champ_msgs/champ_msgs/msg/detail/imu__type_support.hpp
-- Symlinking: /home/kamal/projects/nexus/ros2_ws/install/champ_msgs/include/champ_msgs/champ_msgs/msg/detail/joints__builder.hpp
-- Symlinking: /home/kamal/projects/nexus/ros2_ws/install/champ_msgs/include/champ_msgs/champ_msgs/msg/detail/joints__struct.hpp
-- Symlinking: /home/kamal/projects/nexus/ros2_ws/install/champ_msgs/include/champ_msgs/champ_msgs/msg/detail/joints__traits.hpp
-- Symlinking: /home/kamal/projects/nexus/ros2_ws/install/champ_msgs/include/champ_msgs/champ_msgs/msg/detail/joints__type_support.hpp
-- Symlinking: /home/kamal/projects/nexus/ros2_ws/install/champ_msgs/include/champ_msgs/champ_msgs/msg/detail/pid__builder.hpp
-- Symlinking: /home/kamal/projects/nexus/ros2_ws/install/champ_msgs/include/champ_msgs/champ_msgs/msg/detail/pid__struct.hpp
-- Symlinking: /home/kamal/projects/nexus/ros2_ws/install/champ_msgs/include/champ_msgs/champ_msgs/msg/detail/pid__traits.hpp
-- Symlinking: /home/kamal/projects/nexus/ros2_ws/install/champ_msgs/include/champ_msgs/champ_msgs/msg/detail/pid__type_support.hpp
-- Symlinking: /home/kamal/projects/nexus/ros2_ws/install/champ_msgs/include/champ_msgs/champ_msgs/msg/detail/point__builder.hpp
-- Symlinking: /home/kamal/projects/nexus/ros2_ws/install/champ_msgs/include/champ_msgs/champ_msgs/msg/detail/point__struct.hpp
-- Symlinking: /home/kamal/projects/nexus/ros2_ws/install/champ_msgs/include/champ_msgs/champ_msgs/msg/detail/point__traits.hpp
-- Symlinking: /home/kamal/projects/nexus/ros2_ws/install/champ_msgs/include/champ_msgs/champ_msgs/msg/detail/point__type_support.hpp
-- Symlinking: /home/kamal/projects/nexus/ros2_ws/install/champ_msgs/include/champ_msgs/champ_msgs/msg/detail/point_array__builder.hpp
-- Symlinking: /home/kamal/projects/nexus/ros2_ws/install/champ_msgs/include/champ_msgs/champ_msgs/msg/detail/point_array__struct.hpp
-- Symlinking: /home/kamal/projects/nexus/ros2_ws/install/champ_msgs/include/champ_msgs/champ_msgs/msg/detail/point_array__traits.hpp
-- Symlinking: /home/kamal/projects/nexus/ros2_ws/install/champ_msgs/include/champ_msgs/champ_msgs/msg/detail/point_array__type_support.hpp
-- Symlinking: /home/kamal/projects/nexus/ros2_ws/install/champ_msgs/include/champ_msgs/champ_msgs/msg/detail/pose__builder.hpp
-- Symlinking: /home/kamal/projects/nexus/ros2_ws/install/champ_msgs/include/champ_msgs/champ_msgs/msg/detail/pose__struct.hpp
-- Symlinking: /home/kamal/projects/nexus/ros2_ws/install/champ_msgs/include/champ_msgs/champ_msgs/msg/detail/pose__traits.hpp
-- Symlinking: /home/kamal/projects/nexus/ros2_ws/install/champ_msgs/include/champ_msgs/champ_msgs/msg/detail/pose__type_support.hpp
-- Symlinking: /home/kamal/projects/nexus/ros2_ws/install/champ_msgs/include/champ_msgs/champ_msgs/msg/detail/velocities__builder.hpp
-- Symlinking: /home/kamal/projects/nexus/ros2_ws/install/champ_msgs/include/champ_msgs/champ_msgs/msg/detail/velocities__struct.hpp
-- Symlinking: /home/kamal/projects/nexus/ros2_ws/install/champ_msgs/include/champ_msgs/champ_msgs/msg/detail/velocities__traits.hpp
-- Symlinking: /home/kamal/projects/nexus/ros2_ws/install/champ_msgs/include/champ_msgs/champ_msgs/msg/detail/velocities__type_support.hpp
-- Symlinking: /home/kamal/projects/nexus/ros2_ws/install/champ_msgs/include/champ_msgs/champ_msgs/msg/imu.hpp
-- Symlinking: /home/kamal/projects/nexus/ros2_ws/install/champ_msgs/include/champ_msgs/champ_msgs/msg/joints.hpp
-- Symlinking: /home/kamal/projects/nexus/ros2_ws/install/champ_msgs/include/champ_msgs/champ_msgs/msg/pid.hpp
-- Symlinking: /home/kamal/projects/nexus/ros2_ws/install/champ_msgs/include/champ_msgs/champ_msgs/msg/point.hpp
-- Symlinking: /home/kamal/projects/nexus/ros2_ws/install/champ_msgs/include/champ_msgs/champ_msgs/msg/point_array.hpp
-- Symlinking: /home/kamal/projects/nexus/ros2_ws/install/champ_msgs/include/champ_msgs/champ_msgs/msg/pose.hpp
-- Symlinking: /home/kamal/projects/nexus/ros2_ws/install/champ_msgs/include/champ_msgs/champ_msgs/msg/rosidl_generator_cpp__visibility_control.hpp
-- Symlinking: /home/kamal/projects/nexus/ros2_ws/install/champ_msgs/include/champ_msgs/champ_msgs/msg/velocities.hpp
-- Symlinking: /home/kamal/projects/nexus/ros2_ws/install/champ_msgs/include/champ_msgs/champ_msgs/msg/detail/contacts__rosidl_typesupport_fastrtps_cpp.hpp
-- Symlinking: /home/kamal/projects/nexus/ros2_ws/install/champ_msgs/include/champ_msgs/champ_msgs/msg/detail/contacts_stamped__rosidl_typesupport_fastrtps_cpp.hpp
-- Symlinking: /home/kamal/projects/nexus/ros2_ws/install/champ_msgs/include/champ_msgs/champ_msgs/msg/detail/imu__rosidl_typesupport_fastrtps_cpp.hpp
-- Symlinking: /home/kamal/projects/nexus/ros2_ws/install/champ_msgs/include/champ_msgs/champ_msgs/msg/detail/joints__rosidl_typesupport_fastrtps_cpp.hpp
-- Symlinking: /home/kamal/projects/nexus/ros2_ws/install/champ_msgs/include/champ_msgs/champ_msgs/msg/detail/pid__rosidl_typesupport_fastrtps_cpp.hpp
-- Symlinking: /home/kamal/projects/nexus/ros2_ws/install/champ_msgs/include/champ_msgs/champ_msgs/msg/detail/point__rosidl_typesupport_fastrtps_cpp.hpp
-- Symlinking: /home/kamal/projects/nexus/ros2_ws/install/champ_msgs/include/champ_msgs/champ_msgs/msg/detail/point_array__rosidl_typesupport_fastrtps_cpp.hpp
-- Symlinking: /home/kamal/projects/nexus/ros2_ws/install/champ_msgs/include/champ_msgs/champ_msgs/msg/detail/pose__rosidl_typesupport_fastrtps_cpp.hpp
-- Symlinking: /home/kamal/projects/nexus/ros2_ws/install/champ_msgs/include/champ_msgs/champ_msgs/msg/detail/velocities__rosidl_typesupport_fastrtps_cpp.hpp
-- Symlinking: /home/kamal/projects/nexus/ros2_ws/install/champ_msgs/include/champ_msgs/champ_msgs/msg/rosidl_typesupport_fastrtps_cpp__visibility_control.h
-- Symlinking: /home/kamal/projects/nexus/ros2_ws/install/champ_msgs/include/champ_msgs/champ_msgs/msg/detail/contacts__rosidl_typesupport_introspection_cpp.hpp
-- Symlinking: /home/kamal/projects/nexus/ros2_ws/install/champ_msgs/include/champ_msgs/champ_msgs/msg/detail/contacts_stamped__rosidl_typesupport_introspection_cpp.hpp
-- Symlinking: /home/kamal/projects/nexus/ros2_ws/install/champ_msgs/include/champ_msgs/champ_msgs/msg/detail/imu__rosidl_typesupport_introspection_cpp.hpp
-- Symlinking: /home/kamal/projects/nexus/ros2_ws/install/champ_msgs/include/champ_msgs/champ_msgs/msg/detail/joints__rosidl_typesupport_introspection_cpp.hpp
-- Symlinking: /home/kamal/projects/nexus/ros2_ws/install/champ_msgs/include/champ_msgs/champ_msgs/msg/detail/pid__rosidl_typesupport_introspection_cpp.hpp
-- Symlinking: /home/kamal/projects/nexus/ros2_ws/install/champ_msgs/include/champ_msgs/champ_msgs/msg/detail/point__rosidl_typesupport_introspection_cpp.hpp
-- Symlinking: /home/kamal/projects/nexus/ros2_ws/install/champ_msgs/include/champ_msgs/champ_msgs/msg/detail/point_array__rosidl_typesupport_introspection_cpp.hpp
-- Symlinking: /home/kamal/projects/nexus/ros2_ws/install/champ_msgs/include/champ_msgs/champ_msgs/msg/detail/pose__rosidl_typesupport_introspection_cpp.hpp
-- Symlinking: /home/kamal/projects/nexus/ros2_ws/install/champ_msgs/include/champ_msgs/champ_msgs/msg/detail/velocities__rosidl_typesupport_introspection_cpp.hpp
-- Symlinking: /home/kamal/projects/nexus/ros2_ws/install/champ_msgs/share/champ_msgs/environment/pythonpath.sh
-- Symlinking: /home/kamal/projects/nexus/ros2_ws/install/champ_msgs/share/champ_msgs/environment/pythonpath.dsv
-- Symlinking: /home/kamal/projects/nexus/ros2_ws/install/champ_msgs/lib/python3.12/site-packages/champ_msgs-0.1.0-py3.12.egg-info/PKG-INFO
-- Symlinking: /home/kamal/projects/nexus/ros2_ws/install/champ_msgs/lib/python3.12/site-packages/champ_msgs-0.1.0-py3.12.egg-info/SOURCES.txt
-- Symlinking: /home/kamal/projects/nexus/ros2_ws/install/champ_msgs/lib/python3.12/site-packages/champ_msgs-0.1.0-py3.12.egg-info/dependency_links.txt
-- Symlinking: /home/kamal/projects/nexus/ros2_ws/install/champ_msgs/lib/python3.12/site-packages/champ_msgs-0.1.0-py3.12.egg-info/top_level.txt
-- Symlinking: /home/kamal/projects/nexus/ros2_ws/install/champ_msgs/lib/python3.12/site-packages/champ_msgs/__init__.py
-- Symlinking: /home/kamal/projects/nexus/ros2_ws/install/champ_msgs/lib/python3.12/site-packages/champ_msgs/_champ_msgs_s.ep.rosidl_typesupport_c.c
-- Symlinking: /home/kamal/projects/nexus/ros2_ws/install/champ_msgs/lib/python3.12/site-packages/champ_msgs/_champ_msgs_s.ep.rosidl_typesupport_fastrtps_c.c
-- Symlinking: /home/kamal/projects/nexus/ros2_ws/install/champ_msgs/lib/python3.12/site-packages/champ_msgs/_champ_msgs_s.ep.rosidl_typesupport_introspection_c.c
-- Symlinking: /home/kamal/projects/nexus/ros2_ws/install/champ_msgs/lib/python3.12/site-packages/champ_msgs/champ_msgs_s__rosidl_typesupport_c.so
-- Symlinking: /home/kamal/projects/nexus/ros2_ws/install/champ_msgs/lib/python3.12/site-packages/champ_msgs/champ_msgs_s__rosidl_typesupport_fastrtps_c.so
-- Symlinking: /home/kamal/projects/nexus/ros2_ws/install/champ_msgs/lib/python3.12/site-packages/champ_msgs/champ_msgs_s__rosidl_typesupport_introspection_c.so
-- Symlinking: /home/kamal/projects/nexus/ros2_ws/install/champ_msgs/lib/python3.12/site-packages/champ_msgs/msg/__init__.py
-- Symlinking: /home/kamal/projects/nexus/ros2_ws/install/champ_msgs/lib/python3.12/site-packages/champ_msgs/msg/_contacts.py
-- Symlinking: /home/kamal/projects/nexus/ros2_ws/install/champ_msgs/lib/python3.12/site-packages/champ_msgs/msg/_contacts_s.c
-- Symlinking: /home/kamal/projects/nexus/ros2_ws/install/champ_msgs/lib/python3.12/site-packages/champ_msgs/msg/_contacts_stamped.py
-- Symlinking: /home/kamal/projects/nexus/ros2_ws/install/champ_msgs/lib/python3.12/site-packages/champ_msgs/msg/_contacts_stamped_s.c
-- Symlinking: /home/kamal/projects/nexus/ros2_ws/install/champ_msgs/lib/python3.12/site-packages/champ_msgs/msg/_imu.py
-- Symlinking: /home/kamal/projects/nexus/ros2_ws/install/champ_msgs/lib/python3.12/site-packages/champ_msgs/msg/_imu_s.c
-- Symlinking: /home/kamal/projects/nexus/ros2_ws/install/champ_msgs/lib/python3.12/site-packages/champ_msgs/msg/_joints.py
-- Symlinking: /home/kamal/projects/nexus/ros2_ws/install/champ_msgs/lib/python3.12/site-packages/champ_msgs/msg/_joints_s.c
-- Symlinking: /home/kamal/projects/nexus/ros2_ws/install/champ_msgs/lib/python3.12/site-packages/champ_msgs/msg/_pid.py
-- Symlinking: /home/kamal/projects/nexus/ros2_ws/install/champ_msgs/lib/python3.12/site-packages/champ_msgs/msg/_pid_s.c
-- Symlinking: /home/kamal/projects/nexus/ros2_ws/install/champ_msgs/lib/python3.12/site-packages/champ_msgs/msg/_point.py
-- Symlinking: /home/kamal/projects/nexus/ros2_ws/install/champ_msgs/lib/python3.12/site-packages/champ_msgs/msg/_point_array.py
-- Symlinking: /home/kamal/projects/nexus/ros2_ws/install/champ_msgs/lib/python3.12/site-packages/champ_msgs/msg/_point_array_s.c
-- Symlinking: /home/kamal/projects/nexus/ros2_ws/install/champ_msgs/lib/python3.12/site-packages/champ_msgs/msg/_point_s.c
-- Symlinking: /home/kamal/projects/nexus/ros2_ws/install/champ_msgs/lib/python3.12/site-packages/champ_msgs/msg/_pose.py
-- Symlinking: /home/kamal/projects/nexus/ros2_ws/install/champ_msgs/lib/python3.12/site-packages/champ_msgs/msg/_pose_s.c
-- Symlinking: /home/kamal/projects/nexus/ros2_ws/install/champ_msgs/lib/python3.12/site-packages/champ_msgs/msg/_velocities.py
-- Symlinking: /home/kamal/projects/nexus/ros2_ws/install/champ_msgs/lib/python3.12/site-packages/champ_msgs/msg/_velocities_s.c
-- Up-to-date symlink: /home/kamal/projects/nexus/ros2_ws/install/champ_msgs/lib/python3.12/site-packages/champ_msgs/champ_msgs_s__rosidl_typesupport_fastrtps_c.so
-- Up-to-date symlink: /home/kamal/projects/nexus/ros2_ws/install/champ_msgs/lib/python3.12/site-packages/champ_msgs/champ_msgs_s__rosidl_typesupport_introspection_c.so
-- Up-to-date symlink: /home/kamal/projects/nexus/ros2_ws/install/champ_msgs/lib/python3.12/site-packages/champ_msgs/champ_msgs_s__rosidl_typesupport_c.so
-- Symlinking: /home/kamal/projects/nexus/ros2_ws/install/champ_msgs/share/ament_index/resource_index/rust_packages/champ_msgs
-- Symlinking: /home/kamal/projects/nexus/ros2_ws/install/champ_msgs/share/champ_msgs/rust/Cargo.toml
-- Symlinking: /home/kamal/projects/nexus/ros2_ws/install/champ_msgs/share/champ_msgs/rust/build.rs
-- Symlinking: /home/kamal/projects/nexus/ros2_ws/install/champ_msgs/share/champ_msgs/rust/src/lib.rs
-- Symlinking: /home/kamal/projects/nexus/ros2_ws/install/champ_msgs/share/champ_msgs/rust/src/msg.rs
-- Symlinking: /home/kamal/projects/nexus/ros2_ws/install/champ_msgs/share/champ_msgs/rust/src/msg/rmw.rs
-- Symlinking: /home/kamal/projects/nexus/ros2_ws/install/champ_msgs/share/champ_msgs/msg/Velocities.idl
-- Symlinking: /home/kamal/projects/nexus/ros2_ws/install/champ_msgs/share/champ_msgs/msg/PID.idl
-- Symlinking: /home/kamal/projects/nexus/ros2_ws/install/champ_msgs/share/champ_msgs/msg/Imu.idl
-- Symlinking: /home/kamal/projects/nexus/ros2_ws/install/champ_msgs/share/champ_msgs/msg/Point.idl
-- Symlinking: /home/kamal/projects/nexus/ros2_ws/install/champ_msgs/share/champ_msgs/msg/PointArray.idl
-- Symlinking: /home/kamal/projects/nexus/ros2_ws/install/champ_msgs/share/champ_msgs/msg/Joints.idl
-- Symlinking: /home/kamal/projects/nexus/ros2_ws/install/champ_msgs/share/champ_msgs/msg/Contacts.idl
-- Symlinking: /home/kamal/projects/nexus/ros2_ws/install/champ_msgs/share/champ_msgs/msg/ContactsStamped.idl
-- Symlinking: /home/kamal/projects/nexus/ros2_ws/install/champ_msgs/share/champ_msgs/msg/Pose.idl
-- Symlinking: /home/kamal/projects/nexus/ros2_ws/install/champ_msgs/share/champ_msgs/msg/Velocities.msg
-- Symlinking: /home/kamal/projects/nexus/ros2_ws/install/champ_msgs/share/champ_msgs/msg/PID.msg
-- Symlinking: /home/kamal/projects/nexus/ros2_ws/install/champ_msgs/share/champ_msgs/msg/Imu.msg
-- Symlinking: /home/kamal/projects/nexus/ros2_ws/install/champ_msgs/share/champ_msgs/msg/Point.msg
-- Symlinking: /home/kamal/projects/nexus/ros2_ws/install/champ_msgs/share/champ_msgs/msg/PointArray.msg
-- Symlinking: /home/kamal/projects/nexus/ros2_ws/install/champ_msgs/share/champ_msgs/msg/Joints.msg
-- Symlinking: /home/kamal/projects/nexus/ros2_ws/install/champ_msgs/share/champ_msgs/msg/Contacts.msg
-- Symlinking: /home/kamal/projects/nexus/ros2_ws/install/champ_msgs/share/champ_msgs/msg/ContactsStamped.msg
-- Symlinking: /home/kamal/projects/nexus/ros2_ws/install/champ_msgs/share/champ_msgs/msg/Pose.msg
-- Symlinking: /home/kamal/projects/nexus/ros2_ws/install/champ_msgs/share/ament_index/resource_index/package_run_dependencies/champ_msgs
-- Symlinking: /home/kamal/projects/nexus/ros2_ws/install/champ_msgs/share/ament_index/resource_index/parent_prefix_path/champ_msgs
-- Symlinking: /home/kamal/projects/nexus/ros2_ws/install/champ_msgs/share/champ_msgs/environment/ament_prefix_path.sh
-- Symlinking: /home/kamal/projects/nexus/ros2_ws/install/champ_msgs/share/champ_msgs/environment/ament_prefix_path.dsv
-- Symlinking: /home/kamal/projects/nexus/ros2_ws/install/champ_msgs/share/champ_msgs/environment/path.sh
-- Symlinking: /home/kamal/projects/nexus/ros2_ws/install/champ_msgs/share/champ_msgs/environment/path.dsv
-- Symlinking: /home/kamal/projects/nexus/ros2_ws/install/champ_msgs/share/champ_msgs/local_setup.bash
-- Symlinking: /home/kamal/projects/nexus/ros2_ws/install/champ_msgs/share/champ_msgs/local_setup.sh
-- Symlinking: /home/kamal/projects/nexus/ros2_ws/install/champ_msgs/share/champ_msgs/local_setup.zsh
-- Symlinking: /home/kamal/projects/nexus/ros2_ws/install/champ_msgs/share/champ_msgs/local_setup.dsv
-- Symlinking: /home/kamal/projects/nexus/ros2_ws/install/champ_msgs/share/champ_msgs/package.dsv
-- Symlinking: /home/kamal/projects/nexus/ros2_ws/install/champ_msgs/share/ament_index/resource_index/packages/champ_msgs
-- Symlinking: /home/kamal/projects/nexus/ros2_ws/install/champ_msgs/share/champ_msgs/cmake/rosidl_cmake-extras.cmake
-- Symlinking: /home/kamal/projects/nexus/ros2_ws/install/champ_msgs/share/champ_msgs/cmake/ament_cmake_export_dependencies-extras.cmake
-- Symlinking: /home/kamal/projects/nexus/ros2_ws/install/champ_msgs/share/champ_msgs/cmake/ament_cmake_export_include_directories-extras.cmake
-- Symlinking: /home/kamal/projects/nexus/ros2_ws/install/champ_msgs/share/champ_msgs/cmake/ament_cmake_export_libraries-extras.cmake
-- Symlinking: /home/kamal/projects/nexus/ros2_ws/install/champ_msgs/share/champ_msgs/cmake/ament_cmake_export_targets-extras.cmake
-- Symlinking: /home/kamal/projects/nexus/ros2_ws/install/champ_msgs/share/champ_msgs/cmake/rosidl_cmake_export_typesupport_targets-extras.cmake
-- Symlinking: /home/kamal/projects/nexus/ros2_ws/install/champ_msgs/share/champ_msgs/cmake/rosidl_cmake_export_typesupport_libraries-extras.cmake
-- Symlinking: /home/kamal/projects/nexus/ros2_ws/install/champ_msgs/share/champ_msgs/cmake/champ_msgsConfig.cmake
-- Symlinking: /home/kamal/projects/nexus/ros2_ws/install/champ_msgs/share/champ_msgs/cmake/champ_msgsConfig-version.cmake
-- Symlinking: /home/kamal/projects/nexus/ros2_ws/install/champ_msgs/share/champ_msgs/package.xml
-- Installing: /home/kamal/projects/nexus/ros2_ws/install/champ_msgs/lib/libchamp_msgs__rosidl_generator_c.so
-- Set non-toolchain portion of runtime path of "/home/kamal/projects/nexus/ros2_ws/install/champ_msgs/lib/libchamp_msgs__rosidl_generator_c.so" to ""
-- Installing: /home/kamal/projects/nexus/ros2_ws/install/champ_msgs/lib/libchamp_msgs__rosidl_typesupport_fastrtps_c.so
-- Set non-toolchain portion of runtime path of "/home/kamal/projects/nexus/ros2_ws/install/champ_msgs/lib/libchamp_msgs__rosidl_typesupport_fastrtps_c.so" to ""
-- Installing: /home/kamal/projects/nexus/ros2_ws/install/champ_msgs/lib/libchamp_msgs__rosidl_typesupport_introspection_c.so
-- Set non-toolchain portion of runtime path of "/home/kamal/projects/nexus/ros2_ws/install/champ_msgs/lib/libchamp_msgs__rosidl_typesupport_introspection_c.so" to ""
-- Installing: /home/kamal/projects/nexus/ros2_ws/install/champ_msgs/lib/libchamp_msgs__rosidl_typesupport_c.so
-- Set non-toolchain portion of runtime path of "/home/kamal/projects/nexus/ros2_ws/install/champ_msgs/lib/libchamp_msgs__rosidl_typesupport_c.so" to ""
-- Installing: /home/kamal/projects/nexus/ros2_ws/install/champ_msgs/lib/libchamp_msgs__rosidl_typesupport_fastrtps_cpp.so
-- Set non-toolchain portion of runtime path of "/home/kamal/projects/nexus/ros2_ws/install/champ_msgs/lib/libchamp_msgs__rosidl_typesupport_fastrtps_cpp.so" to ""
-- Installing: /home/kamal/projects/nexus/ros2_ws/install/champ_msgs/lib/libchamp_msgs__rosidl_typesupport_introspection_cpp.so
-- Set non-toolchain portion of runtime path of "/home/kamal/projects/nexus/ros2_ws/install/champ_msgs/lib/libchamp_msgs__rosidl_typesupport_introspection_cpp.so" to ""
-- Installing: /home/kamal/projects/nexus/ros2_ws/install/champ_msgs/lib/libchamp_msgs__rosidl_typesupport_cpp.so
-- Set non-toolchain portion of runtime path of "/home/kamal/projects/nexus/ros2_ws/install/champ_msgs/lib/libchamp_msgs__rosidl_typesupport_cpp.so" to ""
Listing '/home/kamal/projects/nexus/ros2_ws/install/champ_msgs/lib/python3.12/site-packages/champ_msgs'...
Compiling '/home/kamal/projects/nexus/ros2_ws/install/champ_msgs/lib/python3.12/site-packages/champ_msgs/__init__.py'...
Listing '/home/kamal/projects/nexus/ros2_ws/install/champ_msgs/lib/python3.12/site-packages/champ_msgs/msg'...
Compiling '/home/kamal/projects/nexus/ros2_ws/install/champ_msgs/lib/python3.12/site-packages/champ_msgs/msg/__init__.py'...
Compiling '/home/kamal/projects/nexus/ros2_ws/install/champ_msgs/lib/python3.12/site-packages/champ_msgs/msg/_contacts.py'...
Compiling '/home/kamal/projects/nexus/ros2_ws/install/champ_msgs/lib/python3.12/site-packages/champ_msgs/msg/_contacts_stamped.py'...
Compiling '/home/kamal/projects/nexus/ros2_ws/install/champ_msgs/lib/python3.12/site-packages/champ_msgs/msg/_imu.py'...
Compiling '/home/kamal/projects/nexus/ros2_ws/install/champ_msgs/lib/python3.12/site-packages/champ_msgs/msg/_joints.py'...
Compiling '/home/kamal/projects/nexus/ros2_ws/install/champ_msgs/lib/python3.12/site-packages/champ_msgs/msg/_pid.py'...
Compiling '/home/kamal/projects/nexus/ros2_ws/install/champ_msgs/lib/python3.12/site-packages/champ_msgs/msg/_point.py'...
Compiling '/home/kamal/projects/nexus/ros2_ws/install/champ_msgs/lib/python3.12/site-packages/champ_msgs/msg/_point_array.py'...
Compiling '/home/kamal/projects/nexus/ros2_ws/install/champ_msgs/lib/python3.12/site-packages/champ_msgs/msg/_pose.py'...
Compiling '/home/kamal/projects/nexus/ros2_ws/install/champ_msgs/lib/python3.12/site-packages/champ_msgs/msg/_velocities.py'...
-- Installing: /home/kamal/projects/nexus/ros2_ws/install/champ_msgs/lib/libchamp_msgs__rosidl_generator_py.so
-- Set non-toolchain portion of runtime path of "/home/kamal/projects/nexus/ros2_ws/install/champ_msgs/lib/libchamp_msgs__rosidl_generator_py.so" to ""
-- Installing: /home/kamal/projects/nexus/ros2_ws/install/champ_msgs/share/champ_msgs/cmake/export_champ_msgs__rosidl_generator_cExport.cmake
-- Installing: /home/kamal/projects/nexus/ros2_ws/install/champ_msgs/share/champ_msgs/cmake/export_champ_msgs__rosidl_generator_cExport-noconfig.cmake
-- Installing: /home/kamal/projects/nexus/ros2_ws/install/champ_msgs/share/champ_msgs/cmake/export_champ_msgs__rosidl_typesupport_fastrtps_cExport.cmake
-- Installing: /home/kamal/projects/nexus/ros2_ws/install/champ_msgs/share/champ_msgs/cmake/export_champ_msgs__rosidl_typesupport_fastrtps_cExport-noconfig.cmake
-- Installing: /home/kamal/projects/nexus/ros2_ws/install/champ_msgs/share/champ_msgs/cmake/champ_msgs__rosidl_typesupport_introspection_cExport.cmake
-- Installing: /home/kamal/projects/nexus/ros2_ws/install/champ_msgs/share/champ_msgs/cmake/champ_msgs__rosidl_typesupport_introspection_cExport-noconfig.cmake
-- Installing: /home/kamal/projects/nexus/ros2_ws/install/champ_msgs/share/champ_msgs/cmake/champ_msgs__rosidl_typesupport_cExport.cmake
-- Installing: /home/kamal/projects/nexus/ros2_ws/install/champ_msgs/share/champ_msgs/cmake/champ_msgs__rosidl_typesupport_cExport-noconfig.cmake
-- Installing: /home/kamal/projects/nexus/ros2_ws/install/champ_msgs/share/champ_msgs/cmake/export_champ_msgs__rosidl_generator_cppExport.cmake
-- Installing: /home/kamal/projects/nexus/ros2_ws/install/champ_msgs/share/champ_msgs/cmake/export_champ_msgs__rosidl_typesupport_fastrtps_cppExport.cmake
-- Installing: /home/kamal/projects/nexus/ros2_ws/install/champ_msgs/share/champ_msgs/cmake/export_champ_msgs__rosidl_typesupport_fastrtps_cppExport-noconfig.cmake
-- Installing: /home/kamal/projects/nexus/ros2_ws/install/champ_msgs/share/champ_msgs/cmake/champ_msgs__rosidl_typesupport_introspection_cppExport.cmake
-- Installing: /home/kamal/projects/nexus/ros2_ws/install/champ_msgs/share/champ_msgs/cmake/champ_msgs__rosidl_typesupport_introspection_cppExport-noconfig.cmake
-- Installing: /home/kamal/projects/nexus/ros2_ws/install/champ_msgs/share/champ_msgs/cmake/champ_msgs__rosidl_typesupport_cppExport.cmake
-- Installing: /home/kamal/projects/nexus/ros2_ws/install/champ_msgs/share/champ_msgs/cmake/champ_msgs__rosidl_typesupport_cppExport-noconfig.cmake
-- Installing: /home/kamal/projects/nexus/ros2_ws/install/champ_msgs/share/champ_msgs/cmake/export_champ_msgs__rosidl_generator_pyExport.cmake
-- Installing: /home/kamal/projects/nexus/ros2_ws/install/champ_msgs/share/champ_msgs/cmake/export_champ_msgs__rosidl_generator_pyExport-noconfig.cmake
