[0.097s] Invoking command in '/home/kamal/projects/nexus/ros2_ws/build/champ_msgs': CMAKE_PREFIX_PATH=${CMAKE_PREFIX_PATH}:/opt/ros/jazzy DEBUGINFOD_URLS=https://debuginfod.ubuntu.com /usr/bin/cmake /home/kamal/projects/nexus/ros2_ws/src/unitree_go2_ros2/champ_msgs -DAMENT_CMAKE_SYMLINK_INSTALL=1 -DCMAKE_INSTALL_PREFIX=/home/kamal/projects/nexus/ros2_ws/install/champ_msgs
[2.871s] -- The C compiler identification is GNU 13.3.0
[3.855s] -- The CXX compiler identification is GNU 13.3.0
[3.933s] -- Detecting C compiler ABI info
[4.507s] -- Detecting C compiler ABI info - done
[4.549s] -- Check for working C compiler: /usr/bin/cc - skipped
[4.552s] -- Detecting C compile features
[4.554s] -- Detecting C compile features - done
[4.599s] -- Detecting CXX compiler ABI info
[5.212s] -- Detecting CXX compiler ABI info - done
[5.275s] -- Check for working CXX compiler: /usr/bin/c++ - skipped
[5.278s] -- Detecting CXX compile features
[5.279s] -- Detecting CXX compile features - done
[5.485s] -- Found ament_cmake: 2.5.6 (/opt/ros/jazzy/share/ament_cmake/cmake)
[6.790s] -- Found Python3: /usr/bin/python3 (found version "3.12.3") found components: Interpreter 
[7.159s] -- Override CMake install command with custom implementation using symlinks instead of copying resources
[7.408s] -- Found rosidl_default_generators: 1.6.0 (/opt/ros/jazzy/share/rosidl_default_generators/cmake)
[7.551s] -- Using all available rosidl_typesupport_c: rosidl_typesupport_fastrtps_c;rosidl_typesupport_introspection_c
[8.491s] -- Using all available rosidl_typesupport_cpp: rosidl_typesupport_fastrtps_cpp;rosidl_typesupport_introspection_cpp
[9.231s] -- Found rosidl_adapter: 4.6.7 (/opt/ros/jazzy/share/rosidl_adapter/cmake)
[9.718s] -- Found std_msgs: 5.3.7 (/opt/ros/jazzy/share/std_msgs/cmake)
[9.719s] -- Found geometry_msgs: 5.3.7 (/opt/ros/jazzy/share/geometry_msgs/cmake)
[12.880s] -- Found ament_cmake_ros: 0.12.0 (/opt/ros/jazzy/share/ament_cmake_ros/cmake)
[15.105s] -- Using all available rosidl_typesupport_c: rosidl_typesupport_fastrtps_c;rosidl_typesupport_introspection_c
[17.939s] -- Using all available rosidl_typesupport_cpp: rosidl_typesupport_fastrtps_cpp;rosidl_typesupport_introspection_cpp
[17.969s] -- Found python_cmake_module: 0.11.1 (/opt/ros/jazzy/share/python_cmake_module/cmake)
[18.493s] -- Found PythonExtra: /usr/bin/python3  
[21.277s] -- Found Python3: /usr/bin/python3 (found version "3.12.3") found components: Interpreter Development NumPy Development.Module Development.Embed 
[21.913s] -- Found Python3: /usr/bin/python3 (found version "3.12.3") found components: Interpreter 
[21.938s] -- Found ament_lint_auto: 0.17.5 (/opt/ros/jazzy/share/ament_lint_auto/cmake)
[22.031s] -- Configuring done (21.0s)
[22.324s] -- Generating done (0.2s)
[22.376s] -- Build files have been written to: /home/kamal/projects/nexus/ros2_ws/build/champ_msgs
[22.420s] Invoked command in '/home/kamal/projects/nexus/ros2_ws/build/champ_msgs' returned '0': CMAKE_PREFIX_PATH=${CMAKE_PREFIX_PATH}:/opt/ros/jazzy DEBUGINFOD_URLS=https://debuginfod.ubuntu.com /usr/bin/cmake /home/kamal/projects/nexus/ros2_ws/src/unitree_go2_ros2/champ_msgs -DAMENT_CMAKE_SYMLINK_INSTALL=1 -DCMAKE_INSTALL_PREFIX=/home/kamal/projects/nexus/ros2_ws/install/champ_msgs
[22.424s] Invoking command in '/home/kamal/projects/nexus/ros2_ws/build/champ_msgs': CMAKE_PREFIX_PATH=${CMAKE_PREFIX_PATH}:/opt/ros/jazzy DEBUGINFOD_URLS=https://debuginfod.ubuntu.com /usr/bin/cmake --build /home/kamal/projects/nexus/ros2_ws/build/champ_msgs -- -j4 -l4
[22.645s] [  1%] Generating type hashes for ROS interfaces
[22.647s] [  2%] Generating Rust code for ROS interfaces
[22.689s] [  2%] Built target ament_cmake_python_symlink_champ_msgs
[23.898s] running egg_info
[23.902s] creating champ_msgs.egg-info
[24.013s] writing champ_msgs.egg-info/PKG-INFO
[24.014s] writing dependency_links to champ_msgs.egg-info/dependency_links.txt
[24.014s] writing top-level names to champ_msgs.egg-info/top_level.txt
[24.016s] writing manifest file 'champ_msgs.egg-info/SOURCES.txt'
[24.475s] reading manifest file 'champ_msgs.egg-info/SOURCES.txt'
[24.478s] writing manifest file 'champ_msgs.egg-info/SOURCES.txt'
[24.562s] [  2%] Built target champ_msgs__rosidl_generator_type_description
[24.674s] [  2%] Built target ament_cmake_python_build_champ_msgs_egg
[24.690s] [  2%] Built target champ_msgs__rs
[24.690s] [  3%] Generating C code for ROS interfaces
[24.729s] [  3%] Generating C++ code for ROS interfaces
[27.866s] [  3%] Built target champ_msgs__cpp
[28.545s] [  4%] Building C object CMakeFiles/champ_msgs__rosidl_generator_c.dir/rosidl_generator_c/champ_msgs/msg/detail/velocities__description.c.o
[28.555s] [  5%] Building C object CMakeFiles/champ_msgs__rosidl_generator_c.dir/rosidl_generator_c/champ_msgs/msg/detail/velocities__type_support.c.o
[28.556s] [  6%] Building C object CMakeFiles/champ_msgs__rosidl_generator_c.dir/rosidl_generator_c/champ_msgs/msg/detail/velocities__functions.c.o
[28.568s] [  7%] Building C object CMakeFiles/champ_msgs__rosidl_generator_c.dir/rosidl_generator_c/champ_msgs/msg/detail/pid__description.c.o
[29.128s] [  7%] Building C object CMakeFiles/champ_msgs__rosidl_generator_c.dir/rosidl_generator_c/champ_msgs/msg/detail/pid__functions.c.o
[29.138s] [  8%] Building C object CMakeFiles/champ_msgs__rosidl_generator_c.dir/rosidl_generator_c/champ_msgs/msg/detail/pid__type_support.c.o
[29.153s] [  9%] Building C object CMakeFiles/champ_msgs__rosidl_generator_c.dir/rosidl_generator_c/champ_msgs/msg/detail/imu__description.c.o
[29.217s] [ 10%] Building C object CMakeFiles/champ_msgs__rosidl_generator_c.dir/rosidl_generator_c/champ_msgs/msg/detail/imu__functions.c.o
[29.272s] [ 11%] Building C object CMakeFiles/champ_msgs__rosidl_generator_c.dir/rosidl_generator_c/champ_msgs/msg/detail/imu__type_support.c.o
[29.393s] [ 12%] Building C object CMakeFiles/champ_msgs__rosidl_generator_c.dir/rosidl_generator_c/champ_msgs/msg/detail/point__functions.c.o
[29.404s] [ 13%] Building C object CMakeFiles/champ_msgs__rosidl_generator_c.dir/rosidl_generator_c/champ_msgs/msg/detail/point__description.c.o
[29.457s] [ 14%] Building C object CMakeFiles/champ_msgs__rosidl_generator_c.dir/rosidl_generator_c/champ_msgs/msg/detail/point__type_support.c.o
[29.543s] [ 14%] Building C object CMakeFiles/champ_msgs__rosidl_generator_c.dir/rosidl_generator_c/champ_msgs/msg/detail/point_array__description.c.o
[29.590s] [ 15%] Building C object CMakeFiles/champ_msgs__rosidl_generator_c.dir/rosidl_generator_c/champ_msgs/msg/detail/point_array__functions.c.o
[29.598s] [ 16%] Building C object CMakeFiles/champ_msgs__rosidl_generator_c.dir/rosidl_generator_c/champ_msgs/msg/detail/point_array__type_support.c.o
[29.711s] [ 17%] Building C object CMakeFiles/champ_msgs__rosidl_generator_c.dir/rosidl_generator_c/champ_msgs/msg/detail/joints__functions.c.o
[29.724s] [ 18%] Building C object CMakeFiles/champ_msgs__rosidl_generator_c.dir/rosidl_generator_c/champ_msgs/msg/detail/joints__type_support.c.o
[29.769s] [ 19%] Building C object CMakeFiles/champ_msgs__rosidl_generator_c.dir/rosidl_generator_c/champ_msgs/msg/detail/joints__description.c.o
[29.817s] [ 20%] Building C object CMakeFiles/champ_msgs__rosidl_generator_c.dir/rosidl_generator_c/champ_msgs/msg/detail/contacts__description.c.o
[29.874s] [ 21%] Building C object CMakeFiles/champ_msgs__rosidl_generator_c.dir/rosidl_generator_c/champ_msgs/msg/detail/contacts__functions.c.o
[29.921s] [ 22%] Building C object CMakeFiles/champ_msgs__rosidl_generator_c.dir/rosidl_generator_c/champ_msgs/msg/detail/contacts_stamped__description.c.o
[29.929s] [ 22%] Building C object CMakeFiles/champ_msgs__rosidl_generator_c.dir/rosidl_generator_c/champ_msgs/msg/detail/contacts__type_support.c.o
[29.966s] [ 23%] Building C object CMakeFiles/champ_msgs__rosidl_generator_c.dir/rosidl_generator_c/champ_msgs/msg/detail/contacts_stamped__functions.c.o
[30.055s] [ 24%] Building C object CMakeFiles/champ_msgs__rosidl_generator_c.dir/rosidl_generator_c/champ_msgs/msg/detail/contacts_stamped__type_support.c.o
[30.068s] [ 25%] Building C object CMakeFiles/champ_msgs__rosidl_generator_c.dir/rosidl_generator_c/champ_msgs/msg/detail/pose__description.c.o
[30.213s] [ 26%] Building C object CMakeFiles/champ_msgs__rosidl_generator_c.dir/rosidl_generator_c/champ_msgs/msg/detail/pose__type_support.c.o
[30.218s] [ 27%] Building C object CMakeFiles/champ_msgs__rosidl_generator_c.dir/rosidl_generator_c/champ_msgs/msg/detail/pose__functions.c.o
[30.390s] [ 27%] Linking C shared library libchamp_msgs__rosidl_generator_c.so
[30.684s] [ 27%] Built target champ_msgs__rosidl_generator_c
[30.727s] [ 28%] Generating C type support for eProsima Fast-RTPS
[30.735s] [ 29%] Generating C introspection for ROS interfaces
[30.736s] [ 30%] Generating C++ type support for eProsima Fast-RTPS
[30.793s] [ 31%] Generating C type support dispatch for ROS interfaces
[33.446s] [ 32%] Building CXX object CMakeFiles/champ_msgs__rosidl_typesupport_c.dir/rosidl_typesupport_c/champ_msgs/msg/velocities__type_support.cpp.o
[33.916s] [ 33%] Building CXX object CMakeFiles/champ_msgs__rosidl_typesupport_c.dir/rosidl_typesupport_c/champ_msgs/msg/pid__type_support.cpp.o
[34.156s] [ 34%] Building C object CMakeFiles/champ_msgs__rosidl_typesupport_introspection_c.dir/rosidl_typesupport_introspection_c/champ_msgs/msg/detail/velocities__type_support.c.o
[34.188s] [ 35%] Building CXX object CMakeFiles/champ_msgs__rosidl_typesupport_c.dir/rosidl_typesupport_c/champ_msgs/msg/imu__type_support.cpp.o
[34.374s] [ 35%] Building CXX object CMakeFiles/champ_msgs__rosidl_typesupport_c.dir/rosidl_typesupport_c/champ_msgs/msg/point__type_support.cpp.o
[34.412s] [ 36%] Building C object CMakeFiles/champ_msgs__rosidl_typesupport_introspection_c.dir/rosidl_typesupport_introspection_c/champ_msgs/msg/detail/pid__type_support.c.o
[34.440s] [ 36%] Building CXX object CMakeFiles/champ_msgs__rosidl_typesupport_fastrtps_cpp.dir/rosidl_typesupport_fastrtps_cpp/champ_msgs/msg/detail/dds_fastrtps/velocities__type_support.cpp.o
[34.523s] [ 37%] Building CXX object CMakeFiles/champ_msgs__rosidl_typesupport_fastrtps_c.dir/rosidl_typesupport_fastrtps_c/champ_msgs/msg/detail/velocities__type_support_c.cpp.o
[34.561s] [ 38%] Building CXX object CMakeFiles/champ_msgs__rosidl_typesupport_c.dir/rosidl_typesupport_c/champ_msgs/msg/point_array__type_support.cpp.o
[34.593s] [ 39%] Building C object CMakeFiles/champ_msgs__rosidl_typesupport_introspection_c.dir/rosidl_typesupport_introspection_c/champ_msgs/msg/detail/imu__type_support.c.o
[34.718s] [ 40%] Building CXX object CMakeFiles/champ_msgs__rosidl_typesupport_c.dir/rosidl_typesupport_c/champ_msgs/msg/joints__type_support.cpp.o
[34.866s] [ 41%] Building CXX object CMakeFiles/champ_msgs__rosidl_typesupport_c.dir/rosidl_typesupport_c/champ_msgs/msg/contacts__type_support.cpp.o
[34.977s] [ 42%] Building C object CMakeFiles/champ_msgs__rosidl_typesupport_introspection_c.dir/rosidl_typesupport_introspection_c/champ_msgs/msg/detail/point__type_support.c.o
[35.012s] [ 43%] Building CXX object CMakeFiles/champ_msgs__rosidl_typesupport_c.dir/rosidl_typesupport_c/champ_msgs/msg/contacts_stamped__type_support.cpp.o
[35.110s] [ 44%] Building C object CMakeFiles/champ_msgs__rosidl_typesupport_introspection_c.dir/rosidl_typesupport_introspection_c/champ_msgs/msg/detail/point_array__type_support.c.o
[35.180s] [ 45%] Building CXX object CMakeFiles/champ_msgs__rosidl_typesupport_c.dir/rosidl_typesupport_c/champ_msgs/msg/pose__type_support.cpp.o
[35.272s] [ 45%] Building C object CMakeFiles/champ_msgs__rosidl_typesupport_introspection_c.dir/rosidl_typesupport_introspection_c/champ_msgs/msg/detail/joints__type_support.c.o
[35.349s] [ 46%] Linking CXX shared library libchamp_msgs__rosidl_typesupport_c.so
[35.423s] [ 47%] Building C object CMakeFiles/champ_msgs__rosidl_typesupport_introspection_c.dir/rosidl_typesupport_introspection_c/champ_msgs/msg/detail/contacts__type_support.c.o
[35.564s] [ 48%] Building C object CMakeFiles/champ_msgs__rosidl_typesupport_introspection_c.dir/rosidl_typesupport_introspection_c/champ_msgs/msg/detail/contacts_stamped__type_support.c.o
[35.759s] [ 48%] Built target champ_msgs__rosidl_typesupport_c
[35.793s] [ 49%] Building C object CMakeFiles/champ_msgs__rosidl_typesupport_introspection_c.dir/rosidl_typesupport_introspection_c/champ_msgs/msg/detail/pose__type_support.c.o
[35.876s] [ 50%] Building CXX object CMakeFiles/champ_msgs__rosidl_typesupport_fastrtps_cpp.dir/rosidl_typesupport_fastrtps_cpp/champ_msgs/msg/detail/dds_fastrtps/pid__type_support.cpp.o
[35.920s] [ 51%] Linking C shared library libchamp_msgs__rosidl_typesupport_introspection_c.so
[36.277s] [ 51%] Built target champ_msgs__rosidl_typesupport_introspection_c
[36.331s] [ 52%] Generating C++ introspection for ROS interfaces
[38.147s] [ 53%] Building CXX object CMakeFiles/champ_msgs__rosidl_typesupport_fastrtps_c.dir/rosidl_typesupport_fastrtps_c/champ_msgs/msg/detail/pid__type_support_c.cpp.o
[38.170s] [ 54%] Building CXX object CMakeFiles/champ_msgs__rosidl_typesupport_fastrtps_cpp.dir/rosidl_typesupport_fastrtps_cpp/champ_msgs/msg/detail/dds_fastrtps/imu__type_support.cpp.o
[38.215s] [ 54%] Generating C++ type support dispatch for ROS interfaces
[39.867s] [ 55%] Building CXX object CMakeFiles/champ_msgs__rosidl_typesupport_introspection_cpp.dir/rosidl_typesupport_introspection_cpp/champ_msgs/msg/detail/velocities__type_support.cpp.o
[40.990s] [ 56%] Building CXX object CMakeFiles/champ_msgs__rosidl_typesupport_fastrtps_cpp.dir/rosidl_typesupport_fastrtps_cpp/champ_msgs/msg/detail/dds_fastrtps/point__type_support.cpp.o
[41.147s] [ 57%] Building CXX object CMakeFiles/champ_msgs__rosidl_typesupport_cpp.dir/rosidl_typesupport_cpp/champ_msgs/msg/velocities__type_support.cpp.o
[41.320s] [ 58%] Building CXX object CMakeFiles/champ_msgs__rosidl_typesupport_fastrtps_c.dir/rosidl_typesupport_fastrtps_c/champ_msgs/msg/detail/imu__type_support_c.cpp.o
[42.061s] [ 58%] Building CXX object CMakeFiles/champ_msgs__rosidl_typesupport_introspection_cpp.dir/rosidl_typesupport_introspection_cpp/champ_msgs/msg/detail/pid__type_support.cpp.o
[42.958s] [ 59%] Building CXX object CMakeFiles/champ_msgs__rosidl_typesupport_cpp.dir/rosidl_typesupport_cpp/champ_msgs/msg/pid__type_support.cpp.o
[43.653s] [ 60%] Building CXX object CMakeFiles/champ_msgs__rosidl_typesupport_fastrtps_c.dir/rosidl_typesupport_fastrtps_c/champ_msgs/msg/detail/point__type_support_c.cpp.o
[43.907s] [ 61%] Building CXX object CMakeFiles/champ_msgs__rosidl_typesupport_introspection_cpp.dir/rosidl_typesupport_introspection_cpp/champ_msgs/msg/detail/imu__type_support.cpp.o
[44.110s] [ 62%] Building CXX object CMakeFiles/champ_msgs__rosidl_typesupport_fastrtps_cpp.dir/rosidl_typesupport_fastrtps_cpp/champ_msgs/msg/detail/dds_fastrtps/point_array__type_support.cpp.o
[44.691s] [ 63%] Building CXX object CMakeFiles/champ_msgs__rosidl_typesupport_cpp.dir/rosidl_typesupport_cpp/champ_msgs/msg/imu__type_support.cpp.o
[45.820s] [ 64%] Building CXX object CMakeFiles/champ_msgs__rosidl_typesupport_introspection_cpp.dir/rosidl_typesupport_introspection_cpp/champ_msgs/msg/detail/point__type_support.cpp.o
[45.854s] [ 64%] Building CXX object CMakeFiles/champ_msgs__rosidl_typesupport_fastrtps_c.dir/rosidl_typesupport_fastrtps_c/champ_msgs/msg/detail/point_array__type_support_c.cpp.o
[46.449s] [ 65%] Building CXX object CMakeFiles/champ_msgs__rosidl_typesupport_cpp.dir/rosidl_typesupport_cpp/champ_msgs/msg/point__type_support.cpp.o
[46.699s] [ 66%] Building CXX object CMakeFiles/champ_msgs__rosidl_typesupport_fastrtps_cpp.dir/rosidl_typesupport_fastrtps_cpp/champ_msgs/msg/detail/dds_fastrtps/joints__type_support.cpp.o
[47.564s] [ 67%] Building CXX object CMakeFiles/champ_msgs__rosidl_typesupport_introspection_cpp.dir/rosidl_typesupport_introspection_cpp/champ_msgs/msg/detail/point_array__type_support.cpp.o
[48.135s] [ 68%] Building CXX object CMakeFiles/champ_msgs__rosidl_typesupport_cpp.dir/rosidl_typesupport_cpp/champ_msgs/msg/point_array__type_support.cpp.o
[48.237s] [ 69%] Building CXX object CMakeFiles/champ_msgs__rosidl_typesupport_fastrtps_c.dir/rosidl_typesupport_fastrtps_c/champ_msgs/msg/detail/joints__type_support_c.cpp.o
[49.240s] [ 70%] Building CXX object CMakeFiles/champ_msgs__rosidl_typesupport_fastrtps_cpp.dir/rosidl_typesupport_fastrtps_cpp/champ_msgs/msg/detail/dds_fastrtps/contacts__type_support.cpp.o
[49.290s] [ 71%] Building CXX object CMakeFiles/champ_msgs__rosidl_typesupport_introspection_cpp.dir/rosidl_typesupport_introspection_cpp/champ_msgs/msg/detail/joints__type_support.cpp.o
[50.025s] [ 72%] Building CXX object CMakeFiles/champ_msgs__rosidl_typesupport_cpp.dir/rosidl_typesupport_cpp/champ_msgs/msg/joints__type_support.cpp.o
[50.952s] [ 73%] Building CXX object CMakeFiles/champ_msgs__rosidl_typesupport_fastrtps_c.dir/rosidl_typesupport_fastrtps_c/champ_msgs/msg/detail/contacts__type_support_c.cpp.o
[51.303s] [ 74%] Building CXX object CMakeFiles/champ_msgs__rosidl_typesupport_introspection_cpp.dir/rosidl_typesupport_introspection_cpp/champ_msgs/msg/detail/contacts__type_support.cpp.o
[51.663s] [ 75%] Building CXX object CMakeFiles/champ_msgs__rosidl_typesupport_cpp.dir/rosidl_typesupport_cpp/champ_msgs/msg/contacts__type_support.cpp.o
[51.702s] [ 76%] Building CXX object CMakeFiles/champ_msgs__rosidl_typesupport_fastrtps_cpp.dir/rosidl_typesupport_fastrtps_cpp/champ_msgs/msg/detail/dds_fastrtps/contacts_stamped__type_support.cpp.o
[53.321s] [ 77%] Building CXX object CMakeFiles/champ_msgs__rosidl_typesupport_introspection_cpp.dir/rosidl_typesupport_introspection_cpp/champ_msgs/msg/detail/contacts_stamped__type_support.cpp.o
[53.511s] [ 78%] Building CXX object CMakeFiles/champ_msgs__rosidl_typesupport_fastrtps_c.dir/rosidl_typesupport_fastrtps_c/champ_msgs/msg/detail/contacts_stamped__type_support_c.cpp.o
[53.570s] [ 78%] Building CXX object CMakeFiles/champ_msgs__rosidl_typesupport_cpp.dir/rosidl_typesupport_cpp/champ_msgs/msg/contacts_stamped__type_support.cpp.o
[54.423s] [ 78%] Building CXX object CMakeFiles/champ_msgs__rosidl_typesupport_fastrtps_cpp.dir/rosidl_typesupport_fastrtps_cpp/champ_msgs/msg/detail/dds_fastrtps/pose__type_support.cpp.o
[55.172s] [ 79%] Building CXX object CMakeFiles/champ_msgs__rosidl_typesupport_introspection_cpp.dir/rosidl_typesupport_introspection_cpp/champ_msgs/msg/detail/pose__type_support.cpp.o
[55.256s] [ 80%] Building CXX object CMakeFiles/champ_msgs__rosidl_typesupport_cpp.dir/rosidl_typesupport_cpp/champ_msgs/msg/pose__type_support.cpp.o
[56.255s] [ 81%] Building CXX object CMakeFiles/champ_msgs__rosidl_typesupport_fastrtps_c.dir/rosidl_typesupport_fastrtps_c/champ_msgs/msg/detail/pose__type_support_c.cpp.o
[56.866s] [ 81%] Linking CXX shared library libchamp_msgs__rosidl_typesupport_introspection_cpp.so
[56.955s] [ 82%] Linking CXX shared library libchamp_msgs__rosidl_typesupport_fastrtps_cpp.so
[57.088s] [ 83%] Linking CXX shared library libchamp_msgs__rosidl_typesupport_cpp.so
[57.471s] [ 83%] Built target champ_msgs__rosidl_typesupport_cpp
[57.573s] [ 83%] Built target champ_msgs__rosidl_typesupport_introspection_cpp
[57.679s] [ 83%] Built target champ_msgs__rosidl_typesupport_fastrtps_cpp
[58.529s] [ 84%] Linking CXX shared library libchamp_msgs__rosidl_typesupport_fastrtps_c.so
[58.833s] [ 84%] Built target champ_msgs__rosidl_typesupport_fastrtps_c
[58.900s] [ 84%] Built target champ_msgs
[58.974s] [ 85%] Generating Python code for ROS interfaces
[63.187s] [ 85%] Built target champ_msgs__py
[63.265s] [ 86%] Building C object CMakeFiles/champ_msgs__rosidl_generator_py.dir/rosidl_generator_py/champ_msgs/msg/_velocities_s.c.o
[63.267s] [ 87%] Building C object CMakeFiles/champ_msgs__rosidl_generator_py.dir/rosidl_generator_py/champ_msgs/msg/_pid_s.c.o
[64.309s] [ 88%] Building C object CMakeFiles/champ_msgs__rosidl_generator_py.dir/rosidl_generator_py/champ_msgs/msg/_point_s.c.o
[64.400s] [ 89%] Building C object CMakeFiles/champ_msgs__rosidl_generator_py.dir/rosidl_generator_py/champ_msgs/msg/_imu_s.c.o
[64.401s] [ 90%] Building C object CMakeFiles/champ_msgs__rosidl_generator_py.dir/rosidl_generator_py/champ_msgs/msg/_point_array_s.c.o
[64.891s] [ 91%] Building C object CMakeFiles/champ_msgs__rosidl_generator_py.dir/rosidl_generator_py/champ_msgs/msg/_joints_s.c.o
[64.945s] [ 92%] Building C object CMakeFiles/champ_msgs__rosidl_generator_py.dir/rosidl_generator_py/champ_msgs/msg/_contacts_s.c.o
[64.960s] [ 92%] Building C object CMakeFiles/champ_msgs__rosidl_generator_py.dir/rosidl_generator_py/champ_msgs/msg/_contacts_stamped_s.c.o
[65.489s] [ 93%] Building C object CMakeFiles/champ_msgs__rosidl_generator_py.dir/rosidl_generator_py/champ_msgs/msg/_pose_s.c.o
[65.992s] [ 94%] Linking C shared library libchamp_msgs__rosidl_generator_py.so
[66.257s] [ 94%] Built target champ_msgs__rosidl_generator_py
[66.341s] [ 96%] Building C object CMakeFiles/champ_msgs_s__rosidl_typesupport_introspection_c.dir/rosidl_generator_py/champ_msgs/_champ_msgs_s.ep.rosidl_typesupport_introspection_c.c.o
[66.341s] [ 96%] Building C object CMakeFiles/champ_msgs_s__rosidl_typesupport_c.dir/rosidl_generator_py/champ_msgs/_champ_msgs_s.ep.rosidl_typesupport_c.c.o
[66.353s] [ 97%] Building C object CMakeFiles/champ_msgs_s__rosidl_typesupport_fastrtps_c.dir/rosidl_generator_py/champ_msgs/_champ_msgs_s.ep.rosidl_typesupport_fastrtps_c.c.o
[66.885s] [ 98%] Linking C shared module rosidl_generator_py/champ_msgs/champ_msgs_s__rosidl_typesupport_c.so
[66.892s] [ 99%] Linking C shared module rosidl_generator_py/champ_msgs/champ_msgs_s__rosidl_typesupport_introspection_c.so
[66.921s] [100%] Linking C shared module rosidl_generator_py/champ_msgs/champ_msgs_s__rosidl_typesupport_fastrtps_c.so
[67.009s] [100%] Built target champ_msgs_s__rosidl_typesupport_c
[67.021s] [100%] Built target champ_msgs_s__rosidl_typesupport_introspection_c
[67.045s] [100%] Built target champ_msgs_s__rosidl_typesupport_fastrtps_c
[67.092s] Invoked command in '/home/kamal/projects/nexus/ros2_ws/build/champ_msgs' returned '0': CMAKE_PREFIX_PATH=${CMAKE_PREFIX_PATH}:/opt/ros/jazzy DEBUGINFOD_URLS=https://debuginfod.ubuntu.com /usr/bin/cmake --build /home/kamal/projects/nexus/ros2_ws/build/champ_msgs -- -j4 -l4
[67.096s] Invoking command in '/home/kamal/projects/nexus/ros2_ws/build/champ_msgs': CMAKE_PREFIX_PATH=${CMAKE_PREFIX_PATH}:/opt/ros/jazzy DEBUGINFOD_URLS=https://debuginfod.ubuntu.com /usr/bin/cmake --install /home/kamal/projects/nexus/ros2_ws/build/champ_msgs
[67.126s] -- Install configuration: ""
[67.128s] -- Execute custom install script
[67.129s] -- Symlinking: /home/kamal/projects/nexus/ros2_ws/install/champ_msgs/share/ament_index/resource_index/rosidl_interfaces/champ_msgs
[67.163s] -- Symlinking: /home/kamal/projects/nexus/ros2_ws/install/champ_msgs/share/champ_msgs/msg/Velocities.json
[67.196s] -- Symlinking: /home/kamal/projects/nexus/ros2_ws/install/champ_msgs/share/champ_msgs/msg/PID.json
[67.229s] -- Symlinking: /home/kamal/projects/nexus/ros2_ws/install/champ_msgs/share/champ_msgs/msg/Imu.json
[67.261s] -- Symlinking: /home/kamal/projects/nexus/ros2_ws/install/champ_msgs/share/champ_msgs/msg/Point.json
[67.294s] -- Symlinking: /home/kamal/projects/nexus/ros2_ws/install/champ_msgs/share/champ_msgs/msg/PointArray.json
[67.326s] -- Symlinking: /home/kamal/projects/nexus/ros2_ws/install/champ_msgs/share/champ_msgs/msg/Joints.json
[67.359s] -- Symlinking: /home/kamal/projects/nexus/ros2_ws/install/champ_msgs/share/champ_msgs/msg/Contacts.json
[67.392s] -- Symlinking: /home/kamal/projects/nexus/ros2_ws/install/champ_msgs/share/champ_msgs/msg/ContactsStamped.json
[67.426s] -- Symlinking: /home/kamal/projects/nexus/ros2_ws/install/champ_msgs/share/champ_msgs/msg/Pose.json
[67.464s] -- Symlinking: /home/kamal/projects/nexus/ros2_ws/install/champ_msgs/include/champ_msgs/champ_msgs/msg/contacts.h
[67.497s] -- Symlinking: /home/kamal/projects/nexus/ros2_ws/install/champ_msgs/include/champ_msgs/champ_msgs/msg/contacts_stamped.h
[67.530s] -- Symlinking: /home/kamal/projects/nexus/ros2_ws/install/champ_msgs/include/champ_msgs/champ_msgs/msg/detail/contacts__functions.h
[67.562s] -- Symlinking: /home/kamal/projects/nexus/ros2_ws/install/champ_msgs/include/champ_msgs/champ_msgs/msg/detail/contacts__struct.h
[67.596s] -- Symlinking: /home/kamal/projects/nexus/ros2_ws/install/champ_msgs/include/champ_msgs/champ_msgs/msg/detail/contacts__type_support.h
[67.628s] -- Symlinking: /home/kamal/projects/nexus/ros2_ws/install/champ_msgs/include/champ_msgs/champ_msgs/msg/detail/contacts_stamped__functions.h
[67.661s] -- Symlinking: /home/kamal/projects/nexus/ros2_ws/install/champ_msgs/include/champ_msgs/champ_msgs/msg/detail/contacts_stamped__struct.h
[67.693s] -- Symlinking: /home/kamal/projects/nexus/ros2_ws/install/champ_msgs/include/champ_msgs/champ_msgs/msg/detail/contacts_stamped__type_support.h
[67.725s] -- Symlinking: /home/kamal/projects/nexus/ros2_ws/install/champ_msgs/include/champ_msgs/champ_msgs/msg/detail/imu__functions.h
[67.758s] -- Symlinking: /home/kamal/projects/nexus/ros2_ws/install/champ_msgs/include/champ_msgs/champ_msgs/msg/detail/imu__struct.h
[67.791s] -- Symlinking: /home/kamal/projects/nexus/ros2_ws/install/champ_msgs/include/champ_msgs/champ_msgs/msg/detail/imu__type_support.h
[67.820s] -- Symlinking: /home/kamal/projects/nexus/ros2_ws/install/champ_msgs/include/champ_msgs/champ_msgs/msg/detail/joints__functions.h
[67.850s] -- Symlinking: /home/kamal/projects/nexus/ros2_ws/install/champ_msgs/include/champ_msgs/champ_msgs/msg/detail/joints__struct.h
[67.880s] -- Symlinking: /home/kamal/projects/nexus/ros2_ws/install/champ_msgs/include/champ_msgs/champ_msgs/msg/detail/joints__type_support.h
[67.910s] -- Symlinking: /home/kamal/projects/nexus/ros2_ws/install/champ_msgs/include/champ_msgs/champ_msgs/msg/detail/pid__functions.h
[67.939s] -- Symlinking: /home/kamal/projects/nexus/ros2_ws/install/champ_msgs/include/champ_msgs/champ_msgs/msg/detail/pid__struct.h
[67.971s] -- Symlinking: /home/kamal/projects/nexus/ros2_ws/install/champ_msgs/include/champ_msgs/champ_msgs/msg/detail/pid__type_support.h
[68.003s] -- Symlinking: /home/kamal/projects/nexus/ros2_ws/install/champ_msgs/include/champ_msgs/champ_msgs/msg/detail/point__functions.h
[68.034s] -- Symlinking: /home/kamal/projects/nexus/ros2_ws/install/champ_msgs/include/champ_msgs/champ_msgs/msg/detail/point__struct.h
[68.066s] -- Symlinking: /home/kamal/projects/nexus/ros2_ws/install/champ_msgs/include/champ_msgs/champ_msgs/msg/detail/point__type_support.h
[68.100s] -- Symlinking: /home/kamal/projects/nexus/ros2_ws/install/champ_msgs/include/champ_msgs/champ_msgs/msg/detail/point_array__functions.h
[68.132s] -- Symlinking: /home/kamal/projects/nexus/ros2_ws/install/champ_msgs/include/champ_msgs/champ_msgs/msg/detail/point_array__struct.h
[68.164s] -- Symlinking: /home/kamal/projects/nexus/ros2_ws/install/champ_msgs/include/champ_msgs/champ_msgs/msg/detail/point_array__type_support.h
[68.196s] -- Symlinking: /home/kamal/projects/nexus/ros2_ws/install/champ_msgs/include/champ_msgs/champ_msgs/msg/detail/pose__functions.h
[68.229s] -- Symlinking: /home/kamal/projects/nexus/ros2_ws/install/champ_msgs/include/champ_msgs/champ_msgs/msg/detail/pose__struct.h
[68.263s] -- Symlinking: /home/kamal/projects/nexus/ros2_ws/install/champ_msgs/include/champ_msgs/champ_msgs/msg/detail/pose__type_support.h
[68.295s] -- Symlinking: /home/kamal/projects/nexus/ros2_ws/install/champ_msgs/include/champ_msgs/champ_msgs/msg/detail/velocities__functions.h
[68.327s] -- Symlinking: /home/kamal/projects/nexus/ros2_ws/install/champ_msgs/include/champ_msgs/champ_msgs/msg/detail/velocities__struct.h
[68.360s] -- Symlinking: /home/kamal/projects/nexus/ros2_ws/install/champ_msgs/include/champ_msgs/champ_msgs/msg/detail/velocities__type_support.h
[68.392s] -- Symlinking: /home/kamal/projects/nexus/ros2_ws/install/champ_msgs/include/champ_msgs/champ_msgs/msg/imu.h
[68.425s] -- Symlinking: /home/kamal/projects/nexus/ros2_ws/install/champ_msgs/include/champ_msgs/champ_msgs/msg/joints.h
[68.457s] -- Symlinking: /home/kamal/projects/nexus/ros2_ws/install/champ_msgs/include/champ_msgs/champ_msgs/msg/pid.h
[68.495s] -- Symlinking: /home/kamal/projects/nexus/ros2_ws/install/champ_msgs/include/champ_msgs/champ_msgs/msg/point.h
[68.528s] -- Symlinking: /home/kamal/projects/nexus/ros2_ws/install/champ_msgs/include/champ_msgs/champ_msgs/msg/point_array.h
[68.560s] -- Symlinking: /home/kamal/projects/nexus/ros2_ws/install/champ_msgs/include/champ_msgs/champ_msgs/msg/pose.h
[68.592s] -- Symlinking: /home/kamal/projects/nexus/ros2_ws/install/champ_msgs/include/champ_msgs/champ_msgs/msg/rosidl_generator_c__visibility_control.h
[68.626s] -- Symlinking: /home/kamal/projects/nexus/ros2_ws/install/champ_msgs/include/champ_msgs/champ_msgs/msg/velocities.h
[68.660s] -- Symlinking: /home/kamal/projects/nexus/ros2_ws/install/champ_msgs/share/champ_msgs/environment/library_path.sh
[68.693s] -- Symlinking: /home/kamal/projects/nexus/ros2_ws/install/champ_msgs/share/champ_msgs/environment/library_path.dsv
[68.728s] -- Symlinking: /home/kamal/projects/nexus/ros2_ws/install/champ_msgs/include/champ_msgs/champ_msgs/msg/detail/contacts__rosidl_typesupport_fastrtps_c.h
[68.761s] -- Symlinking: /home/kamal/projects/nexus/ros2_ws/install/champ_msgs/include/champ_msgs/champ_msgs/msg/detail/contacts_stamped__rosidl_typesupport_fastrtps_c.h
[68.795s] -- Symlinking: /home/kamal/projects/nexus/ros2_ws/install/champ_msgs/include/champ_msgs/champ_msgs/msg/detail/imu__rosidl_typesupport_fastrtps_c.h
[68.825s] -- Symlinking: /home/kamal/projects/nexus/ros2_ws/install/champ_msgs/include/champ_msgs/champ_msgs/msg/detail/joints__rosidl_typesupport_fastrtps_c.h
[68.854s] -- Symlinking: /home/kamal/projects/nexus/ros2_ws/install/champ_msgs/include/champ_msgs/champ_msgs/msg/detail/pid__rosidl_typesupport_fastrtps_c.h
[68.884s] -- Symlinking: /home/kamal/projects/nexus/ros2_ws/install/champ_msgs/include/champ_msgs/champ_msgs/msg/detail/point__rosidl_typesupport_fastrtps_c.h
[68.913s] -- Symlinking: /home/kamal/projects/nexus/ros2_ws/install/champ_msgs/include/champ_msgs/champ_msgs/msg/detail/point_array__rosidl_typesupport_fastrtps_c.h
[68.942s] -- Symlinking: /home/kamal/projects/nexus/ros2_ws/install/champ_msgs/include/champ_msgs/champ_msgs/msg/detail/pose__rosidl_typesupport_fastrtps_c.h
[68.972s] -- Symlinking: /home/kamal/projects/nexus/ros2_ws/install/champ_msgs/include/champ_msgs/champ_msgs/msg/detail/velocities__rosidl_typesupport_fastrtps_c.h
[69.001s] -- Symlinking: /home/kamal/projects/nexus/ros2_ws/install/champ_msgs/include/champ_msgs/champ_msgs/msg/rosidl_typesupport_fastrtps_c__visibility_control.h
[69.033s] -- Symlinking: /home/kamal/projects/nexus/ros2_ws/install/champ_msgs/include/champ_msgs/champ_msgs/msg/detail/contacts__rosidl_typesupport_introspection_c.h
[69.065s] -- Symlinking: /home/kamal/projects/nexus/ros2_ws/install/champ_msgs/include/champ_msgs/champ_msgs/msg/detail/contacts_stamped__rosidl_typesupport_introspection_c.h
[69.098s] -- Symlinking: /home/kamal/projects/nexus/ros2_ws/install/champ_msgs/include/champ_msgs/champ_msgs/msg/detail/imu__rosidl_typesupport_introspection_c.h
[69.131s] -- Symlinking: /home/kamal/projects/nexus/ros2_ws/install/champ_msgs/include/champ_msgs/champ_msgs/msg/detail/joints__rosidl_typesupport_introspection_c.h
[69.164s] -- Symlinking: /home/kamal/projects/nexus/ros2_ws/install/champ_msgs/include/champ_msgs/champ_msgs/msg/detail/pid__rosidl_typesupport_introspection_c.h
[69.196s] -- Symlinking: /home/kamal/projects/nexus/ros2_ws/install/champ_msgs/include/champ_msgs/champ_msgs/msg/detail/point__rosidl_typesupport_introspection_c.h
[69.228s] -- Symlinking: /home/kamal/projects/nexus/ros2_ws/install/champ_msgs/include/champ_msgs/champ_msgs/msg/detail/point_array__rosidl_typesupport_introspection_c.h
[69.260s] -- Symlinking: /home/kamal/projects/nexus/ros2_ws/install/champ_msgs/include/champ_msgs/champ_msgs/msg/detail/pose__rosidl_typesupport_introspection_c.h
[69.293s] -- Symlinking: /home/kamal/projects/nexus/ros2_ws/install/champ_msgs/include/champ_msgs/champ_msgs/msg/detail/velocities__rosidl_typesupport_introspection_c.h
[69.326s] -- Symlinking: /home/kamal/projects/nexus/ros2_ws/install/champ_msgs/include/champ_msgs/champ_msgs/msg/rosidl_typesupport_introspection_c__visibility_control.h
[69.362s] -- Symlinking: /home/kamal/projects/nexus/ros2_ws/install/champ_msgs/include/champ_msgs/champ_msgs/msg/contacts.hpp
[69.394s] -- Symlinking: /home/kamal/projects/nexus/ros2_ws/install/champ_msgs/include/champ_msgs/champ_msgs/msg/contacts_stamped.hpp
[69.426s] -- Symlinking: /home/kamal/projects/nexus/ros2_ws/install/champ_msgs/include/champ_msgs/champ_msgs/msg/detail/contacts__builder.hpp
[69.459s] -- Symlinking: /home/kamal/projects/nexus/ros2_ws/install/champ_msgs/include/champ_msgs/champ_msgs/msg/detail/contacts__struct.hpp
[69.492s] -- Symlinking: /home/kamal/projects/nexus/ros2_ws/install/champ_msgs/include/champ_msgs/champ_msgs/msg/detail/contacts__traits.hpp
[69.526s] -- Symlinking: /home/kamal/projects/nexus/ros2_ws/install/champ_msgs/include/champ_msgs/champ_msgs/msg/detail/contacts__type_support.hpp
[69.560s] -- Symlinking: /home/kamal/projects/nexus/ros2_ws/install/champ_msgs/include/champ_msgs/champ_msgs/msg/detail/contacts_stamped__builder.hpp
[69.593s] -- Symlinking: /home/kamal/projects/nexus/ros2_ws/install/champ_msgs/include/champ_msgs/champ_msgs/msg/detail/contacts_stamped__struct.hpp
[69.629s] -- Symlinking: /home/kamal/projects/nexus/ros2_ws/install/champ_msgs/include/champ_msgs/champ_msgs/msg/detail/contacts_stamped__traits.hpp
[69.661s] -- Symlinking: /home/kamal/projects/nexus/ros2_ws/install/champ_msgs/include/champ_msgs/champ_msgs/msg/detail/contacts_stamped__type_support.hpp
[69.694s] -- Symlinking: /home/kamal/projects/nexus/ros2_ws/install/champ_msgs/include/champ_msgs/champ_msgs/msg/detail/imu__builder.hpp
[69.727s] -- Symlinking: /home/kamal/projects/nexus/ros2_ws/install/champ_msgs/include/champ_msgs/champ_msgs/msg/detail/imu__struct.hpp
[69.761s] -- Symlinking: /home/kamal/projects/nexus/ros2_ws/install/champ_msgs/include/champ_msgs/champ_msgs/msg/detail/imu__traits.hpp
[69.793s] -- Symlinking: /home/kamal/projects/nexus/ros2_ws/install/champ_msgs/include/champ_msgs/champ_msgs/msg/detail/imu__type_support.hpp
[69.823s] -- Symlinking: /home/kamal/projects/nexus/ros2_ws/install/champ_msgs/include/champ_msgs/champ_msgs/msg/detail/joints__builder.hpp
[69.852s] -- Symlinking: /home/kamal/projects/nexus/ros2_ws/install/champ_msgs/include/champ_msgs/champ_msgs/msg/detail/joints__struct.hpp
[69.886s] -- Symlinking: /home/kamal/projects/nexus/ros2_ws/install/champ_msgs/include/champ_msgs/champ_msgs/msg/detail/joints__traits.hpp
[69.916s] -- Symlinking: /home/kamal/projects/nexus/ros2_ws/install/champ_msgs/include/champ_msgs/champ_msgs/msg/detail/joints__type_support.hpp
[69.945s] -- Symlinking: /home/kamal/projects/nexus/ros2_ws/install/champ_msgs/include/champ_msgs/champ_msgs/msg/detail/pid__builder.hpp
[69.978s] -- Symlinking: /home/kamal/projects/nexus/ros2_ws/install/champ_msgs/include/champ_msgs/champ_msgs/msg/detail/pid__struct.hpp
[70.008s] -- Symlinking: /home/kamal/projects/nexus/ros2_ws/install/champ_msgs/include/champ_msgs/champ_msgs/msg/detail/pid__traits.hpp
[70.039s] -- Symlinking: /home/kamal/projects/nexus/ros2_ws/install/champ_msgs/include/champ_msgs/champ_msgs/msg/detail/pid__type_support.hpp
[70.076s] -- Symlinking: /home/kamal/projects/nexus/ros2_ws/install/champ_msgs/include/champ_msgs/champ_msgs/msg/detail/point__builder.hpp
[70.109s] -- Symlinking: /home/kamal/projects/nexus/ros2_ws/install/champ_msgs/include/champ_msgs/champ_msgs/msg/detail/point__struct.hpp
[70.142s] -- Symlinking: /home/kamal/projects/nexus/ros2_ws/install/champ_msgs/include/champ_msgs/champ_msgs/msg/detail/point__traits.hpp
[70.174s] -- Symlinking: /home/kamal/projects/nexus/ros2_ws/install/champ_msgs/include/champ_msgs/champ_msgs/msg/detail/point__type_support.hpp
[70.207s] -- Symlinking: /home/kamal/projects/nexus/ros2_ws/install/champ_msgs/include/champ_msgs/champ_msgs/msg/detail/point_array__builder.hpp
[70.240s] -- Symlinking: /home/kamal/projects/nexus/ros2_ws/install/champ_msgs/include/champ_msgs/champ_msgs/msg/detail/point_array__struct.hpp
[70.273s] -- Symlinking: /home/kamal/projects/nexus/ros2_ws/install/champ_msgs/include/champ_msgs/champ_msgs/msg/detail/point_array__traits.hpp
[70.306s] -- Symlinking: /home/kamal/projects/nexus/ros2_ws/install/champ_msgs/include/champ_msgs/champ_msgs/msg/detail/point_array__type_support.hpp
[70.338s] -- Symlinking: /home/kamal/projects/nexus/ros2_ws/install/champ_msgs/include/champ_msgs/champ_msgs/msg/detail/pose__builder.hpp
[70.371s] -- Symlinking: /home/kamal/projects/nexus/ros2_ws/install/champ_msgs/include/champ_msgs/champ_msgs/msg/detail/pose__struct.hpp
[70.403s] -- Symlinking: /home/kamal/projects/nexus/ros2_ws/install/champ_msgs/include/champ_msgs/champ_msgs/msg/detail/pose__traits.hpp
[70.436s] -- Symlinking: /home/kamal/projects/nexus/ros2_ws/install/champ_msgs/include/champ_msgs/champ_msgs/msg/detail/pose__type_support.hpp
[70.468s] -- Symlinking: /home/kamal/projects/nexus/ros2_ws/install/champ_msgs/include/champ_msgs/champ_msgs/msg/detail/velocities__builder.hpp
[70.502s] -- Symlinking: /home/kamal/projects/nexus/ros2_ws/install/champ_msgs/include/champ_msgs/champ_msgs/msg/detail/velocities__struct.hpp
[70.534s] -- Symlinking: /home/kamal/projects/nexus/ros2_ws/install/champ_msgs/include/champ_msgs/champ_msgs/msg/detail/velocities__traits.hpp
[70.566s] -- Symlinking: /home/kamal/projects/nexus/ros2_ws/install/champ_msgs/include/champ_msgs/champ_msgs/msg/detail/velocities__type_support.hpp
[70.599s] -- Symlinking: /home/kamal/projects/nexus/ros2_ws/install/champ_msgs/include/champ_msgs/champ_msgs/msg/imu.hpp
[70.632s] -- Symlinking: /home/kamal/projects/nexus/ros2_ws/install/champ_msgs/include/champ_msgs/champ_msgs/msg/joints.hpp
[70.664s] -- Symlinking: /home/kamal/projects/nexus/ros2_ws/install/champ_msgs/include/champ_msgs/champ_msgs/msg/pid.hpp
[70.696s] -- Symlinking: /home/kamal/projects/nexus/ros2_ws/install/champ_msgs/include/champ_msgs/champ_msgs/msg/point.hpp
[70.729s] -- Symlinking: /home/kamal/projects/nexus/ros2_ws/install/champ_msgs/include/champ_msgs/champ_msgs/msg/point_array.hpp
[70.761s] -- Symlinking: /home/kamal/projects/nexus/ros2_ws/install/champ_msgs/include/champ_msgs/champ_msgs/msg/pose.hpp
[70.793s] -- Symlinking: /home/kamal/projects/nexus/ros2_ws/install/champ_msgs/include/champ_msgs/champ_msgs/msg/rosidl_generator_cpp__visibility_control.hpp
[70.823s] -- Symlinking: /home/kamal/projects/nexus/ros2_ws/install/champ_msgs/include/champ_msgs/champ_msgs/msg/velocities.hpp
[70.854s] -- Symlinking: /home/kamal/projects/nexus/ros2_ws/install/champ_msgs/include/champ_msgs/champ_msgs/msg/detail/contacts__rosidl_typesupport_fastrtps_cpp.hpp
[70.884s] -- Symlinking: /home/kamal/projects/nexus/ros2_ws/install/champ_msgs/include/champ_msgs/champ_msgs/msg/detail/contacts_stamped__rosidl_typesupport_fastrtps_cpp.hpp
[70.913s] -- Symlinking: /home/kamal/projects/nexus/ros2_ws/install/champ_msgs/include/champ_msgs/champ_msgs/msg/detail/imu__rosidl_typesupport_fastrtps_cpp.hpp
[70.943s] -- Symlinking: /home/kamal/projects/nexus/ros2_ws/install/champ_msgs/include/champ_msgs/champ_msgs/msg/detail/joints__rosidl_typesupport_fastrtps_cpp.hpp
[70.973s] -- Symlinking: /home/kamal/projects/nexus/ros2_ws/install/champ_msgs/include/champ_msgs/champ_msgs/msg/detail/pid__rosidl_typesupport_fastrtps_cpp.hpp
[71.002s] -- Symlinking: /home/kamal/projects/nexus/ros2_ws/install/champ_msgs/include/champ_msgs/champ_msgs/msg/detail/point__rosidl_typesupport_fastrtps_cpp.hpp
[71.033s] -- Symlinking: /home/kamal/projects/nexus/ros2_ws/install/champ_msgs/include/champ_msgs/champ_msgs/msg/detail/point_array__rosidl_typesupport_fastrtps_cpp.hpp
[71.065s] -- Symlinking: /home/kamal/projects/nexus/ros2_ws/install/champ_msgs/include/champ_msgs/champ_msgs/msg/detail/pose__rosidl_typesupport_fastrtps_cpp.hpp
[71.098s] -- Symlinking: /home/kamal/projects/nexus/ros2_ws/install/champ_msgs/include/champ_msgs/champ_msgs/msg/detail/velocities__rosidl_typesupport_fastrtps_cpp.hpp
[71.132s] -- Symlinking: /home/kamal/projects/nexus/ros2_ws/install/champ_msgs/include/champ_msgs/champ_msgs/msg/rosidl_typesupport_fastrtps_cpp__visibility_control.h
[71.165s] -- Symlinking: /home/kamal/projects/nexus/ros2_ws/install/champ_msgs/include/champ_msgs/champ_msgs/msg/detail/contacts__rosidl_typesupport_introspection_cpp.hpp
[71.198s] -- Symlinking: /home/kamal/projects/nexus/ros2_ws/install/champ_msgs/include/champ_msgs/champ_msgs/msg/detail/contacts_stamped__rosidl_typesupport_introspection_cpp.hpp
[71.230s] -- Symlinking: /home/kamal/projects/nexus/ros2_ws/install/champ_msgs/include/champ_msgs/champ_msgs/msg/detail/imu__rosidl_typesupport_introspection_cpp.hpp
[71.264s] -- Symlinking: /home/kamal/projects/nexus/ros2_ws/install/champ_msgs/include/champ_msgs/champ_msgs/msg/detail/joints__rosidl_typesupport_introspection_cpp.hpp
[71.296s] -- Symlinking: /home/kamal/projects/nexus/ros2_ws/install/champ_msgs/include/champ_msgs/champ_msgs/msg/detail/pid__rosidl_typesupport_introspection_cpp.hpp
[71.329s] -- Symlinking: /home/kamal/projects/nexus/ros2_ws/install/champ_msgs/include/champ_msgs/champ_msgs/msg/detail/point__rosidl_typesupport_introspection_cpp.hpp
[71.361s] -- Symlinking: /home/kamal/projects/nexus/ros2_ws/install/champ_msgs/include/champ_msgs/champ_msgs/msg/detail/point_array__rosidl_typesupport_introspection_cpp.hpp
[71.394s] -- Symlinking: /home/kamal/projects/nexus/ros2_ws/install/champ_msgs/include/champ_msgs/champ_msgs/msg/detail/pose__rosidl_typesupport_introspection_cpp.hpp
[71.426s] -- Symlinking: /home/kamal/projects/nexus/ros2_ws/install/champ_msgs/include/champ_msgs/champ_msgs/msg/detail/velocities__rosidl_typesupport_introspection_cpp.hpp
[71.459s] -- Symlinking: /home/kamal/projects/nexus/ros2_ws/install/champ_msgs/share/champ_msgs/environment/pythonpath.sh
[71.494s] -- Symlinking: /home/kamal/projects/nexus/ros2_ws/install/champ_msgs/share/champ_msgs/environment/pythonpath.dsv
[71.528s] -- Symlinking: /home/kamal/projects/nexus/ros2_ws/install/champ_msgs/lib/python3.12/site-packages/champ_msgs-0.1.0-py3.12.egg-info/PKG-INFO
[71.560s] -- Symlinking: /home/kamal/projects/nexus/ros2_ws/install/champ_msgs/lib/python3.12/site-packages/champ_msgs-0.1.0-py3.12.egg-info/SOURCES.txt
[71.593s] -- Symlinking: /home/kamal/projects/nexus/ros2_ws/install/champ_msgs/lib/python3.12/site-packages/champ_msgs-0.1.0-py3.12.egg-info/dependency_links.txt
[71.625s] -- Symlinking: /home/kamal/projects/nexus/ros2_ws/install/champ_msgs/lib/python3.12/site-packages/champ_msgs-0.1.0-py3.12.egg-info/top_level.txt
[71.662s] -- Symlinking: /home/kamal/projects/nexus/ros2_ws/install/champ_msgs/lib/python3.12/site-packages/champ_msgs/__init__.py
[71.695s] -- Symlinking: /home/kamal/projects/nexus/ros2_ws/install/champ_msgs/lib/python3.12/site-packages/champ_msgs/_champ_msgs_s.ep.rosidl_typesupport_c.c
[71.727s] -- Symlinking: /home/kamal/projects/nexus/ros2_ws/install/champ_msgs/lib/python3.12/site-packages/champ_msgs/_champ_msgs_s.ep.rosidl_typesupport_fastrtps_c.c
[71.762s] -- Symlinking: /home/kamal/projects/nexus/ros2_ws/install/champ_msgs/lib/python3.12/site-packages/champ_msgs/_champ_msgs_s.ep.rosidl_typesupport_introspection_c.c
[71.793s] -- Symlinking: /home/kamal/projects/nexus/ros2_ws/install/champ_msgs/lib/python3.12/site-packages/champ_msgs/champ_msgs_s__rosidl_typesupport_c.so
[71.822s] -- Symlinking: /home/kamal/projects/nexus/ros2_ws/install/champ_msgs/lib/python3.12/site-packages/champ_msgs/champ_msgs_s__rosidl_typesupport_fastrtps_c.so
[71.851s] -- Symlinking: /home/kamal/projects/nexus/ros2_ws/install/champ_msgs/lib/python3.12/site-packages/champ_msgs/champ_msgs_s__rosidl_typesupport_introspection_c.so
[71.881s] -- Symlinking: /home/kamal/projects/nexus/ros2_ws/install/champ_msgs/lib/python3.12/site-packages/champ_msgs/msg/__init__.py
[71.910s] -- Symlinking: /home/kamal/projects/nexus/ros2_ws/install/champ_msgs/lib/python3.12/site-packages/champ_msgs/msg/_contacts.py
[71.939s] -- Symlinking: /home/kamal/projects/nexus/ros2_ws/install/champ_msgs/lib/python3.12/site-packages/champ_msgs/msg/_contacts_s.c
[71.971s] -- Symlinking: /home/kamal/projects/nexus/ros2_ws/install/champ_msgs/lib/python3.12/site-packages/champ_msgs/msg/_contacts_stamped.py
[72.000s] -- Symlinking: /home/kamal/projects/nexus/ros2_ws/install/champ_msgs/lib/python3.12/site-packages/champ_msgs/msg/_contacts_stamped_s.c
[72.030s] -- Symlinking: /home/kamal/projects/nexus/ros2_ws/install/champ_msgs/lib/python3.12/site-packages/champ_msgs/msg/_imu.py
[72.062s] -- Symlinking: /home/kamal/projects/nexus/ros2_ws/install/champ_msgs/lib/python3.12/site-packages/champ_msgs/msg/_imu_s.c
[72.094s] -- Symlinking: /home/kamal/projects/nexus/ros2_ws/install/champ_msgs/lib/python3.12/site-packages/champ_msgs/msg/_joints.py
[72.125s] -- Symlinking: /home/kamal/projects/nexus/ros2_ws/install/champ_msgs/lib/python3.12/site-packages/champ_msgs/msg/_joints_s.c
[72.158s] -- Symlinking: /home/kamal/projects/nexus/ros2_ws/install/champ_msgs/lib/python3.12/site-packages/champ_msgs/msg/_pid.py
[72.192s] -- Symlinking: /home/kamal/projects/nexus/ros2_ws/install/champ_msgs/lib/python3.12/site-packages/champ_msgs/msg/_pid_s.c
[72.224s] -- Symlinking: /home/kamal/projects/nexus/ros2_ws/install/champ_msgs/lib/python3.12/site-packages/champ_msgs/msg/_point.py
[72.263s] -- Symlinking: /home/kamal/projects/nexus/ros2_ws/install/champ_msgs/lib/python3.12/site-packages/champ_msgs/msg/_point_array.py
[72.295s] -- Symlinking: /home/kamal/projects/nexus/ros2_ws/install/champ_msgs/lib/python3.12/site-packages/champ_msgs/msg/_point_array_s.c
[72.327s] -- Symlinking: /home/kamal/projects/nexus/ros2_ws/install/champ_msgs/lib/python3.12/site-packages/champ_msgs/msg/_point_s.c
[72.360s] -- Symlinking: /home/kamal/projects/nexus/ros2_ws/install/champ_msgs/lib/python3.12/site-packages/champ_msgs/msg/_pose.py
[72.397s] -- Symlinking: /home/kamal/projects/nexus/ros2_ws/install/champ_msgs/lib/python3.12/site-packages/champ_msgs/msg/_pose_s.c
[72.428s] -- Symlinking: /home/kamal/projects/nexus/ros2_ws/install/champ_msgs/lib/python3.12/site-packages/champ_msgs/msg/_velocities.py
[72.460s] -- Symlinking: /home/kamal/projects/nexus/ros2_ws/install/champ_msgs/lib/python3.12/site-packages/champ_msgs/msg/_velocities_s.c
[72.493s] -- Up-to-date symlink: /home/kamal/projects/nexus/ros2_ws/install/champ_msgs/lib/python3.12/site-packages/champ_msgs/champ_msgs_s__rosidl_typesupport_fastrtps_c.so
[72.494s] -- Up-to-date symlink: /home/kamal/projects/nexus/ros2_ws/install/champ_msgs/lib/python3.12/site-packages/champ_msgs/champ_msgs_s__rosidl_typesupport_introspection_c.so
[72.495s] -- Up-to-date symlink: /home/kamal/projects/nexus/ros2_ws/install/champ_msgs/lib/python3.12/site-packages/champ_msgs/champ_msgs_s__rosidl_typesupport_c.so
[72.495s] -- Symlinking: /home/kamal/projects/nexus/ros2_ws/install/champ_msgs/share/ament_index/resource_index/rust_packages/champ_msgs
[72.529s] -- Symlinking: /home/kamal/projects/nexus/ros2_ws/install/champ_msgs/share/champ_msgs/rust/Cargo.toml
[72.561s] -- Symlinking: /home/kamal/projects/nexus/ros2_ws/install/champ_msgs/share/champ_msgs/rust/build.rs
[72.593s] -- Symlinking: /home/kamal/projects/nexus/ros2_ws/install/champ_msgs/share/champ_msgs/rust/src/lib.rs
[72.625s] -- Symlinking: /home/kamal/projects/nexus/ros2_ws/install/champ_msgs/share/champ_msgs/rust/src/msg.rs
[72.658s] -- Symlinking: /home/kamal/projects/nexus/ros2_ws/install/champ_msgs/share/champ_msgs/rust/src/msg/rmw.rs
[72.690s] -- Symlinking: /home/kamal/projects/nexus/ros2_ws/install/champ_msgs/share/champ_msgs/msg/Velocities.idl
[72.723s] -- Symlinking: /home/kamal/projects/nexus/ros2_ws/install/champ_msgs/share/champ_msgs/msg/PID.idl
[72.757s] -- Symlinking: /home/kamal/projects/nexus/ros2_ws/install/champ_msgs/share/champ_msgs/msg/Imu.idl
[72.789s] -- Symlinking: /home/kamal/projects/nexus/ros2_ws/install/champ_msgs/share/champ_msgs/msg/Point.idl
[72.818s] -- Symlinking: /home/kamal/projects/nexus/ros2_ws/install/champ_msgs/share/champ_msgs/msg/PointArray.idl
[72.848s] -- Symlinking: /home/kamal/projects/nexus/ros2_ws/install/champ_msgs/share/champ_msgs/msg/Joints.idl
[72.881s] -- Symlinking: /home/kamal/projects/nexus/ros2_ws/install/champ_msgs/share/champ_msgs/msg/Contacts.idl
[72.910s] -- Symlinking: /home/kamal/projects/nexus/ros2_ws/install/champ_msgs/share/champ_msgs/msg/ContactsStamped.idl
[72.940s] -- Symlinking: /home/kamal/projects/nexus/ros2_ws/install/champ_msgs/share/champ_msgs/msg/Pose.idl
[72.970s] -- Symlinking: /home/kamal/projects/nexus/ros2_ws/install/champ_msgs/share/champ_msgs/msg/Velocities.msg
[73.002s] -- Symlinking: /home/kamal/projects/nexus/ros2_ws/install/champ_msgs/share/champ_msgs/msg/PID.msg
[73.052s] -- Symlinking: /home/kamal/projects/nexus/ros2_ws/install/champ_msgs/share/champ_msgs/msg/Imu.msg
[73.119s] -- Symlinking: /home/kamal/projects/nexus/ros2_ws/install/champ_msgs/share/champ_msgs/msg/Point.msg
[73.161s] -- Symlinking: /home/kamal/projects/nexus/ros2_ws/install/champ_msgs/share/champ_msgs/msg/PointArray.msg
[73.197s] -- Symlinking: /home/kamal/projects/nexus/ros2_ws/install/champ_msgs/share/champ_msgs/msg/Joints.msg
[73.243s] -- Symlinking: /home/kamal/projects/nexus/ros2_ws/install/champ_msgs/share/champ_msgs/msg/Contacts.msg
[73.282s] -- Symlinking: /home/kamal/projects/nexus/ros2_ws/install/champ_msgs/share/champ_msgs/msg/ContactsStamped.msg
[73.319s] -- Symlinking: /home/kamal/projects/nexus/ros2_ws/install/champ_msgs/share/champ_msgs/msg/Pose.msg
[73.356s] -- Symlinking: /home/kamal/projects/nexus/ros2_ws/install/champ_msgs/share/ament_index/resource_index/package_run_dependencies/champ_msgs
[73.401s] -- Symlinking: /home/kamal/projects/nexus/ros2_ws/install/champ_msgs/share/ament_index/resource_index/parent_prefix_path/champ_msgs
[73.445s] -- Symlinking: /home/kamal/projects/nexus/ros2_ws/install/champ_msgs/share/champ_msgs/environment/ament_prefix_path.sh
[73.477s] -- Symlinking: /home/kamal/projects/nexus/ros2_ws/install/champ_msgs/share/champ_msgs/environment/ament_prefix_path.dsv
[73.509s] -- Symlinking: /home/kamal/projects/nexus/ros2_ws/install/champ_msgs/share/champ_msgs/environment/path.sh
[73.541s] -- Symlinking: /home/kamal/projects/nexus/ros2_ws/install/champ_msgs/share/champ_msgs/environment/path.dsv
[73.574s] -- Symlinking: /home/kamal/projects/nexus/ros2_ws/install/champ_msgs/share/champ_msgs/local_setup.bash
[73.607s] -- Symlinking: /home/kamal/projects/nexus/ros2_ws/install/champ_msgs/share/champ_msgs/local_setup.sh
[73.640s] -- Symlinking: /home/kamal/projects/nexus/ros2_ws/install/champ_msgs/share/champ_msgs/local_setup.zsh
[73.673s] -- Symlinking: /home/kamal/projects/nexus/ros2_ws/install/champ_msgs/share/champ_msgs/local_setup.dsv
[73.708s] -- Symlinking: /home/kamal/projects/nexus/ros2_ws/install/champ_msgs/share/champ_msgs/package.dsv
[73.742s] -- Symlinking: /home/kamal/projects/nexus/ros2_ws/install/champ_msgs/share/ament_index/resource_index/packages/champ_msgs
[73.776s] -- Symlinking: /home/kamal/projects/nexus/ros2_ws/install/champ_msgs/share/champ_msgs/cmake/rosidl_cmake-extras.cmake
[73.807s] -- Symlinking: /home/kamal/projects/nexus/ros2_ws/install/champ_msgs/share/champ_msgs/cmake/ament_cmake_export_dependencies-extras.cmake
[73.836s] -- Symlinking: /home/kamal/projects/nexus/ros2_ws/install/champ_msgs/share/champ_msgs/cmake/ament_cmake_export_include_directories-extras.cmake
[73.866s] -- Symlinking: /home/kamal/projects/nexus/ros2_ws/install/champ_msgs/share/champ_msgs/cmake/ament_cmake_export_libraries-extras.cmake
[73.895s] -- Symlinking: /home/kamal/projects/nexus/ros2_ws/install/champ_msgs/share/champ_msgs/cmake/ament_cmake_export_targets-extras.cmake
[73.924s] -- Symlinking: /home/kamal/projects/nexus/ros2_ws/install/champ_msgs/share/champ_msgs/cmake/rosidl_cmake_export_typesupport_targets-extras.cmake
[73.957s] -- Symlinking: /home/kamal/projects/nexus/ros2_ws/install/champ_msgs/share/champ_msgs/cmake/rosidl_cmake_export_typesupport_libraries-extras.cmake
[73.986s] -- Symlinking: /home/kamal/projects/nexus/ros2_ws/install/champ_msgs/share/champ_msgs/cmake/champ_msgsConfig.cmake
[74.019s] -- Symlinking: /home/kamal/projects/nexus/ros2_ws/install/champ_msgs/share/champ_msgs/cmake/champ_msgsConfig-version.cmake
[74.052s] -- Symlinking: /home/kamal/projects/nexus/ros2_ws/install/champ_msgs/share/champ_msgs/package.xml
[74.090s] -- Installing: /home/kamal/projects/nexus/ros2_ws/install/champ_msgs/lib/libchamp_msgs__rosidl_generator_c.so
[74.092s] -- Set non-toolchain portion of runtime path of "/home/kamal/projects/nexus/ros2_ws/install/champ_msgs/lib/libchamp_msgs__rosidl_generator_c.so" to ""
[74.093s] -- Installing: /home/kamal/projects/nexus/ros2_ws/install/champ_msgs/lib/libchamp_msgs__rosidl_typesupport_fastrtps_c.so
[74.094s] -- Set non-toolchain portion of runtime path of "/home/kamal/projects/nexus/ros2_ws/install/champ_msgs/lib/libchamp_msgs__rosidl_typesupport_fastrtps_c.so" to ""
[74.095s] -- Installing: /home/kamal/projects/nexus/ros2_ws/install/champ_msgs/lib/libchamp_msgs__rosidl_typesupport_introspection_c.so
[74.096s] -- Set non-toolchain portion of runtime path of "/home/kamal/projects/nexus/ros2_ws/install/champ_msgs/lib/libchamp_msgs__rosidl_typesupport_introspection_c.so" to ""
[74.096s] -- Installing: /home/kamal/projects/nexus/ros2_ws/install/champ_msgs/lib/libchamp_msgs__rosidl_typesupport_c.so
[74.097s] -- Set non-toolchain portion of runtime path of "/home/kamal/projects/nexus/ros2_ws/install/champ_msgs/lib/libchamp_msgs__rosidl_typesupport_c.so" to ""
[74.098s] -- Installing: /home/kamal/projects/nexus/ros2_ws/install/champ_msgs/lib/libchamp_msgs__rosidl_typesupport_fastrtps_cpp.so
[74.101s] -- Set non-toolchain portion of runtime path of "/home/kamal/projects/nexus/ros2_ws/install/champ_msgs/lib/libchamp_msgs__rosidl_typesupport_fastrtps_cpp.so" to ""
[74.102s] -- Installing: /home/kamal/projects/nexus/ros2_ws/install/champ_msgs/lib/libchamp_msgs__rosidl_typesupport_introspection_cpp.so
[74.105s] -- Set non-toolchain portion of runtime path of "/home/kamal/projects/nexus/ros2_ws/install/champ_msgs/lib/libchamp_msgs__rosidl_typesupport_introspection_cpp.so" to ""
[74.106s] -- Installing: /home/kamal/projects/nexus/ros2_ws/install/champ_msgs/lib/libchamp_msgs__rosidl_typesupport_cpp.so
[74.107s] -- Set non-toolchain portion of runtime path of "/home/kamal/projects/nexus/ros2_ws/install/champ_msgs/lib/libchamp_msgs__rosidl_typesupport_cpp.so" to ""
[74.335s] Listing '/home/kamal/projects/nexus/ros2_ws/install/champ_msgs/lib/python3.12/site-packages/champ_msgs'...
[74.336s] Compiling '/home/kamal/projects/nexus/ros2_ws/install/champ_msgs/lib/python3.12/site-packages/champ_msgs/__init__.py'...
[74.337s] Listing '/home/kamal/projects/nexus/ros2_ws/install/champ_msgs/lib/python3.12/site-packages/champ_msgs/msg'...
[74.337s] Compiling '/home/kamal/projects/nexus/ros2_ws/install/champ_msgs/lib/python3.12/site-packages/champ_msgs/msg/__init__.py'...
[74.338s] Compiling '/home/kamal/projects/nexus/ros2_ws/install/champ_msgs/lib/python3.12/site-packages/champ_msgs/msg/_contacts.py'...
[74.339s] Compiling '/home/kamal/projects/nexus/ros2_ws/install/champ_msgs/lib/python3.12/site-packages/champ_msgs/msg/_contacts_stamped.py'...
[74.340s] Compiling '/home/kamal/projects/nexus/ros2_ws/install/champ_msgs/lib/python3.12/site-packages/champ_msgs/msg/_imu.py'...
[74.340s] Compiling '/home/kamal/projects/nexus/ros2_ws/install/champ_msgs/lib/python3.12/site-packages/champ_msgs/msg/_joints.py'...
[74.340s] Compiling '/home/kamal/projects/nexus/ros2_ws/install/champ_msgs/lib/python3.12/site-packages/champ_msgs/msg/_pid.py'...
[74.341s] Compiling '/home/kamal/projects/nexus/ros2_ws/install/champ_msgs/lib/python3.12/site-packages/champ_msgs/msg/_point.py'...
[74.341s] Compiling '/home/kamal/projects/nexus/ros2_ws/install/champ_msgs/lib/python3.12/site-packages/champ_msgs/msg/_point_array.py'...
[74.343s] Compiling '/home/kamal/projects/nexus/ros2_ws/install/champ_msgs/lib/python3.12/site-packages/champ_msgs/msg/_pose.py'...
[74.343s] Compiling '/home/kamal/projects/nexus/ros2_ws/install/champ_msgs/lib/python3.12/site-packages/champ_msgs/msg/_velocities.py'...
[74.365s] -- Installing: /home/kamal/projects/nexus/ros2_ws/install/champ_msgs/lib/libchamp_msgs__rosidl_generator_py.so
[74.367s] -- Set non-toolchain portion of runtime path of "/home/kamal/projects/nexus/ros2_ws/install/champ_msgs/lib/libchamp_msgs__rosidl_generator_py.so" to ""
[74.368s] -- Installing: /home/kamal/projects/nexus/ros2_ws/install/champ_msgs/share/champ_msgs/cmake/export_champ_msgs__rosidl_generator_cExport.cmake
[74.369s] -- Installing: /home/kamal/projects/nexus/ros2_ws/install/champ_msgs/share/champ_msgs/cmake/export_champ_msgs__rosidl_generator_cExport-noconfig.cmake
[74.371s] -- Installing: /home/kamal/projects/nexus/ros2_ws/install/champ_msgs/share/champ_msgs/cmake/export_champ_msgs__rosidl_typesupport_fastrtps_cExport.cmake
[74.372s] -- Installing: /home/kamal/projects/nexus/ros2_ws/install/champ_msgs/share/champ_msgs/cmake/export_champ_msgs__rosidl_typesupport_fastrtps_cExport-noconfig.cmake
[74.374s] -- Installing: /home/kamal/projects/nexus/ros2_ws/install/champ_msgs/share/champ_msgs/cmake/champ_msgs__rosidl_typesupport_introspection_cExport.cmake
[74.375s] -- Installing: /home/kamal/projects/nexus/ros2_ws/install/champ_msgs/share/champ_msgs/cmake/champ_msgs__rosidl_typesupport_introspection_cExport-noconfig.cmake
[74.376s] -- Installing: /home/kamal/projects/nexus/ros2_ws/install/champ_msgs/share/champ_msgs/cmake/champ_msgs__rosidl_typesupport_cExport.cmake
[74.377s] -- Installing: /home/kamal/projects/nexus/ros2_ws/install/champ_msgs/share/champ_msgs/cmake/champ_msgs__rosidl_typesupport_cExport-noconfig.cmake
[74.378s] -- Installing: /home/kamal/projects/nexus/ros2_ws/install/champ_msgs/share/champ_msgs/cmake/export_champ_msgs__rosidl_generator_cppExport.cmake
[74.378s] -- Installing: /home/kamal/projects/nexus/ros2_ws/install/champ_msgs/share/champ_msgs/cmake/export_champ_msgs__rosidl_typesupport_fastrtps_cppExport.cmake
[74.379s] -- Installing: /home/kamal/projects/nexus/ros2_ws/install/champ_msgs/share/champ_msgs/cmake/export_champ_msgs__rosidl_typesupport_fastrtps_cppExport-noconfig.cmake
[74.379s] -- Installing: /home/kamal/projects/nexus/ros2_ws/install/champ_msgs/share/champ_msgs/cmake/champ_msgs__rosidl_typesupport_introspection_cppExport.cmake
[74.379s] -- Installing: /home/kamal/projects/nexus/ros2_ws/install/champ_msgs/share/champ_msgs/cmake/champ_msgs__rosidl_typesupport_introspection_cppExport-noconfig.cmake
[74.380s] -- Installing: /home/kamal/projects/nexus/ros2_ws/install/champ_msgs/share/champ_msgs/cmake/champ_msgs__rosidl_typesupport_cppExport.cmake
[74.380s] -- Installing: /home/kamal/projects/nexus/ros2_ws/install/champ_msgs/share/champ_msgs/cmake/champ_msgs__rosidl_typesupport_cppExport-noconfig.cmake
[74.380s] -- Installing: /home/kamal/projects/nexus/ros2_ws/install/champ_msgs/share/champ_msgs/cmake/export_champ_msgs__rosidl_generator_pyExport.cmake
[74.381s] -- Installing: /home/kamal/projects/nexus/ros2_ws/install/champ_msgs/share/champ_msgs/cmake/export_champ_msgs__rosidl_generator_pyExport-noconfig.cmake
[74.384s] Invoked command in '/home/kamal/projects/nexus/ros2_ws/build/champ_msgs' returned '0': CMAKE_PREFIX_PATH=${CMAKE_PREFIX_PATH}:/opt/ros/jazzy DEBUGINFOD_URLS=https://debuginfod.ubuntu.com /usr/bin/cmake --install /home/kamal/projects/nexus/ros2_ws/build/champ_msgs
